[35m[1mConsolidate compiler generated dependencies of target dracon_msgs__rosidl_generator_c[0m
[  1%] Built target dracon_msgs__cpp
[ 12%] Built target dracon_msgs__rosidl_generator_c
[ 12%] Built target ament_cmake_python_copy_dracon_msgs
[35m[1mConsolidate compiler generated dependencies of target dracon_msgs__rosidl_typesupport_cpp[0m
[35m[1mConsolidate compiler generated dependencies of target dracon_msgs__rosidl_typesupport_c[0m
[35m[1mConsolidate compiler generated dependencies of target dracon_msgs__rosidl_typesupport_introspection_c[0m
[35m[1mConsolidate compiler generated dependencies of target dracon_msgs__rosidl_typesupport_fastrtps_c[0m
[35m[1mConsolidate compiler generated dependencies of target dracon_msgs__rosidl_typesupport_fastrtps_cpp[0m
[35m[1mConsolidate compiler generated dependencies of target dracon_msgs__rosidl_typesupport_introspection_cpp[0m
[ 24%] Built target dracon_msgs__rosidl_typesupport_introspection_c
[ 35%] Built target dracon_msgs__rosidl_typesupport_c
[ 46%] Built target dracon_msgs__rosidl_typesupport_cpp
[ 58%] Built target dracon_msgs__rosidl_typesupport_fastrtps_cpp
[ 69%] Built target dracon_msgs__rosidl_typesupport_fastrtps_c
[ 81%] Built target dracon_msgs__rosidl_typesupport_introspection_cpp
[ 81%] Built target dracon_msgs
[ 82%] Built target dracon_msgs__py
[35m[1mConsolidate compiler generated dependencies of target dracon_msgs__rosidl_generator_py[0m
[ 92%] Built target dracon_msgs__rosidl_generator_py
[35m[1mConsolidate compiler generated dependencies of target dracon_msgs__rosidl_typesupport_fastrtps_c__pyext[0m
[35m[1mConsolidate compiler generated dependencies of target dracon_msgs__rosidl_typesupport_introspection_c__pyext[0m
[35m[1mConsolidate compiler generated dependencies of target dracon_msgs__rosidl_typesupport_c__pyext[0m
[ 94%] Built target dracon_msgs__rosidl_typesupport_introspection_c__pyext
[ 98%] Built target dracon_msgs__rosidl_typesupport_fastrtps_c__pyext
[100%] Built target dracon_msgs__rosidl_typesupport_c__pyext
running egg_info
writing dracon_msgs.egg-info/PKG-INFO
writing dependency_links to dracon_msgs.egg-info/dependency_links.txt
writing top-level names to dracon_msgs.egg-info/top_level.txt
reading manifest file 'dracon_msgs.egg-info/SOURCES.txt'
writing manifest file 'dracon_msgs.egg-info/SOURCES.txt'
[100%] Built target ament_cmake_python_build_dracon_msgs_egg
-- Install configuration: ""
-- Up-to-date: /home/venator/pil/dirac/pibt_ws/install/dracon_msgs/share/ament_index/resource_index/rosidl_interfaces/dracon_msgs
-- Up-to-date: /home/venator/pil/dirac/pibt_ws/install/dracon_msgs/include/dracon_msgs/dracon_msgs
-- Up-to-date: /home/venator/pil/dirac/pibt_ws/install/dracon_msgs/include/dracon_msgs/dracon_msgs/msg
-- Up-to-date: /home/venator/pil/dirac/pibt_ws/install/dracon_msgs/include/dracon_msgs/dracon_msgs/msg/job_assignment_table.h
-- Up-to-date: /home/venator/pil/dirac/pibt_ws/install/dracon_msgs/include/dracon_msgs/dracon_msgs/msg/job_list.h
-- Up-to-date: /home/venator/pil/dirac/pibt_ws/install/dracon_msgs/include/dracon_msgs/dracon_msgs/msg/job_assignment.h
-- Up-to-date: /home/venator/pil/dirac/pibt_ws/install/dracon_msgs/include/dracon_msgs/dracon_msgs/msg/job.h
-- Up-to-date: /home/venator/pil/dirac/pibt_ws/install/dracon_msgs/include/dracon_msgs/dracon_msgs/msg/detail
-- Up-to-date: /home/venator/pil/dirac/pibt_ws/install/dracon_msgs/include/dracon_msgs/dracon_msgs/msg/detail/job_status__functions.h
-- Up-to-date: /home/venator/pil/dirac/pibt_ws/install/dracon_msgs/include/dracon_msgs/dracon_msgs/msg/detail/job_cost__functions.c
-- Up-to-date: /home/venator/pil/dirac/pibt_ws/install/dracon_msgs/include/dracon_msgs/dracon_msgs/msg/detail/job_list__type_support.h
-- Up-to-date: /home/venator/pil/dirac/pibt_ws/install/dracon_msgs/include/dracon_msgs/dracon_msgs/msg/detail/job_cost_table__functions.h
-- Up-to-date: /home/venator/pil/dirac/pibt_ws/install/dracon_msgs/include/dracon_msgs/dracon_msgs/msg/detail/job_assignment__functions.c
-- Up-to-date: /home/venator/pil/dirac/pibt_ws/install/dracon_msgs/include/dracon_msgs/dracon_msgs/msg/detail/job_cost_table__struct.h
-- Up-to-date: /home/venator/pil/dirac/pibt_ws/install/dracon_msgs/include/dracon_msgs/dracon_msgs/msg/detail/job_list__functions.h
-- Up-to-date: /home/venator/pil/dirac/pibt_ws/install/dracon_msgs/include/dracon_msgs/dracon_msgs/msg/detail/job_assignment_table__struct.h
-- Up-to-date: /home/venator/pil/dirac/pibt_ws/install/dracon_msgs/include/dracon_msgs/dracon_msgs/msg/detail/job__functions.c
-- Up-to-date: /home/venator/pil/dirac/pibt_ws/install/dracon_msgs/include/dracon_msgs/dracon_msgs/msg/detail/job_list__functions.c
-- Up-to-date: /home/venator/pil/dirac/pibt_ws/install/dracon_msgs/include/dracon_msgs/dracon_msgs/msg/detail/job_assignment__struct.h
-- Up-to-date: /home/venator/pil/dirac/pibt_ws/install/dracon_msgs/include/dracon_msgs/dracon_msgs/msg/detail/job__functions.h
-- Up-to-date: /home/venator/pil/dirac/pibt_ws/install/dracon_msgs/include/dracon_msgs/dracon_msgs/msg/detail/job_status__type_support.h
-- Up-to-date: /home/venator/pil/dirac/pibt_ws/install/dracon_msgs/include/dracon_msgs/dracon_msgs/msg/detail/job_cost__functions.h
-- Up-to-date: /home/venator/pil/dirac/pibt_ws/install/dracon_msgs/include/dracon_msgs/dracon_msgs/msg/detail/job_cost__type_support.h
-- Up-to-date: /home/venator/pil/dirac/pibt_ws/install/dracon_msgs/include/dracon_msgs/dracon_msgs/msg/detail/job_cost_table__type_support.h
-- Up-to-date: /home/venator/pil/dirac/pibt_ws/install/dracon_msgs/include/dracon_msgs/dracon_msgs/msg/detail/job_assignment_table__type_support.h
-- Up-to-date: /home/venator/pil/dirac/pibt_ws/install/dracon_msgs/include/dracon_msgs/dracon_msgs/msg/detail/job_assignment_table__functions.h
-- Up-to-date: /home/venator/pil/dirac/pibt_ws/install/dracon_msgs/include/dracon_msgs/dracon_msgs/msg/detail/job__type_support.h
-- Up-to-date: /home/venator/pil/dirac/pibt_ws/install/dracon_msgs/include/dracon_msgs/dracon_msgs/msg/detail/job_list__struct.h
-- Up-to-date: /home/venator/pil/dirac/pibt_ws/install/dracon_msgs/include/dracon_msgs/dracon_msgs/msg/detail/job_cost__struct.h
-- Up-to-date: /home/venator/pil/dirac/pibt_ws/install/dracon_msgs/include/dracon_msgs/dracon_msgs/msg/detail/job_assignment__type_support.h
-- Up-to-date: /home/venator/pil/dirac/pibt_ws/install/dracon_msgs/include/dracon_msgs/dracon_msgs/msg/detail/job__struct.h
-- Up-to-date: /home/venator/pil/dirac/pibt_ws/install/dracon_msgs/include/dracon_msgs/dracon_msgs/msg/detail/job_status__struct.h
-- Up-to-date: /home/venator/pil/dirac/pibt_ws/install/dracon_msgs/include/dracon_msgs/dracon_msgs/msg/detail/job_assignment_table__functions.c
-- Up-to-date: /home/venator/pil/dirac/pibt_ws/install/dracon_msgs/include/dracon_msgs/dracon_msgs/msg/detail/job_cost_table__functions.c
-- Up-to-date: /home/venator/pil/dirac/pibt_ws/install/dracon_msgs/include/dracon_msgs/dracon_msgs/msg/detail/job_assignment__functions.h
-- Up-to-date: /home/venator/pil/dirac/pibt_ws/install/dracon_msgs/include/dracon_msgs/dracon_msgs/msg/detail/job_status__functions.c
-- Up-to-date: /home/venator/pil/dirac/pibt_ws/install/dracon_msgs/include/dracon_msgs/dracon_msgs/msg/job_status.h
-- Up-to-date: /home/venator/pil/dirac/pibt_ws/install/dracon_msgs/include/dracon_msgs/dracon_msgs/msg/job_cost_table.h
-- Up-to-date: /home/venator/pil/dirac/pibt_ws/install/dracon_msgs/include/dracon_msgs/dracon_msgs/msg/job_cost.h
-- Up-to-date: /home/venator/pil/dirac/pibt_ws/install/dracon_msgs/include/dracon_msgs/dracon_msgs/msg/rosidl_generator_c__visibility_control.h
-- Up-to-date: /home/venator/pil/dirac/pibt_ws/install/dracon_msgs/share/dracon_msgs/environment/library_path.sh
-- Up-to-date: /home/venator/pil/dirac/pibt_ws/install/dracon_msgs/share/dracon_msgs/environment/library_path.dsv
-- Up-to-date: /home/venator/pil/dirac/pibt_ws/install/dracon_msgs/lib/libdracon_msgs__rosidl_generator_c.so
-- Up-to-date: /home/venator/pil/dirac/pibt_ws/install/dracon_msgs/include/dracon_msgs/dracon_msgs
-- Up-to-date: /home/venator/pil/dirac/pibt_ws/install/dracon_msgs/include/dracon_msgs/dracon_msgs/msg
-- Up-to-date: /home/venator/pil/dirac/pibt_ws/install/dracon_msgs/include/dracon_msgs/dracon_msgs/msg/rosidl_typesupport_fastrtps_c__visibility_control.h
-- Up-to-date: /home/venator/pil/dirac/pibt_ws/install/dracon_msgs/include/dracon_msgs/dracon_msgs/msg/detail
-- Up-to-date: /home/venator/pil/dirac/pibt_ws/install/dracon_msgs/include/dracon_msgs/dracon_msgs/msg/detail/job_status__rosidl_typesupport_fastrtps_c.h
-- Up-to-date: /home/venator/pil/dirac/pibt_ws/install/dracon_msgs/include/dracon_msgs/dracon_msgs/msg/detail/job_assignment_table__rosidl_typesupport_fastrtps_c.h
-- Up-to-date: /home/venator/pil/dirac/pibt_ws/install/dracon_msgs/include/dracon_msgs/dracon_msgs/msg/detail/job__rosidl_typesupport_fastrtps_c.h
-- Up-to-date: /home/venator/pil/dirac/pibt_ws/install/dracon_msgs/include/dracon_msgs/dracon_msgs/msg/detail/job_assignment__rosidl_typesupport_fastrtps_c.h
-- Up-to-date: /home/venator/pil/dirac/pibt_ws/install/dracon_msgs/include/dracon_msgs/dracon_msgs/msg/detail/job_list__rosidl_typesupport_fastrtps_c.h
-- Up-to-date: /home/venator/pil/dirac/pibt_ws/install/dracon_msgs/include/dracon_msgs/dracon_msgs/msg/detail/job_cost_table__rosidl_typesupport_fastrtps_c.h
-- Up-to-date: /home/venator/pil/dirac/pibt_ws/install/dracon_msgs/include/dracon_msgs/dracon_msgs/msg/detail/job_cost__rosidl_typesupport_fastrtps_c.h
-- Up-to-date: /home/venator/pil/dirac/pibt_ws/install/dracon_msgs/lib/libdracon_msgs__rosidl_typesupport_fastrtps_c.so
-- Up-to-date: /home/venator/pil/dirac/pibt_ws/install/dracon_msgs/include/dracon_msgs/dracon_msgs
-- Up-to-date: /home/venator/pil/dirac/pibt_ws/install/dracon_msgs/include/dracon_msgs/dracon_msgs/msg
-- Up-to-date: /home/venator/pil/dirac/pibt_ws/install/dracon_msgs/include/dracon_msgs/dracon_msgs/msg/detail
-- Up-to-date: /home/venator/pil/dirac/pibt_ws/install/dracon_msgs/include/dracon_msgs/dracon_msgs/msg/detail/job_list__type_support.c
-- Up-to-date: /home/venator/pil/dirac/pibt_ws/install/dracon_msgs/include/dracon_msgs/dracon_msgs/msg/detail/job_assignment__type_support.c
-- Up-to-date: /home/venator/pil/dirac/pibt_ws/install/dracon_msgs/include/dracon_msgs/dracon_msgs/msg/detail/job_cost_table__type_support.c
-- Up-to-date: /home/venator/pil/dirac/pibt_ws/install/dracon_msgs/include/dracon_msgs/dracon_msgs/msg/detail/job_assignment_table__rosidl_typesupport_introspection_c.h
-- Up-to-date: /home/venator/pil/dirac/pibt_ws/install/dracon_msgs/include/dracon_msgs/dracon_msgs/msg/detail/job_status__type_support.c
-- Up-to-date: /home/venator/pil/dirac/pibt_ws/install/dracon_msgs/include/dracon_msgs/dracon_msgs/msg/detail/job_assignment__rosidl_typesupport_introspection_c.h
-- Up-to-date: /home/venator/pil/dirac/pibt_ws/install/dracon_msgs/include/dracon_msgs/dracon_msgs/msg/detail/job_cost_table__rosidl_typesupport_introspection_c.h
-- Up-to-date: /home/venator/pil/dirac/pibt_ws/install/dracon_msgs/include/dracon_msgs/dracon_msgs/msg/detail/job__type_support.c
-- Up-to-date: /home/venator/pil/dirac/pibt_ws/install/dracon_msgs/include/dracon_msgs/dracon_msgs/msg/detail/job_assignment_table__type_support.c
-- Up-to-date: /home/venator/pil/dirac/pibt_ws/install/dracon_msgs/include/dracon_msgs/dracon_msgs/msg/detail/job_status__rosidl_typesupport_introspection_c.h
-- Up-to-date: /home/venator/pil/dirac/pibt_ws/install/dracon_msgs/include/dracon_msgs/dracon_msgs/msg/detail/job_cost__type_support.c
-- Up-to-date: /home/venator/pil/dirac/pibt_ws/install/dracon_msgs/include/dracon_msgs/dracon_msgs/msg/detail/job__rosidl_typesupport_introspection_c.h
-- Up-to-date: /home/venator/pil/dirac/pibt_ws/install/dracon_msgs/include/dracon_msgs/dracon_msgs/msg/detail/job_cost__rosidl_typesupport_introspection_c.h
-- Up-to-date: /home/venator/pil/dirac/pibt_ws/install/dracon_msgs/include/dracon_msgs/dracon_msgs/msg/detail/job_list__rosidl_typesupport_introspection_c.h
-- Up-to-date: /home/venator/pil/dirac/pibt_ws/install/dracon_msgs/include/dracon_msgs/dracon_msgs/msg/rosidl_typesupport_introspection_c__visibility_control.h
-- Up-to-date: /home/venator/pil/dirac/pibt_ws/install/dracon_msgs/lib/libdracon_msgs__rosidl_typesupport_introspection_c.so
-- Up-to-date: /home/venator/pil/dirac/pibt_ws/install/dracon_msgs/lib/libdracon_msgs__rosidl_typesupport_c.so
-- Up-to-date: /home/venator/pil/dirac/pibt_ws/install/dracon_msgs/include/dracon_msgs/dracon_msgs
-- Up-to-date: /home/venator/pil/dirac/pibt_ws/install/dracon_msgs/include/dracon_msgs/dracon_msgs/msg
-- Up-to-date: /home/venator/pil/dirac/pibt_ws/install/dracon_msgs/include/dracon_msgs/dracon_msgs/msg/job_cost_table.hpp
-- Up-to-date: /home/venator/pil/dirac/pibt_ws/install/dracon_msgs/include/dracon_msgs/dracon_msgs/msg/job_status.hpp
-- Up-to-date: /home/venator/pil/dirac/pibt_ws/install/dracon_msgs/include/dracon_msgs/dracon_msgs/msg/detail
-- Up-to-date: /home/venator/pil/dirac/pibt_ws/install/dracon_msgs/include/dracon_msgs/dracon_msgs/msg/detail/job_assignment_table__struct.hpp
-- Up-to-date: /home/venator/pil/dirac/pibt_ws/install/dracon_msgs/include/dracon_msgs/dracon_msgs/msg/detail/job_cost__traits.hpp
-- Up-to-date: /home/venator/pil/dirac/pibt_ws/install/dracon_msgs/include/dracon_msgs/dracon_msgs/msg/detail/job_cost_table__traits.hpp
-- Up-to-date: /home/venator/pil/dirac/pibt_ws/install/dracon_msgs/include/dracon_msgs/dracon_msgs/msg/detail/job_status__type_support.hpp
-- Up-to-date: /home/venator/pil/dirac/pibt_ws/install/dracon_msgs/include/dracon_msgs/dracon_msgs/msg/detail/job_list__traits.hpp
-- Up-to-date: /home/venator/pil/dirac/pibt_ws/install/dracon_msgs/include/dracon_msgs/dracon_msgs/msg/detail/job_cost_table__type_support.hpp
-- Up-to-date: /home/venator/pil/dirac/pibt_ws/install/dracon_msgs/include/dracon_msgs/dracon_msgs/msg/detail/job_assignment__traits.hpp
-- Up-to-date: /home/venator/pil/dirac/pibt_ws/install/dracon_msgs/include/dracon_msgs/dracon_msgs/msg/detail/job_status__struct.hpp
-- Up-to-date: /home/venator/pil/dirac/pibt_ws/install/dracon_msgs/include/dracon_msgs/dracon_msgs/msg/detail/job_cost_table__struct.hpp
-- Up-to-date: /home/venator/pil/dirac/pibt_ws/install/dracon_msgs/include/dracon_msgs/dracon_msgs/msg/detail/job_status__traits.hpp
-- Up-to-date: /home/venator/pil/dirac/pibt_ws/install/dracon_msgs/include/dracon_msgs/dracon_msgs/msg/detail/job_list__struct.hpp
-- Up-to-date: /home/venator/pil/dirac/pibt_ws/install/dracon_msgs/include/dracon_msgs/dracon_msgs/msg/detail/job__type_support.hpp
-- Up-to-date: /home/venator/pil/dirac/pibt_ws/install/dracon_msgs/include/dracon_msgs/dracon_msgs/msg/detail/job_assignment_table__type_support.hpp
-- Up-to-date: /home/venator/pil/dirac/pibt_ws/install/dracon_msgs/include/dracon_msgs/dracon_msgs/msg/detail/job_cost__struct.hpp
-- Up-to-date: /home/venator/pil/dirac/pibt_ws/install/dracon_msgs/include/dracon_msgs/dracon_msgs/msg/detail/job_assignment__type_support.hpp
-- Up-to-date: /home/venator/pil/dirac/pibt_ws/install/dracon_msgs/include/dracon_msgs/dracon_msgs/msg/detail/job_assignment__builder.hpp
-- Up-to-date: /home/venator/pil/dirac/pibt_ws/install/dracon_msgs/include/dracon_msgs/dracon_msgs/msg/detail/job_list__type_support.hpp
-- Up-to-date: /home/venator/pil/dirac/pibt_ws/install/dracon_msgs/include/dracon_msgs/dracon_msgs/msg/detail/job__traits.hpp
-- Up-to-date: /home/venator/pil/dirac/pibt_ws/install/dracon_msgs/include/dracon_msgs/dracon_msgs/msg/detail/job_cost__builder.hpp
-- Up-to-date: /home/venator/pil/dirac/pibt_ws/install/dracon_msgs/include/dracon_msgs/dracon_msgs/msg/detail/job_status__builder.hpp
-- Up-to-date: /home/venator/pil/dirac/pibt_ws/install/dracon_msgs/include/dracon_msgs/dracon_msgs/msg/detail/job__builder.hpp
-- Up-to-date: /home/venator/pil/dirac/pibt_ws/install/dracon_msgs/include/dracon_msgs/dracon_msgs/msg/detail/job_assignment_table__traits.hpp
-- Up-to-date: /home/venator/pil/dirac/pibt_ws/install/dracon_msgs/include/dracon_msgs/dracon_msgs/msg/detail/job_assignment__struct.hpp
-- Up-to-date: /home/venator/pil/dirac/pibt_ws/install/dracon_msgs/include/dracon_msgs/dracon_msgs/msg/detail/job_cost__type_support.hpp
-- Up-to-date: /home/venator/pil/dirac/pibt_ws/install/dracon_msgs/include/dracon_msgs/dracon_msgs/msg/detail/job__struct.hpp
-- Up-to-date: /home/venator/pil/dirac/pibt_ws/install/dracon_msgs/include/dracon_msgs/dracon_msgs/msg/detail/job_list__builder.hpp
-- Up-to-date: /home/venator/pil/dirac/pibt_ws/install/dracon_msgs/include/dracon_msgs/dracon_msgs/msg/detail/job_assignment_table__builder.hpp
-- Up-to-date: /home/venator/pil/dirac/pibt_ws/install/dracon_msgs/include/dracon_msgs/dracon_msgs/msg/detail/job_cost_table__builder.hpp
-- Up-to-date: /home/venator/pil/dirac/pibt_ws/install/dracon_msgs/include/dracon_msgs/dracon_msgs/msg/job_assignment_table.hpp
-- Up-to-date: /home/venator/pil/dirac/pibt_ws/install/dracon_msgs/include/dracon_msgs/dracon_msgs/msg/rosidl_generator_cpp__visibility_control.hpp
-- Up-to-date: /home/venator/pil/dirac/pibt_ws/install/dracon_msgs/include/dracon_msgs/dracon_msgs/msg/job_list.hpp
-- Up-to-date: /home/venator/pil/dirac/pibt_ws/install/dracon_msgs/include/dracon_msgs/dracon_msgs/msg/job_assignment.hpp
-- Up-to-date: /home/venator/pil/dirac/pibt_ws/install/dracon_msgs/include/dracon_msgs/dracon_msgs/msg/job.hpp
-- Up-to-date: /home/venator/pil/dirac/pibt_ws/install/dracon_msgs/include/dracon_msgs/dracon_msgs/msg/job_cost.hpp
-- Up-to-date: /home/venator/pil/dirac/pibt_ws/install/dracon_msgs/include/dracon_msgs/dracon_msgs
-- Up-to-date: /home/venator/pil/dirac/pibt_ws/install/dracon_msgs/include/dracon_msgs/dracon_msgs/msg
-- Up-to-date: /home/venator/pil/dirac/pibt_ws/install/dracon_msgs/include/dracon_msgs/dracon_msgs/msg/rosidl_typesupport_fastrtps_cpp__visibility_control.h
-- Up-to-date: /home/venator/pil/dirac/pibt_ws/install/dracon_msgs/include/dracon_msgs/dracon_msgs/msg/detail
-- Up-to-date: /home/venator/pil/dirac/pibt_ws/install/dracon_msgs/include/dracon_msgs/dracon_msgs/msg/detail/job_cost_table__rosidl_typesupport_fastrtps_cpp.hpp
-- Up-to-date: /home/venator/pil/dirac/pibt_ws/install/dracon_msgs/include/dracon_msgs/dracon_msgs/msg/detail/job_cost__rosidl_typesupport_fastrtps_cpp.hpp
-- Up-to-date: /home/venator/pil/dirac/pibt_ws/install/dracon_msgs/include/dracon_msgs/dracon_msgs/msg/detail/job_status__rosidl_typesupport_fastrtps_cpp.hpp
-- Up-to-date: /home/venator/pil/dirac/pibt_ws/install/dracon_msgs/include/dracon_msgs/dracon_msgs/msg/detail/job__rosidl_typesupport_fastrtps_cpp.hpp
-- Up-to-date: /home/venator/pil/dirac/pibt_ws/install/dracon_msgs/include/dracon_msgs/dracon_msgs/msg/detail/dds_fastrtps
-- Up-to-date: /home/venator/pil/dirac/pibt_ws/install/dracon_msgs/include/dracon_msgs/dracon_msgs/msg/detail/job_list__rosidl_typesupport_fastrtps_cpp.hpp
-- Up-to-date: /home/venator/pil/dirac/pibt_ws/install/dracon_msgs/include/dracon_msgs/dracon_msgs/msg/detail/job_assignment_table__rosidl_typesupport_fastrtps_cpp.hpp
-- Up-to-date: /home/venator/pil/dirac/pibt_ws/install/dracon_msgs/include/dracon_msgs/dracon_msgs/msg/detail/job_assignment__rosidl_typesupport_fastrtps_cpp.hpp
-- Up-to-date: /home/venator/pil/dirac/pibt_ws/install/dracon_msgs/lib/libdracon_msgs__rosidl_typesupport_fastrtps_cpp.so
-- Up-to-date: /home/venator/pil/dirac/pibt_ws/install/dracon_msgs/include/dracon_msgs/dracon_msgs
-- Up-to-date: /home/venator/pil/dirac/pibt_ws/install/dracon_msgs/include/dracon_msgs/dracon_msgs/msg
-- Up-to-date: /home/venator/pil/dirac/pibt_ws/install/dracon_msgs/include/dracon_msgs/dracon_msgs/msg/detail
-- Up-to-date: /home/venator/pil/dirac/pibt_ws/install/dracon_msgs/include/dracon_msgs/dracon_msgs/msg/detail/job_status__rosidl_typesupport_introspection_cpp.hpp
-- Up-to-date: /home/venator/pil/dirac/pibt_ws/install/dracon_msgs/include/dracon_msgs/dracon_msgs/msg/detail/job_assignment_table__rosidl_typesupport_introspection_cpp.hpp
-- Up-to-date: /home/venator/pil/dirac/pibt_ws/install/dracon_msgs/include/dracon_msgs/dracon_msgs/msg/detail/job_cost_table__type_support.cpp
-- Up-to-date: /home/venator/pil/dirac/pibt_ws/install/dracon_msgs/include/dracon_msgs/dracon_msgs/msg/detail/job__rosidl_typesupport_introspection_cpp.hpp
-- Up-to-date: /home/venator/pil/dirac/pibt_ws/install/dracon_msgs/include/dracon_msgs/dracon_msgs/msg/detail/job__type_support.cpp
-- Up-to-date: /home/venator/pil/dirac/pibt_ws/install/dracon_msgs/include/dracon_msgs/dracon_msgs/msg/detail/job_cost__rosidl_typesupport_introspection_cpp.hpp
-- Up-to-date: /home/venator/pil/dirac/pibt_ws/install/dracon_msgs/include/dracon_msgs/dracon_msgs/msg/detail/job_assignment_table__type_support.cpp
-- Up-to-date: /home/venator/pil/dirac/pibt_ws/install/dracon_msgs/include/dracon_msgs/dracon_msgs/msg/detail/job_list__type_support.cpp
-- Up-to-date: /home/venator/pil/dirac/pibt_ws/install/dracon_msgs/include/dracon_msgs/dracon_msgs/msg/detail/job_assignment__type_support.cpp
-- Up-to-date: /home/venator/pil/dirac/pibt_ws/install/dracon_msgs/include/dracon_msgs/dracon_msgs/msg/detail/job_list__rosidl_typesupport_introspection_cpp.hpp
-- Up-to-date: /home/venator/pil/dirac/pibt_ws/install/dracon_msgs/include/dracon_msgs/dracon_msgs/msg/detail/job_assignment__rosidl_typesupport_introspection_cpp.hpp
-- Up-to-date: /home/venator/pil/dirac/pibt_ws/install/dracon_msgs/include/dracon_msgs/dracon_msgs/msg/detail/job_cost__type_support.cpp
-- Up-to-date: /home/venator/pil/dirac/pibt_ws/install/dracon_msgs/include/dracon_msgs/dracon_msgs/msg/detail/job_status__type_support.cpp
-- Up-to-date: /home/venator/pil/dirac/pibt_ws/install/dracon_msgs/include/dracon_msgs/dracon_msgs/msg/detail/job_cost_table__rosidl_typesupport_introspection_cpp.hpp
-- Up-to-date: /home/venator/pil/dirac/pibt_ws/install/dracon_msgs/lib/libdracon_msgs__rosidl_typesupport_introspection_cpp.so
-- Up-to-date: /home/venator/pil/dirac/pibt_ws/install/dracon_msgs/lib/libdracon_msgs__rosidl_typesupport_cpp.so
-- Up-to-date: /home/venator/pil/dirac/pibt_ws/install/dracon_msgs/share/dracon_msgs/environment/pythonpath.sh
-- Up-to-date: /home/venator/pil/dirac/pibt_ws/install/dracon_msgs/share/dracon_msgs/environment/pythonpath.dsv
-- Up-to-date: /home/venator/pil/dirac/pibt_ws/install/dracon_msgs/local/lib/python3.10/dist-packages/dracon_msgs-0.0.0-py3.10.egg-info
-- Installing: /home/venator/pil/dirac/pibt_ws/install/dracon_msgs/local/lib/python3.10/dist-packages/dracon_msgs-0.0.0-py3.10.egg-info/top_level.txt
-- Installing: /home/venator/pil/dirac/pibt_ws/install/dracon_msgs/local/lib/python3.10/dist-packages/dracon_msgs-0.0.0-py3.10.egg-info/dependency_links.txt
-- Installing: /home/venator/pil/dirac/pibt_ws/install/dracon_msgs/local/lib/python3.10/dist-packages/dracon_msgs-0.0.0-py3.10.egg-info/PKG-INFO
-- Installing: /home/venator/pil/dirac/pibt_ws/install/dracon_msgs/local/lib/python3.10/dist-packages/dracon_msgs-0.0.0-py3.10.egg-info/SOURCES.txt
-- Up-to-date: /home/venator/pil/dirac/pibt_ws/install/dracon_msgs/local/lib/python3.10/dist-packages/dracon_msgs
-- Up-to-date: /home/venator/pil/dirac/pibt_ws/install/dracon_msgs/local/lib/python3.10/dist-packages/dracon_msgs/_dracon_msgs_s.ep.rosidl_typesupport_c.c
-- Up-to-date: /home/venator/pil/dirac/pibt_ws/install/dracon_msgs/local/lib/python3.10/dist-packages/dracon_msgs/msg
-- Up-to-date: /home/venator/pil/dirac/pibt_ws/install/dracon_msgs/local/lib/python3.10/dist-packages/dracon_msgs/msg/_job_status_s.c
-- Up-to-date: /home/venator/pil/dirac/pibt_ws/install/dracon_msgs/local/lib/python3.10/dist-packages/dracon_msgs/msg/_job_assignment_s.c
-- Up-to-date: /home/venator/pil/dirac/pibt_ws/install/dracon_msgs/local/lib/python3.10/dist-packages/dracon_msgs/msg/_job_list_s.c
-- Up-to-date: /home/venator/pil/dirac/pibt_ws/install/dracon_msgs/local/lib/python3.10/dist-packages/dracon_msgs/msg/_job.py
-- Up-to-date: /home/venator/pil/dirac/pibt_ws/install/dracon_msgs/local/lib/python3.10/dist-packages/dracon_msgs/msg/_job_cost.py
-- Up-to-date: /home/venator/pil/dirac/pibt_ws/install/dracon_msgs/local/lib/python3.10/dist-packages/dracon_msgs/msg/__init__.py
-- Up-to-date: /home/venator/pil/dirac/pibt_ws/install/dracon_msgs/local/lib/python3.10/dist-packages/dracon_msgs/msg/_job_assignment.py
-- Up-to-date: /home/venator/pil/dirac/pibt_ws/install/dracon_msgs/local/lib/python3.10/dist-packages/dracon_msgs/msg/_job_cost_table.py
-- Up-to-date: /home/venator/pil/dirac/pibt_ws/install/dracon_msgs/local/lib/python3.10/dist-packages/dracon_msgs/msg/_job_s.c
-- Up-to-date: /home/venator/pil/dirac/pibt_ws/install/dracon_msgs/local/lib/python3.10/dist-packages/dracon_msgs/msg/_job_list.py
-- Up-to-date: /home/venator/pil/dirac/pibt_ws/install/dracon_msgs/local/lib/python3.10/dist-packages/dracon_msgs/msg/_job_cost_table_s.c
-- Up-to-date: /home/venator/pil/dirac/pibt_ws/install/dracon_msgs/local/lib/python3.10/dist-packages/dracon_msgs/msg/_job_assignment_table.py
-- Up-to-date: /home/venator/pil/dirac/pibt_ws/install/dracon_msgs/local/lib/python3.10/dist-packages/dracon_msgs/msg/_job_status.py
-- Up-to-date: /home/venator/pil/dirac/pibt_ws/install/dracon_msgs/local/lib/python3.10/dist-packages/dracon_msgs/msg/_job_assignment_table_s.c
-- Up-to-date: /home/venator/pil/dirac/pibt_ws/install/dracon_msgs/local/lib/python3.10/dist-packages/dracon_msgs/msg/_job_cost_s.c
-- Up-to-date: /home/venator/pil/dirac/pibt_ws/install/dracon_msgs/local/lib/python3.10/dist-packages/dracon_msgs/__init__.py
-- Up-to-date: /home/venator/pil/dirac/pibt_ws/install/dracon_msgs/local/lib/python3.10/dist-packages/dracon_msgs/dracon_msgs_s__rosidl_typesupport_introspection_c.cpython-310-x86_64-linux-gnu.so
-- Up-to-date: /home/venator/pil/dirac/pibt_ws/install/dracon_msgs/local/lib/python3.10/dist-packages/dracon_msgs/libdracon_msgs__rosidl_generator_py.so
-- Up-to-date: /home/venator/pil/dirac/pibt_ws/install/dracon_msgs/local/lib/python3.10/dist-packages/dracon_msgs/dracon_msgs_s__rosidl_typesupport_c.cpython-310-x86_64-linux-gnu.so
-- Up-to-date: /home/venator/pil/dirac/pibt_ws/install/dracon_msgs/local/lib/python3.10/dist-packages/dracon_msgs/dracon_msgs_s__rosidl_typesupport_fastrtps_c.cpython-310-x86_64-linux-gnu.so
-- Up-to-date: /home/venator/pil/dirac/pibt_ws/install/dracon_msgs/local/lib/python3.10/dist-packages/dracon_msgs/_dracon_msgs_s.ep.rosidl_typesupport_introspection_c.c
-- Up-to-date: /home/venator/pil/dirac/pibt_ws/install/dracon_msgs/local/lib/python3.10/dist-packages/dracon_msgs/_dracon_msgs_s.ep.rosidl_typesupport_fastrtps_c.c
Listing '/home/venator/pil/dirac/pibt_ws/install/dracon_msgs/local/lib/python3.10/dist-packages/dracon_msgs'...
Listing '/home/venator/pil/dirac/pibt_ws/install/dracon_msgs/local/lib/python3.10/dist-packages/dracon_msgs/msg'...
-- Up-to-date: /home/venator/pil/dirac/pibt_ws/install/dracon_msgs/local/lib/python3.10/dist-packages/dracon_msgs/dracon_msgs_s__rosidl_typesupport_fastrtps_c.cpython-310-x86_64-linux-gnu.so
-- Up-to-date: /home/venator/pil/dirac/pibt_ws/install/dracon_msgs/local/lib/python3.10/dist-packages/dracon_msgs/dracon_msgs_s__rosidl_typesupport_introspection_c.cpython-310-x86_64-linux-gnu.so
-- Up-to-date: /home/venator/pil/dirac/pibt_ws/install/dracon_msgs/local/lib/python3.10/dist-packages/dracon_msgs/dracon_msgs_s__rosidl_typesupport_c.cpython-310-x86_64-linux-gnu.so
-- Up-to-date: /home/venator/pil/dirac/pibt_ws/install/dracon_msgs/lib/libdracon_msgs__rosidl_generator_py.so
-- Up-to-date: /home/venator/pil/dirac/pibt_ws/install/dracon_msgs/share/dracon_msgs/msg/Job.idl
-- Up-to-date: /home/venator/pil/dirac/pibt_ws/install/dracon_msgs/share/dracon_msgs/msg/JobList.idl
-- Up-to-date: /home/venator/pil/dirac/pibt_ws/install/dracon_msgs/share/dracon_msgs/msg/JobCost.idl
-- Up-to-date: /home/venator/pil/dirac/pibt_ws/install/dracon_msgs/share/dracon_msgs/msg/JobCostTable.idl
-- Up-to-date: /home/venator/pil/dirac/pibt_ws/install/dracon_msgs/share/dracon_msgs/msg/JobAssignment.idl
-- Up-to-date: /home/venator/pil/dirac/pibt_ws/install/dracon_msgs/share/dracon_msgs/msg/JobAssignmentTable.idl
-- Up-to-date: /home/venator/pil/dirac/pibt_ws/install/dracon_msgs/share/dracon_msgs/msg/JobStatus.idl
-- Up-to-date: /home/venator/pil/dirac/pibt_ws/install/dracon_msgs/share/dracon_msgs/msg/Job.msg
-- Up-to-date: /home/venator/pil/dirac/pibt_ws/install/dracon_msgs/share/dracon_msgs/msg/JobList.msg
-- Up-to-date: /home/venator/pil/dirac/pibt_ws/install/dracon_msgs/share/dracon_msgs/msg/JobCost.msg
-- Up-to-date: /home/venator/pil/dirac/pibt_ws/install/dracon_msgs/share/dracon_msgs/msg/JobCostTable.msg
-- Up-to-date: /home/venator/pil/dirac/pibt_ws/install/dracon_msgs/share/dracon_msgs/msg/JobAssignment.msg
-- Up-to-date: /home/venator/pil/dirac/pibt_ws/install/dracon_msgs/share/dracon_msgs/msg/JobAssignmentTable.msg
-- Up-to-date: /home/venator/pil/dirac/pibt_ws/install/dracon_msgs/share/dracon_msgs/msg/JobStatus.msg
-- Up-to-date: /home/venator/pil/dirac/pibt_ws/install/dracon_msgs/share/ament_index/resource_index/package_run_dependencies/dracon_msgs
-- Up-to-date: /home/venator/pil/dirac/pibt_ws/install/dracon_msgs/share/ament_index/resource_index/parent_prefix_path/dracon_msgs
-- Up-to-date: /home/venator/pil/dirac/pibt_ws/install/dracon_msgs/share/dracon_msgs/environment/ament_prefix_path.sh
-- Up-to-date: /home/venator/pil/dirac/pibt_ws/install/dracon_msgs/share/dracon_msgs/environment/ament_prefix_path.dsv
-- Up-to-date: /home/venator/pil/dirac/pibt_ws/install/dracon_msgs/share/dracon_msgs/environment/path.sh
-- Up-to-date: /home/venator/pil/dirac/pibt_ws/install/dracon_msgs/share/dracon_msgs/environment/path.dsv
-- Up-to-date: /home/venator/pil/dirac/pibt_ws/install/dracon_msgs/share/dracon_msgs/local_setup.bash
-- Up-to-date: /home/venator/pil/dirac/pibt_ws/install/dracon_msgs/share/dracon_msgs/local_setup.sh
-- Up-to-date: /home/venator/pil/dirac/pibt_ws/install/dracon_msgs/share/dracon_msgs/local_setup.zsh
-- Up-to-date: /home/venator/pil/dirac/pibt_ws/install/dracon_msgs/share/dracon_msgs/local_setup.dsv
-- Installing: /home/venator/pil/dirac/pibt_ws/install/dracon_msgs/share/dracon_msgs/package.dsv
-- Up-to-date: /home/venator/pil/dirac/pibt_ws/install/dracon_msgs/share/ament_index/resource_index/packages/dracon_msgs
-- Up-to-date: /home/venator/pil/dirac/pibt_ws/install/dracon_msgs/share/dracon_msgs/cmake/export_dracon_msgs__rosidl_generator_cExport.cmake
-- Up-to-date: /home/venator/pil/dirac/pibt_ws/install/dracon_msgs/share/dracon_msgs/cmake/export_dracon_msgs__rosidl_generator_cExport-noconfig.cmake
-- Up-to-date: /home/venator/pil/dirac/pibt_ws/install/dracon_msgs/share/dracon_msgs/cmake/export_dracon_msgs__rosidl_typesupport_fastrtps_cExport.cmake
-- Up-to-date: /home/venator/pil/dirac/pibt_ws/install/dracon_msgs/share/dracon_msgs/cmake/export_dracon_msgs__rosidl_typesupport_fastrtps_cExport-noconfig.cmake
-- Up-to-date: /home/venator/pil/dirac/pibt_ws/install/dracon_msgs/share/dracon_msgs/cmake/dracon_msgs__rosidl_typesupport_introspection_cExport.cmake
-- Up-to-date: /home/venator/pil/dirac/pibt_ws/install/dracon_msgs/share/dracon_msgs/cmake/dracon_msgs__rosidl_typesupport_introspection_cExport-noconfig.cmake
-- Up-to-date: /home/venator/pil/dirac/pibt_ws/install/dracon_msgs/share/dracon_msgs/cmake/dracon_msgs__rosidl_typesupport_cExport.cmake
-- Up-to-date: /home/venator/pil/dirac/pibt_ws/install/dracon_msgs/share/dracon_msgs/cmake/dracon_msgs__rosidl_typesupport_cExport-noconfig.cmake
-- Up-to-date: /home/venator/pil/dirac/pibt_ws/install/dracon_msgs/share/dracon_msgs/cmake/export_dracon_msgs__rosidl_generator_cppExport.cmake
-- Up-to-date: /home/venator/pil/dirac/pibt_ws/install/dracon_msgs/share/dracon_msgs/cmake/export_dracon_msgs__rosidl_typesupport_fastrtps_cppExport.cmake
-- Up-to-date: /home/venator/pil/dirac/pibt_ws/install/dracon_msgs/share/dracon_msgs/cmake/export_dracon_msgs__rosidl_typesupport_fastrtps_cppExport-noconfig.cmake
-- Up-to-date: /home/venator/pil/dirac/pibt_ws/install/dracon_msgs/share/dracon_msgs/cmake/dracon_msgs__rosidl_typesupport_introspection_cppExport.cmake
-- Up-to-date: /home/venator/pil/dirac/pibt_ws/install/dracon_msgs/share/dracon_msgs/cmake/dracon_msgs__rosidl_typesupport_introspection_cppExport-noconfig.cmake
-- Up-to-date: /home/venator/pil/dirac/pibt_ws/install/dracon_msgs/share/dracon_msgs/cmake/dracon_msgs__rosidl_typesupport_cppExport.cmake
-- Up-to-date: /home/venator/pil/dirac/pibt_ws/install/dracon_msgs/share/dracon_msgs/cmake/dracon_msgs__rosidl_typesupport_cppExport-noconfig.cmake
-- Up-to-date: /home/venator/pil/dirac/pibt_ws/install/dracon_msgs/share/dracon_msgs/cmake/export_dracon_msgs__rosidl_generator_pyExport.cmake
-- Up-to-date: /home/venator/pil/dirac/pibt_ws/install/dracon_msgs/share/dracon_msgs/cmake/export_dracon_msgs__rosidl_generator_pyExport-noconfig.cmake
-- Up-to-date: /home/venator/pil/dirac/pibt_ws/install/dracon_msgs/share/dracon_msgs/cmake/rosidl_cmake-extras.cmake
-- Up-to-date: /home/venator/pil/dirac/pibt_ws/install/dracon_msgs/share/dracon_msgs/cmake/ament_cmake_export_dependencies-extras.cmake
-- Up-to-date: /home/venator/pil/dirac/pibt_ws/install/dracon_msgs/share/dracon_msgs/cmake/ament_cmake_export_include_directories-extras.cmake
-- Up-to-date: /home/venator/pil/dirac/pibt_ws/install/dracon_msgs/share/dracon_msgs/cmake/ament_cmake_export_libraries-extras.cmake
-- Up-to-date: /home/venator/pil/dirac/pibt_ws/install/dracon_msgs/share/dracon_msgs/cmake/ament_cmake_export_targets-extras.cmake
-- Up-to-date: /home/venator/pil/dirac/pibt_ws/install/dracon_msgs/share/dracon_msgs/cmake/rosidl_cmake_export_typesupport_targets-extras.cmake
-- Up-to-date: /home/venator/pil/dirac/pibt_ws/install/dracon_msgs/share/dracon_msgs/cmake/rosidl_cmake_export_typesupport_libraries-extras.cmake
-- Up-to-date: /home/venator/pil/dirac/pibt_ws/install/dracon_msgs/share/dracon_msgs/cmake/dracon_msgsConfig.cmake
-- Up-to-date: /home/venator/pil/dirac/pibt_ws/install/dracon_msgs/share/dracon_msgs/cmake/dracon_msgsConfig-version.cmake
-- Up-to-date: /home/venator/pil/dirac/pibt_ws/install/dracon_msgs/share/dracon_msgs/package.xml
