[0.013s] Invoking command in '/home/venator/pil/dirac/pibt_ws/build/dracon_msgs': CMAKE_PREFIX_PATH=/opt/ros/humble:${CMAKE_PREFIX_PATH} /usr/bin/cmake --build /home/venator/pil/dirac/pibt_ws/build/dracon_msgs -- -j6 -l6
[0.082s] [35m[1mConsolidate compiler generated dependencies of target dracon_msgs__rosidl_generator_c[0m
[0.101s] [  1%] Built target dracon_msgs__cpp
[0.107s] [ 12%] Built target dracon_msgs__rosidl_generator_c
[0.112s] [ 12%] Built target ament_cmake_python_copy_dracon_msgs
[0.160s] [35m[1mConsolidate compiler generated dependencies of target dracon_msgs__rosidl_typesupport_cpp[0m
[0.165s] [35m[1mConsolidate compiler generated dependencies of target dracon_msgs__rosidl_typesupport_c[0m
[0.172s] [35m[1mConsolidate compiler generated dependencies of target dracon_msgs__rosidl_typesupport_introspection_c[0m
[0.183s] [35m[1mConsolidate compiler generated dependencies of target dracon_msgs__rosidl_typesupport_fastrtps_c[0m
[0.183s] [35m[1mConsolidate compiler generated dependencies of target dracon_msgs__rosidl_typesupport_fastrtps_cpp[0m
[0.183s] [35m[1mConsolidate compiler generated dependencies of target dracon_msgs__rosidl_typesupport_introspection_cpp[0m
[0.213s] [ 24%] Built target dracon_msgs__rosidl_typesupport_introspection_c
[0.214s] [ 35%] Built target dracon_msgs__rosidl_typesupport_c
[0.218s] [ 46%] Built target dracon_msgs__rosidl_typesupport_cpp
[0.234s] [ 58%] Built target dracon_msgs__rosidl_typesupport_fastrtps_cpp
[0.235s] [ 69%] Built target dracon_msgs__rosidl_typesupport_fastrtps_c
[0.237s] [ 81%] Built target dracon_msgs__rosidl_typesupport_introspection_cpp
[0.271s] [ 81%] Built target dracon_msgs
[0.301s] [ 82%] Built target dracon_msgs__py
[0.320s] [35m[1mConsolidate compiler generated dependencies of target dracon_msgs__rosidl_generator_py[0m
[0.339s] [ 92%] Built target dracon_msgs__rosidl_generator_py
[0.362s] [35m[1mConsolidate compiler generated dependencies of target dracon_msgs__rosidl_typesupport_fastrtps_c__pyext[0m
[0.362s] [35m[1mConsolidate compiler generated dependencies of target dracon_msgs__rosidl_typesupport_introspection_c__pyext[0m
[0.362s] [35m[1mConsolidate compiler generated dependencies of target dracon_msgs__rosidl_typesupport_c__pyext[0m
[0.383s] [ 94%] Built target dracon_msgs__rosidl_typesupport_introspection_c__pyext
[0.386s] [ 98%] Built target dracon_msgs__rosidl_typesupport_fastrtps_c__pyext
[0.386s] [100%] Built target dracon_msgs__rosidl_typesupport_c__pyext
[0.406s] running egg_info
[0.407s] writing dracon_msgs.egg-info/PKG-INFO
[0.407s] writing dependency_links to dracon_msgs.egg-info/dependency_links.txt
[0.407s] writing top-level names to dracon_msgs.egg-info/top_level.txt
[0.408s] reading manifest file 'dracon_msgs.egg-info/SOURCES.txt'
[0.409s] writing manifest file 'dracon_msgs.egg-info/SOURCES.txt'
[0.438s] [100%] Built target ament_cmake_python_build_dracon_msgs_egg
[0.449s] Invoked command in '/home/venator/pil/dirac/pibt_ws/build/dracon_msgs' returned '0': CMAKE_PREFIX_PATH=/opt/ros/humble:${CMAKE_PREFIX_PATH} /usr/bin/cmake --build /home/venator/pil/dirac/pibt_ws/build/dracon_msgs -- -j6 -l6
[0.450s] Invoking command in '/home/venator/pil/dirac/pibt_ws/build/dracon_msgs': CMAKE_PREFIX_PATH=/opt/ros/humble:${CMAKE_PREFIX_PATH} /usr/bin/cmake --install /home/venator/pil/dirac/pibt_ws/build/dracon_msgs
[0.458s] -- Install configuration: ""
[0.458s] -- Up-to-date: /home/venator/pil/dirac/pibt_ws/install/dracon_msgs/share/ament_index/resource_index/rosidl_interfaces/dracon_msgs
[0.458s] -- Up-to-date: /home/venator/pil/dirac/pibt_ws/install/dracon_msgs/include/dracon_msgs/dracon_msgs
[0.458s] -- Up-to-date: /home/venator/pil/dirac/pibt_ws/install/dracon_msgs/include/dracon_msgs/dracon_msgs/msg
[0.458s] -- Up-to-date: /home/venator/pil/dirac/pibt_ws/install/dracon_msgs/include/dracon_msgs/dracon_msgs/msg/job_assignment_table.h
[0.458s] -- Up-to-date: /home/venator/pil/dirac/pibt_ws/install/dracon_msgs/include/dracon_msgs/dracon_msgs/msg/job_list.h
[0.458s] -- Up-to-date: /home/venator/pil/dirac/pibt_ws/install/dracon_msgs/include/dracon_msgs/dracon_msgs/msg/job_assignment.h
[0.458s] -- Up-to-date: /home/venator/pil/dirac/pibt_ws/install/dracon_msgs/include/dracon_msgs/dracon_msgs/msg/job.h
[0.458s] -- Up-to-date: /home/venator/pil/dirac/pibt_ws/install/dracon_msgs/include/dracon_msgs/dracon_msgs/msg/detail
[0.458s] -- Up-to-date: /home/venator/pil/dirac/pibt_ws/install/dracon_msgs/include/dracon_msgs/dracon_msgs/msg/detail/job_status__functions.h
[0.458s] -- Up-to-date: /home/venator/pil/dirac/pibt_ws/install/dracon_msgs/include/dracon_msgs/dracon_msgs/msg/detail/job_cost__functions.c
[0.458s] -- Up-to-date: /home/venator/pil/dirac/pibt_ws/install/dracon_msgs/include/dracon_msgs/dracon_msgs/msg/detail/job_list__type_support.h
[0.458s] -- Up-to-date: /home/venator/pil/dirac/pibt_ws/install/dracon_msgs/include/dracon_msgs/dracon_msgs/msg/detail/job_cost_table__functions.h
[0.458s] -- Up-to-date: /home/venator/pil/dirac/pibt_ws/install/dracon_msgs/include/dracon_msgs/dracon_msgs/msg/detail/job_assignment__functions.c
[0.459s] -- Up-to-date: /home/venator/pil/dirac/pibt_ws/install/dracon_msgs/include/dracon_msgs/dracon_msgs/msg/detail/job_cost_table__struct.h
[0.459s] -- Up-to-date: /home/venator/pil/dirac/pibt_ws/install/dracon_msgs/include/dracon_msgs/dracon_msgs/msg/detail/job_list__functions.h
[0.459s] -- Up-to-date: /home/venator/pil/dirac/pibt_ws/install/dracon_msgs/include/dracon_msgs/dracon_msgs/msg/detail/job_assignment_table__struct.h
[0.459s] -- Up-to-date: /home/venator/pil/dirac/pibt_ws/install/dracon_msgs/include/dracon_msgs/dracon_msgs/msg/detail/job__functions.c
[0.459s] -- Up-to-date: /home/venator/pil/dirac/pibt_ws/install/dracon_msgs/include/dracon_msgs/dracon_msgs/msg/detail/job_list__functions.c
[0.459s] -- Up-to-date: /home/venator/pil/dirac/pibt_ws/install/dracon_msgs/include/dracon_msgs/dracon_msgs/msg/detail/job_assignment__struct.h
[0.459s] -- Up-to-date: /home/venator/pil/dirac/pibt_ws/install/dracon_msgs/include/dracon_msgs/dracon_msgs/msg/detail/job__functions.h
[0.459s] -- Up-to-date: /home/venator/pil/dirac/pibt_ws/install/dracon_msgs/include/dracon_msgs/dracon_msgs/msg/detail/job_status__type_support.h
[0.459s] -- Up-to-date: /home/venator/pil/dirac/pibt_ws/install/dracon_msgs/include/dracon_msgs/dracon_msgs/msg/detail/job_cost__functions.h
[0.459s] -- Up-to-date: /home/venator/pil/dirac/pibt_ws/install/dracon_msgs/include/dracon_msgs/dracon_msgs/msg/detail/job_cost__type_support.h
[0.459s] -- Up-to-date: /home/venator/pil/dirac/pibt_ws/install/dracon_msgs/include/dracon_msgs/dracon_msgs/msg/detail/job_cost_table__type_support.h
[0.459s] -- Up-to-date: /home/venator/pil/dirac/pibt_ws/install/dracon_msgs/include/dracon_msgs/dracon_msgs/msg/detail/job_assignment_table__type_support.h
[0.459s] -- Up-to-date: /home/venator/pil/dirac/pibt_ws/install/dracon_msgs/include/dracon_msgs/dracon_msgs/msg/detail/job_assignment_table__functions.h
[0.459s] -- Up-to-date: /home/venator/pil/dirac/pibt_ws/install/dracon_msgs/include/dracon_msgs/dracon_msgs/msg/detail/job__type_support.h
[0.459s] -- Up-to-date: /home/venator/pil/dirac/pibt_ws/install/dracon_msgs/include/dracon_msgs/dracon_msgs/msg/detail/job_list__struct.h
[0.459s] -- Up-to-date: /home/venator/pil/dirac/pibt_ws/install/dracon_msgs/include/dracon_msgs/dracon_msgs/msg/detail/job_cost__struct.h
[0.459s] -- Up-to-date: /home/venator/pil/dirac/pibt_ws/install/dracon_msgs/include/dracon_msgs/dracon_msgs/msg/detail/job_assignment__type_support.h
[0.459s] -- Up-to-date: /home/venator/pil/dirac/pibt_ws/install/dracon_msgs/include/dracon_msgs/dracon_msgs/msg/detail/job__struct.h
[0.459s] -- Up-to-date: /home/venator/pil/dirac/pibt_ws/install/dracon_msgs/include/dracon_msgs/dracon_msgs/msg/detail/job_status__struct.h
[0.459s] -- Up-to-date: /home/venator/pil/dirac/pibt_ws/install/dracon_msgs/include/dracon_msgs/dracon_msgs/msg/detail/job_assignment_table__functions.c
[0.459s] -- Up-to-date: /home/venator/pil/dirac/pibt_ws/install/dracon_msgs/include/dracon_msgs/dracon_msgs/msg/detail/job_cost_table__functions.c
[0.459s] -- Up-to-date: /home/venator/pil/dirac/pibt_ws/install/dracon_msgs/include/dracon_msgs/dracon_msgs/msg/detail/job_assignment__functions.h
[0.459s] -- Up-to-date: /home/venator/pil/dirac/pibt_ws/install/dracon_msgs/include/dracon_msgs/dracon_msgs/msg/detail/job_status__functions.c
[0.459s] -- Up-to-date: /home/venator/pil/dirac/pibt_ws/install/dracon_msgs/include/dracon_msgs/dracon_msgs/msg/job_status.h
[0.460s] -- Up-to-date: /home/venator/pil/dirac/pibt_ws/install/dracon_msgs/include/dracon_msgs/dracon_msgs/msg/job_cost_table.h
[0.460s] -- Up-to-date: /home/venator/pil/dirac/pibt_ws/install/dracon_msgs/include/dracon_msgs/dracon_msgs/msg/job_cost.h
[0.460s] -- Up-to-date: /home/venator/pil/dirac/pibt_ws/install/dracon_msgs/include/dracon_msgs/dracon_msgs/msg/rosidl_generator_c__visibility_control.h
[0.460s] -- Up-to-date: /home/venator/pil/dirac/pibt_ws/install/dracon_msgs/share/dracon_msgs/environment/library_path.sh
[0.460s] -- Up-to-date: /home/venator/pil/dirac/pibt_ws/install/dracon_msgs/share/dracon_msgs/environment/library_path.dsv
[0.460s] -- Up-to-date: /home/venator/pil/dirac/pibt_ws/install/dracon_msgs/lib/libdracon_msgs__rosidl_generator_c.so
[0.460s] -- Up-to-date: /home/venator/pil/dirac/pibt_ws/install/dracon_msgs/include/dracon_msgs/dracon_msgs
[0.460s] -- Up-to-date: /home/venator/pil/dirac/pibt_ws/install/dracon_msgs/include/dracon_msgs/dracon_msgs/msg
[0.460s] -- Up-to-date: /home/venator/pil/dirac/pibt_ws/install/dracon_msgs/include/dracon_msgs/dracon_msgs/msg/rosidl_typesupport_fastrtps_c__visibility_control.h
[0.460s] -- Up-to-date: /home/venator/pil/dirac/pibt_ws/install/dracon_msgs/include/dracon_msgs/dracon_msgs/msg/detail
[0.460s] -- Up-to-date: /home/venator/pil/dirac/pibt_ws/install/dracon_msgs/include/dracon_msgs/dracon_msgs/msg/detail/job_status__rosidl_typesupport_fastrtps_c.h
[0.460s] -- Up-to-date: /home/venator/pil/dirac/pibt_ws/install/dracon_msgs/include/dracon_msgs/dracon_msgs/msg/detail/job_assignment_table__rosidl_typesupport_fastrtps_c.h
[0.460s] -- Up-to-date: /home/venator/pil/dirac/pibt_ws/install/dracon_msgs/include/dracon_msgs/dracon_msgs/msg/detail/job__rosidl_typesupport_fastrtps_c.h
[0.460s] -- Up-to-date: /home/venator/pil/dirac/pibt_ws/install/dracon_msgs/include/dracon_msgs/dracon_msgs/msg/detail/job_assignment__rosidl_typesupport_fastrtps_c.h
[0.460s] -- Up-to-date: /home/venator/pil/dirac/pibt_ws/install/dracon_msgs/include/dracon_msgs/dracon_msgs/msg/detail/job_list__rosidl_typesupport_fastrtps_c.h
[0.460s] -- Up-to-date: /home/venator/pil/dirac/pibt_ws/install/dracon_msgs/include/dracon_msgs/dracon_msgs/msg/detail/job_cost_table__rosidl_typesupport_fastrtps_c.h
[0.460s] -- Up-to-date: /home/venator/pil/dirac/pibt_ws/install/dracon_msgs/include/dracon_msgs/dracon_msgs/msg/detail/job_cost__rosidl_typesupport_fastrtps_c.h
[0.460s] -- Up-to-date: /home/venator/pil/dirac/pibt_ws/install/dracon_msgs/lib/libdracon_msgs__rosidl_typesupport_fastrtps_c.so
[0.460s] -- Up-to-date: /home/venator/pil/dirac/pibt_ws/install/dracon_msgs/include/dracon_msgs/dracon_msgs
[0.460s] -- Up-to-date: /home/venator/pil/dirac/pibt_ws/install/dracon_msgs/include/dracon_msgs/dracon_msgs/msg
[0.460s] -- Up-to-date: /home/venator/pil/dirac/pibt_ws/install/dracon_msgs/include/dracon_msgs/dracon_msgs/msg/detail
[0.460s] -- Up-to-date: /home/venator/pil/dirac/pibt_ws/install/dracon_msgs/include/dracon_msgs/dracon_msgs/msg/detail/job_list__type_support.c
[0.460s] -- Up-to-date: /home/venator/pil/dirac/pibt_ws/install/dracon_msgs/include/dracon_msgs/dracon_msgs/msg/detail/job_assignment__type_support.c
[0.460s] -- Up-to-date: /home/venator/pil/dirac/pibt_ws/install/dracon_msgs/include/dracon_msgs/dracon_msgs/msg/detail/job_cost_table__type_support.c
[0.461s] -- Up-to-date: /home/venator/pil/dirac/pibt_ws/install/dracon_msgs/include/dracon_msgs/dracon_msgs/msg/detail/job_assignment_table__rosidl_typesupport_introspection_c.h
[0.461s] -- Up-to-date: /home/venator/pil/dirac/pibt_ws/install/dracon_msgs/include/dracon_msgs/dracon_msgs/msg/detail/job_status__type_support.c
[0.461s] -- Up-to-date: /home/venator/pil/dirac/pibt_ws/install/dracon_msgs/include/dracon_msgs/dracon_msgs/msg/detail/job_assignment__rosidl_typesupport_introspection_c.h
[0.461s] -- Up-to-date: /home/venator/pil/dirac/pibt_ws/install/dracon_msgs/include/dracon_msgs/dracon_msgs/msg/detail/job_cost_table__rosidl_typesupport_introspection_c.h
[0.461s] -- Up-to-date: /home/venator/pil/dirac/pibt_ws/install/dracon_msgs/include/dracon_msgs/dracon_msgs/msg/detail/job__type_support.c
[0.461s] -- Up-to-date: /home/venator/pil/dirac/pibt_ws/install/dracon_msgs/include/dracon_msgs/dracon_msgs/msg/detail/job_assignment_table__type_support.c
[0.461s] -- Up-to-date: /home/venator/pil/dirac/pibt_ws/install/dracon_msgs/include/dracon_msgs/dracon_msgs/msg/detail/job_status__rosidl_typesupport_introspection_c.h
[0.461s] -- Up-to-date: /home/venator/pil/dirac/pibt_ws/install/dracon_msgs/include/dracon_msgs/dracon_msgs/msg/detail/job_cost__type_support.c
[0.461s] -- Up-to-date: /home/venator/pil/dirac/pibt_ws/install/dracon_msgs/include/dracon_msgs/dracon_msgs/msg/detail/job__rosidl_typesupport_introspection_c.h
[0.461s] -- Up-to-date: /home/venator/pil/dirac/pibt_ws/install/dracon_msgs/include/dracon_msgs/dracon_msgs/msg/detail/job_cost__rosidl_typesupport_introspection_c.h
[0.461s] -- Up-to-date: /home/venator/pil/dirac/pibt_ws/install/dracon_msgs/include/dracon_msgs/dracon_msgs/msg/detail/job_list__rosidl_typesupport_introspection_c.h
[0.461s] -- Up-to-date: /home/venator/pil/dirac/pibt_ws/install/dracon_msgs/include/dracon_msgs/dracon_msgs/msg/rosidl_typesupport_introspection_c__visibility_control.h
[0.461s] -- Up-to-date: /home/venator/pil/dirac/pibt_ws/install/dracon_msgs/lib/libdracon_msgs__rosidl_typesupport_introspection_c.so
[0.461s] -- Up-to-date: /home/venator/pil/dirac/pibt_ws/install/dracon_msgs/lib/libdracon_msgs__rosidl_typesupport_c.so
[0.461s] -- Up-to-date: /home/venator/pil/dirac/pibt_ws/install/dracon_msgs/include/dracon_msgs/dracon_msgs
[0.461s] -- Up-to-date: /home/venator/pil/dirac/pibt_ws/install/dracon_msgs/include/dracon_msgs/dracon_msgs/msg
[0.461s] -- Up-to-date: /home/venator/pil/dirac/pibt_ws/install/dracon_msgs/include/dracon_msgs/dracon_msgs/msg/job_cost_table.hpp
[0.461s] -- Up-to-date: /home/venator/pil/dirac/pibt_ws/install/dracon_msgs/include/dracon_msgs/dracon_msgs/msg/job_status.hpp
[0.461s] -- Up-to-date: /home/venator/pil/dirac/pibt_ws/install/dracon_msgs/include/dracon_msgs/dracon_msgs/msg/detail
[0.461s] -- Up-to-date: /home/venator/pil/dirac/pibt_ws/install/dracon_msgs/include/dracon_msgs/dracon_msgs/msg/detail/job_assignment_table__struct.hpp
[0.461s] -- Up-to-date: /home/venator/pil/dirac/pibt_ws/install/dracon_msgs/include/dracon_msgs/dracon_msgs/msg/detail/job_cost__traits.hpp
[0.461s] -- Up-to-date: /home/venator/pil/dirac/pibt_ws/install/dracon_msgs/include/dracon_msgs/dracon_msgs/msg/detail/job_cost_table__traits.hpp
[0.461s] -- Up-to-date: /home/venator/pil/dirac/pibt_ws/install/dracon_msgs/include/dracon_msgs/dracon_msgs/msg/detail/job_status__type_support.hpp
[0.461s] -- Up-to-date: /home/venator/pil/dirac/pibt_ws/install/dracon_msgs/include/dracon_msgs/dracon_msgs/msg/detail/job_list__traits.hpp
[0.461s] -- Up-to-date: /home/venator/pil/dirac/pibt_ws/install/dracon_msgs/include/dracon_msgs/dracon_msgs/msg/detail/job_cost_table__type_support.hpp
[0.461s] -- Up-to-date: /home/venator/pil/dirac/pibt_ws/install/dracon_msgs/include/dracon_msgs/dracon_msgs/msg/detail/job_assignment__traits.hpp
[0.462s] -- Up-to-date: /home/venator/pil/dirac/pibt_ws/install/dracon_msgs/include/dracon_msgs/dracon_msgs/msg/detail/job_status__struct.hpp
[0.462s] -- Up-to-date: /home/venator/pil/dirac/pibt_ws/install/dracon_msgs/include/dracon_msgs/dracon_msgs/msg/detail/job_cost_table__struct.hpp
[0.462s] -- Up-to-date: /home/venator/pil/dirac/pibt_ws/install/dracon_msgs/include/dracon_msgs/dracon_msgs/msg/detail/job_status__traits.hpp
[0.462s] -- Up-to-date: /home/venator/pil/dirac/pibt_ws/install/dracon_msgs/include/dracon_msgs/dracon_msgs/msg/detail/job_list__struct.hpp
[0.462s] -- Up-to-date: /home/venator/pil/dirac/pibt_ws/install/dracon_msgs/include/dracon_msgs/dracon_msgs/msg/detail/job__type_support.hpp
[0.462s] -- Up-to-date: /home/venator/pil/dirac/pibt_ws/install/dracon_msgs/include/dracon_msgs/dracon_msgs/msg/detail/job_assignment_table__type_support.hpp
[0.462s] -- Up-to-date: /home/venator/pil/dirac/pibt_ws/install/dracon_msgs/include/dracon_msgs/dracon_msgs/msg/detail/job_cost__struct.hpp
[0.462s] -- Up-to-date: /home/venator/pil/dirac/pibt_ws/install/dracon_msgs/include/dracon_msgs/dracon_msgs/msg/detail/job_assignment__type_support.hpp
[0.462s] -- Up-to-date: /home/venator/pil/dirac/pibt_ws/install/dracon_msgs/include/dracon_msgs/dracon_msgs/msg/detail/job_assignment__builder.hpp
[0.462s] -- Up-to-date: /home/venator/pil/dirac/pibt_ws/install/dracon_msgs/include/dracon_msgs/dracon_msgs/msg/detail/job_list__type_support.hpp
[0.462s] -- Up-to-date: /home/venator/pil/dirac/pibt_ws/install/dracon_msgs/include/dracon_msgs/dracon_msgs/msg/detail/job__traits.hpp
[0.462s] -- Up-to-date: /home/venator/pil/dirac/pibt_ws/install/dracon_msgs/include/dracon_msgs/dracon_msgs/msg/detail/job_cost__builder.hpp
[0.462s] -- Up-to-date: /home/venator/pil/dirac/pibt_ws/install/dracon_msgs/include/dracon_msgs/dracon_msgs/msg/detail/job_status__builder.hpp
[0.462s] -- Up-to-date: /home/venator/pil/dirac/pibt_ws/install/dracon_msgs/include/dracon_msgs/dracon_msgs/msg/detail/job__builder.hpp
[0.462s] -- Up-to-date: /home/venator/pil/dirac/pibt_ws/install/dracon_msgs/include/dracon_msgs/dracon_msgs/msg/detail/job_assignment_table__traits.hpp
[0.462s] -- Up-to-date: /home/venator/pil/dirac/pibt_ws/install/dracon_msgs/include/dracon_msgs/dracon_msgs/msg/detail/job_assignment__struct.hpp
[0.462s] -- Up-to-date: /home/venator/pil/dirac/pibt_ws/install/dracon_msgs/include/dracon_msgs/dracon_msgs/msg/detail/job_cost__type_support.hpp
[0.462s] -- Up-to-date: /home/venator/pil/dirac/pibt_ws/install/dracon_msgs/include/dracon_msgs/dracon_msgs/msg/detail/job__struct.hpp
[0.462s] -- Up-to-date: /home/venator/pil/dirac/pibt_ws/install/dracon_msgs/include/dracon_msgs/dracon_msgs/msg/detail/job_list__builder.hpp
[0.462s] -- Up-to-date: /home/venator/pil/dirac/pibt_ws/install/dracon_msgs/include/dracon_msgs/dracon_msgs/msg/detail/job_assignment_table__builder.hpp
[0.462s] -- Up-to-date: /home/venator/pil/dirac/pibt_ws/install/dracon_msgs/include/dracon_msgs/dracon_msgs/msg/detail/job_cost_table__builder.hpp
[0.462s] -- Up-to-date: /home/venator/pil/dirac/pibt_ws/install/dracon_msgs/include/dracon_msgs/dracon_msgs/msg/job_assignment_table.hpp
[0.462s] -- Up-to-date: /home/venator/pil/dirac/pibt_ws/install/dracon_msgs/include/dracon_msgs/dracon_msgs/msg/rosidl_generator_cpp__visibility_control.hpp
[0.462s] -- Up-to-date: /home/venator/pil/dirac/pibt_ws/install/dracon_msgs/include/dracon_msgs/dracon_msgs/msg/job_list.hpp
[0.462s] -- Up-to-date: /home/venator/pil/dirac/pibt_ws/install/dracon_msgs/include/dracon_msgs/dracon_msgs/msg/job_assignment.hpp
[0.462s] -- Up-to-date: /home/venator/pil/dirac/pibt_ws/install/dracon_msgs/include/dracon_msgs/dracon_msgs/msg/job.hpp
[0.462s] -- Up-to-date: /home/venator/pil/dirac/pibt_ws/install/dracon_msgs/include/dracon_msgs/dracon_msgs/msg/job_cost.hpp
[0.462s] -- Up-to-date: /home/venator/pil/dirac/pibt_ws/install/dracon_msgs/include/dracon_msgs/dracon_msgs
[0.463s] -- Up-to-date: /home/venator/pil/dirac/pibt_ws/install/dracon_msgs/include/dracon_msgs/dracon_msgs/msg
[0.463s] -- Up-to-date: /home/venator/pil/dirac/pibt_ws/install/dracon_msgs/include/dracon_msgs/dracon_msgs/msg/rosidl_typesupport_fastrtps_cpp__visibility_control.h
[0.463s] -- Up-to-date: /home/venator/pil/dirac/pibt_ws/install/dracon_msgs/include/dracon_msgs/dracon_msgs/msg/detail
[0.463s] -- Up-to-date: /home/venator/pil/dirac/pibt_ws/install/dracon_msgs/include/dracon_msgs/dracon_msgs/msg/detail/job_cost_table__rosidl_typesupport_fastrtps_cpp.hpp
[0.463s] -- Up-to-date: /home/venator/pil/dirac/pibt_ws/install/dracon_msgs/include/dracon_msgs/dracon_msgs/msg/detail/job_cost__rosidl_typesupport_fastrtps_cpp.hpp
[0.463s] -- Up-to-date: /home/venator/pil/dirac/pibt_ws/install/dracon_msgs/include/dracon_msgs/dracon_msgs/msg/detail/job_status__rosidl_typesupport_fastrtps_cpp.hpp
[0.463s] -- Up-to-date: /home/venator/pil/dirac/pibt_ws/install/dracon_msgs/include/dracon_msgs/dracon_msgs/msg/detail/job__rosidl_typesupport_fastrtps_cpp.hpp
[0.463s] -- Up-to-date: /home/venator/pil/dirac/pibt_ws/install/dracon_msgs/include/dracon_msgs/dracon_msgs/msg/detail/dds_fastrtps
[0.463s] -- Up-to-date: /home/venator/pil/dirac/pibt_ws/install/dracon_msgs/include/dracon_msgs/dracon_msgs/msg/detail/job_list__rosidl_typesupport_fastrtps_cpp.hpp
[0.463s] -- Up-to-date: /home/venator/pil/dirac/pibt_ws/install/dracon_msgs/include/dracon_msgs/dracon_msgs/msg/detail/job_assignment_table__rosidl_typesupport_fastrtps_cpp.hpp
[0.463s] -- Up-to-date: /home/venator/pil/dirac/pibt_ws/install/dracon_msgs/include/dracon_msgs/dracon_msgs/msg/detail/job_assignment__rosidl_typesupport_fastrtps_cpp.hpp
[0.463s] -- Up-to-date: /home/venator/pil/dirac/pibt_ws/install/dracon_msgs/lib/libdracon_msgs__rosidl_typesupport_fastrtps_cpp.so
[0.463s] -- Up-to-date: /home/venator/pil/dirac/pibt_ws/install/dracon_msgs/include/dracon_msgs/dracon_msgs
[0.463s] -- Up-to-date: /home/venator/pil/dirac/pibt_ws/install/dracon_msgs/include/dracon_msgs/dracon_msgs/msg
[0.463s] -- Up-to-date: /home/venator/pil/dirac/pibt_ws/install/dracon_msgs/include/dracon_msgs/dracon_msgs/msg/detail
[0.463s] -- Up-to-date: /home/venator/pil/dirac/pibt_ws/install/dracon_msgs/include/dracon_msgs/dracon_msgs/msg/detail/job_status__rosidl_typesupport_introspection_cpp.hpp
[0.463s] -- Up-to-date: /home/venator/pil/dirac/pibt_ws/install/dracon_msgs/include/dracon_msgs/dracon_msgs/msg/detail/job_assignment_table__rosidl_typesupport_introspection_cpp.hpp
[0.463s] -- Up-to-date: /home/venator/pil/dirac/pibt_ws/install/dracon_msgs/include/dracon_msgs/dracon_msgs/msg/detail/job_cost_table__type_support.cpp
[0.463s] -- Up-to-date: /home/venator/pil/dirac/pibt_ws/install/dracon_msgs/include/dracon_msgs/dracon_msgs/msg/detail/job__rosidl_typesupport_introspection_cpp.hpp
[0.463s] -- Up-to-date: /home/venator/pil/dirac/pibt_ws/install/dracon_msgs/include/dracon_msgs/dracon_msgs/msg/detail/job__type_support.cpp
[0.463s] -- Up-to-date: /home/venator/pil/dirac/pibt_ws/install/dracon_msgs/include/dracon_msgs/dracon_msgs/msg/detail/job_cost__rosidl_typesupport_introspection_cpp.hpp
[0.463s] -- Up-to-date: /home/venator/pil/dirac/pibt_ws/install/dracon_msgs/include/dracon_msgs/dracon_msgs/msg/detail/job_assignment_table__type_support.cpp
[0.463s] -- Up-to-date: /home/venator/pil/dirac/pibt_ws/install/dracon_msgs/include/dracon_msgs/dracon_msgs/msg/detail/job_list__type_support.cpp
[0.463s] -- Up-to-date: /home/venator/pil/dirac/pibt_ws/install/dracon_msgs/include/dracon_msgs/dracon_msgs/msg/detail/job_assignment__type_support.cpp
[0.463s] -- Up-to-date: /home/venator/pil/dirac/pibt_ws/install/dracon_msgs/include/dracon_msgs/dracon_msgs/msg/detail/job_list__rosidl_typesupport_introspection_cpp.hpp
[0.463s] -- Up-to-date: /home/venator/pil/dirac/pibt_ws/install/dracon_msgs/include/dracon_msgs/dracon_msgs/msg/detail/job_assignment__rosidl_typesupport_introspection_cpp.hpp
[0.463s] -- Up-to-date: /home/venator/pil/dirac/pibt_ws/install/dracon_msgs/include/dracon_msgs/dracon_msgs/msg/detail/job_cost__type_support.cpp
[0.463s] -- Up-to-date: /home/venator/pil/dirac/pibt_ws/install/dracon_msgs/include/dracon_msgs/dracon_msgs/msg/detail/job_status__type_support.cpp
[0.463s] -- Up-to-date: /home/venator/pil/dirac/pibt_ws/install/dracon_msgs/include/dracon_msgs/dracon_msgs/msg/detail/job_cost_table__rosidl_typesupport_introspection_cpp.hpp
[0.463s] -- Up-to-date: /home/venator/pil/dirac/pibt_ws/install/dracon_msgs/lib/libdracon_msgs__rosidl_typesupport_introspection_cpp.so
[0.464s] -- Up-to-date: /home/venator/pil/dirac/pibt_ws/install/dracon_msgs/lib/libdracon_msgs__rosidl_typesupport_cpp.so
[0.464s] -- Up-to-date: /home/venator/pil/dirac/pibt_ws/install/dracon_msgs/share/dracon_msgs/environment/pythonpath.sh
[0.464s] -- Up-to-date: /home/venator/pil/dirac/pibt_ws/install/dracon_msgs/share/dracon_msgs/environment/pythonpath.dsv
[0.464s] -- Up-to-date: /home/venator/pil/dirac/pibt_ws/install/dracon_msgs/local/lib/python3.10/dist-packages/dracon_msgs-0.0.0-py3.10.egg-info
[0.464s] -- Installing: /home/venator/pil/dirac/pibt_ws/install/dracon_msgs/local/lib/python3.10/dist-packages/dracon_msgs-0.0.0-py3.10.egg-info/top_level.txt
[0.464s] -- Installing: /home/venator/pil/dirac/pibt_ws/install/dracon_msgs/local/lib/python3.10/dist-packages/dracon_msgs-0.0.0-py3.10.egg-info/dependency_links.txt
[0.464s] -- Installing: /home/venator/pil/dirac/pibt_ws/install/dracon_msgs/local/lib/python3.10/dist-packages/dracon_msgs-0.0.0-py3.10.egg-info/PKG-INFO
[0.464s] -- Installing: /home/venator/pil/dirac/pibt_ws/install/dracon_msgs/local/lib/python3.10/dist-packages/dracon_msgs-0.0.0-py3.10.egg-info/SOURCES.txt
[0.464s] -- Up-to-date: /home/venator/pil/dirac/pibt_ws/install/dracon_msgs/local/lib/python3.10/dist-packages/dracon_msgs
[0.464s] -- Up-to-date: /home/venator/pil/dirac/pibt_ws/install/dracon_msgs/local/lib/python3.10/dist-packages/dracon_msgs/_dracon_msgs_s.ep.rosidl_typesupport_c.c
[0.464s] -- Up-to-date: /home/venator/pil/dirac/pibt_ws/install/dracon_msgs/local/lib/python3.10/dist-packages/dracon_msgs/msg
[0.464s] -- Up-to-date: /home/venator/pil/dirac/pibt_ws/install/dracon_msgs/local/lib/python3.10/dist-packages/dracon_msgs/msg/_job_status_s.c
[0.464s] -- Up-to-date: /home/venator/pil/dirac/pibt_ws/install/dracon_msgs/local/lib/python3.10/dist-packages/dracon_msgs/msg/_job_assignment_s.c
[0.464s] -- Up-to-date: /home/venator/pil/dirac/pibt_ws/install/dracon_msgs/local/lib/python3.10/dist-packages/dracon_msgs/msg/_job_list_s.c
[0.464s] -- Up-to-date: /home/venator/pil/dirac/pibt_ws/install/dracon_msgs/local/lib/python3.10/dist-packages/dracon_msgs/msg/_job.py
[0.464s] -- Up-to-date: /home/venator/pil/dirac/pibt_ws/install/dracon_msgs/local/lib/python3.10/dist-packages/dracon_msgs/msg/_job_cost.py
[0.464s] -- Up-to-date: /home/venator/pil/dirac/pibt_ws/install/dracon_msgs/local/lib/python3.10/dist-packages/dracon_msgs/msg/__init__.py
[0.464s] -- Up-to-date: /home/venator/pil/dirac/pibt_ws/install/dracon_msgs/local/lib/python3.10/dist-packages/dracon_msgs/msg/_job_assignment.py
[0.464s] -- Up-to-date: /home/venator/pil/dirac/pibt_ws/install/dracon_msgs/local/lib/python3.10/dist-packages/dracon_msgs/msg/_job_cost_table.py
[0.464s] -- Up-to-date: /home/venator/pil/dirac/pibt_ws/install/dracon_msgs/local/lib/python3.10/dist-packages/dracon_msgs/msg/_job_s.c
[0.464s] -- Up-to-date: /home/venator/pil/dirac/pibt_ws/install/dracon_msgs/local/lib/python3.10/dist-packages/dracon_msgs/msg/_job_list.py
[0.464s] -- Up-to-date: /home/venator/pil/dirac/pibt_ws/install/dracon_msgs/local/lib/python3.10/dist-packages/dracon_msgs/msg/_job_cost_table_s.c
[0.464s] -- Up-to-date: /home/venator/pil/dirac/pibt_ws/install/dracon_msgs/local/lib/python3.10/dist-packages/dracon_msgs/msg/_job_assignment_table.py
[0.464s] -- Up-to-date: /home/venator/pil/dirac/pibt_ws/install/dracon_msgs/local/lib/python3.10/dist-packages/dracon_msgs/msg/_job_status.py
[0.464s] -- Up-to-date: /home/venator/pil/dirac/pibt_ws/install/dracon_msgs/local/lib/python3.10/dist-packages/dracon_msgs/msg/_job_assignment_table_s.c
[0.464s] -- Up-to-date: /home/venator/pil/dirac/pibt_ws/install/dracon_msgs/local/lib/python3.10/dist-packages/dracon_msgs/msg/_job_cost_s.c
[0.464s] -- Up-to-date: /home/venator/pil/dirac/pibt_ws/install/dracon_msgs/local/lib/python3.10/dist-packages/dracon_msgs/__init__.py
[0.464s] -- Up-to-date: /home/venator/pil/dirac/pibt_ws/install/dracon_msgs/local/lib/python3.10/dist-packages/dracon_msgs/dracon_msgs_s__rosidl_typesupport_introspection_c.cpython-310-x86_64-linux-gnu.so
[0.464s] -- Up-to-date: /home/venator/pil/dirac/pibt_ws/install/dracon_msgs/local/lib/python3.10/dist-packages/dracon_msgs/libdracon_msgs__rosidl_generator_py.so
[0.464s] -- Up-to-date: /home/venator/pil/dirac/pibt_ws/install/dracon_msgs/local/lib/python3.10/dist-packages/dracon_msgs/dracon_msgs_s__rosidl_typesupport_c.cpython-310-x86_64-linux-gnu.so
[0.465s] -- Up-to-date: /home/venator/pil/dirac/pibt_ws/install/dracon_msgs/local/lib/python3.10/dist-packages/dracon_msgs/dracon_msgs_s__rosidl_typesupport_fastrtps_c.cpython-310-x86_64-linux-gnu.so
[0.465s] -- Up-to-date: /home/venator/pil/dirac/pibt_ws/install/dracon_msgs/local/lib/python3.10/dist-packages/dracon_msgs/_dracon_msgs_s.ep.rosidl_typesupport_introspection_c.c
[0.465s] -- Up-to-date: /home/venator/pil/dirac/pibt_ws/install/dracon_msgs/local/lib/python3.10/dist-packages/dracon_msgs/_dracon_msgs_s.ep.rosidl_typesupport_fastrtps_c.c
[0.485s] Listing '/home/venator/pil/dirac/pibt_ws/install/dracon_msgs/local/lib/python3.10/dist-packages/dracon_msgs'...
[0.485s] Listing '/home/venator/pil/dirac/pibt_ws/install/dracon_msgs/local/lib/python3.10/dist-packages/dracon_msgs/msg'...
[0.488s] -- Up-to-date: /home/venator/pil/dirac/pibt_ws/install/dracon_msgs/local/lib/python3.10/dist-packages/dracon_msgs/dracon_msgs_s__rosidl_typesupport_fastrtps_c.cpython-310-x86_64-linux-gnu.so
[0.488s] -- Up-to-date: /home/venator/pil/dirac/pibt_ws/install/dracon_msgs/local/lib/python3.10/dist-packages/dracon_msgs/dracon_msgs_s__rosidl_typesupport_introspection_c.cpython-310-x86_64-linux-gnu.so
[0.488s] -- Up-to-date: /home/venator/pil/dirac/pibt_ws/install/dracon_msgs/local/lib/python3.10/dist-packages/dracon_msgs/dracon_msgs_s__rosidl_typesupport_c.cpython-310-x86_64-linux-gnu.so
[0.488s] -- Up-to-date: /home/venator/pil/dirac/pibt_ws/install/dracon_msgs/lib/libdracon_msgs__rosidl_generator_py.so
[0.488s] -- Up-to-date: /home/venator/pil/dirac/pibt_ws/install/dracon_msgs/share/dracon_msgs/msg/Job.idl
[0.488s] -- Up-to-date: /home/venator/pil/dirac/pibt_ws/install/dracon_msgs/share/dracon_msgs/msg/JobList.idl
[0.488s] -- Up-to-date: /home/venator/pil/dirac/pibt_ws/install/dracon_msgs/share/dracon_msgs/msg/JobCost.idl
[0.488s] -- Up-to-date: /home/venator/pil/dirac/pibt_ws/install/dracon_msgs/share/dracon_msgs/msg/JobCostTable.idl
[0.489s] -- Up-to-date: /home/venator/pil/dirac/pibt_ws/install/dracon_msgs/share/dracon_msgs/msg/JobAssignment.idl
[0.489s] -- Up-to-date: /home/venator/pil/dirac/pibt_ws/install/dracon_msgs/share/dracon_msgs/msg/JobAssignmentTable.idl
[0.489s] -- Up-to-date: /home/venator/pil/dirac/pibt_ws/install/dracon_msgs/share/dracon_msgs/msg/JobStatus.idl
[0.489s] -- Up-to-date: /home/venator/pil/dirac/pibt_ws/install/dracon_msgs/share/dracon_msgs/msg/Job.msg
[0.489s] -- Up-to-date: /home/venator/pil/dirac/pibt_ws/install/dracon_msgs/share/dracon_msgs/msg/JobList.msg
[0.489s] -- Up-to-date: /home/venator/pil/dirac/pibt_ws/install/dracon_msgs/share/dracon_msgs/msg/JobCost.msg
[0.489s] -- Up-to-date: /home/venator/pil/dirac/pibt_ws/install/dracon_msgs/share/dracon_msgs/msg/JobCostTable.msg
[0.489s] -- Up-to-date: /home/venator/pil/dirac/pibt_ws/install/dracon_msgs/share/dracon_msgs/msg/JobAssignment.msg
[0.489s] -- Up-to-date: /home/venator/pil/dirac/pibt_ws/install/dracon_msgs/share/dracon_msgs/msg/JobAssignmentTable.msg
[0.489s] -- Up-to-date: /home/venator/pil/dirac/pibt_ws/install/dracon_msgs/share/dracon_msgs/msg/JobStatus.msg
[0.489s] -- Up-to-date: /home/venator/pil/dirac/pibt_ws/install/dracon_msgs/share/ament_index/resource_index/package_run_dependencies/dracon_msgs
[0.489s] -- Up-to-date: /home/venator/pil/dirac/pibt_ws/install/dracon_msgs/share/ament_index/resource_index/parent_prefix_path/dracon_msgs
[0.489s] -- Up-to-date: /home/venator/pil/dirac/pibt_ws/install/dracon_msgs/share/dracon_msgs/environment/ament_prefix_path.sh
[0.489s] -- Up-to-date: /home/venator/pil/dirac/pibt_ws/install/dracon_msgs/share/dracon_msgs/environment/ament_prefix_path.dsv
[0.489s] -- Up-to-date: /home/venator/pil/dirac/pibt_ws/install/dracon_msgs/share/dracon_msgs/environment/path.sh
[0.489s] -- Up-to-date: /home/venator/pil/dirac/pibt_ws/install/dracon_msgs/share/dracon_msgs/environment/path.dsv
[0.489s] -- Up-to-date: /home/venator/pil/dirac/pibt_ws/install/dracon_msgs/share/dracon_msgs/local_setup.bash
[0.489s] -- Up-to-date: /home/venator/pil/dirac/pibt_ws/install/dracon_msgs/share/dracon_msgs/local_setup.sh
[0.489s] -- Up-to-date: /home/venator/pil/dirac/pibt_ws/install/dracon_msgs/share/dracon_msgs/local_setup.zsh
[0.489s] -- Up-to-date: /home/venator/pil/dirac/pibt_ws/install/dracon_msgs/share/dracon_msgs/local_setup.dsv
[0.489s] -- Installing: /home/venator/pil/dirac/pibt_ws/install/dracon_msgs/share/dracon_msgs/package.dsv
[0.489s] -- Up-to-date: /home/venator/pil/dirac/pibt_ws/install/dracon_msgs/share/ament_index/resource_index/packages/dracon_msgs
[0.489s] -- Up-to-date: /home/venator/pil/dirac/pibt_ws/install/dracon_msgs/share/dracon_msgs/cmake/export_dracon_msgs__rosidl_generator_cExport.cmake
[0.489s] -- Up-to-date: /home/venator/pil/dirac/pibt_ws/install/dracon_msgs/share/dracon_msgs/cmake/export_dracon_msgs__rosidl_generator_cExport-noconfig.cmake
[0.489s] -- Up-to-date: /home/venator/pil/dirac/pibt_ws/install/dracon_msgs/share/dracon_msgs/cmake/export_dracon_msgs__rosidl_typesupport_fastrtps_cExport.cmake
[0.490s] -- Up-to-date: /home/venator/pil/dirac/pibt_ws/install/dracon_msgs/share/dracon_msgs/cmake/export_dracon_msgs__rosidl_typesupport_fastrtps_cExport-noconfig.cmake
[0.490s] -- Up-to-date: /home/venator/pil/dirac/pibt_ws/install/dracon_msgs/share/dracon_msgs/cmake/dracon_msgs__rosidl_typesupport_introspection_cExport.cmake
[0.490s] -- Up-to-date: /home/venator/pil/dirac/pibt_ws/install/dracon_msgs/share/dracon_msgs/cmake/dracon_msgs__rosidl_typesupport_introspection_cExport-noconfig.cmake
[0.490s] -- Up-to-date: /home/venator/pil/dirac/pibt_ws/install/dracon_msgs/share/dracon_msgs/cmake/dracon_msgs__rosidl_typesupport_cExport.cmake
[0.490s] -- Up-to-date: /home/venator/pil/dirac/pibt_ws/install/dracon_msgs/share/dracon_msgs/cmake/dracon_msgs__rosidl_typesupport_cExport-noconfig.cmake
[0.490s] -- Up-to-date: /home/venator/pil/dirac/pibt_ws/install/dracon_msgs/share/dracon_msgs/cmake/export_dracon_msgs__rosidl_generator_cppExport.cmake
[0.490s] -- Up-to-date: /home/venator/pil/dirac/pibt_ws/install/dracon_msgs/share/dracon_msgs/cmake/export_dracon_msgs__rosidl_typesupport_fastrtps_cppExport.cmake
[0.490s] -- Up-to-date: /home/venator/pil/dirac/pibt_ws/install/dracon_msgs/share/dracon_msgs/cmake/export_dracon_msgs__rosidl_typesupport_fastrtps_cppExport-noconfig.cmake
[0.490s] -- Up-to-date: /home/venator/pil/dirac/pibt_ws/install/dracon_msgs/share/dracon_msgs/cmake/dracon_msgs__rosidl_typesupport_introspection_cppExport.cmake
[0.490s] -- Up-to-date: /home/venator/pil/dirac/pibt_ws/install/dracon_msgs/share/dracon_msgs/cmake/dracon_msgs__rosidl_typesupport_introspection_cppExport-noconfig.cmake
[0.490s] -- Up-to-date: /home/venator/pil/dirac/pibt_ws/install/dracon_msgs/share/dracon_msgs/cmake/dracon_msgs__rosidl_typesupport_cppExport.cmake
[0.490s] -- Up-to-date: /home/venator/pil/dirac/pibt_ws/install/dracon_msgs/share/dracon_msgs/cmake/dracon_msgs__rosidl_typesupport_cppExport-noconfig.cmake
[0.490s] -- Up-to-date: /home/venator/pil/dirac/pibt_ws/install/dracon_msgs/share/dracon_msgs/cmake/export_dracon_msgs__rosidl_generator_pyExport.cmake
[0.490s] -- Up-to-date: /home/venator/pil/dirac/pibt_ws/install/dracon_msgs/share/dracon_msgs/cmake/export_dracon_msgs__rosidl_generator_pyExport-noconfig.cmake
[0.490s] -- Up-to-date: /home/venator/pil/dirac/pibt_ws/install/dracon_msgs/share/dracon_msgs/cmake/rosidl_cmake-extras.cmake
[0.490s] -- Up-to-date: /home/venator/pil/dirac/pibt_ws/install/dracon_msgs/share/dracon_msgs/cmake/ament_cmake_export_dependencies-extras.cmake
[0.490s] -- Up-to-date: /home/venator/pil/dirac/pibt_ws/install/dracon_msgs/share/dracon_msgs/cmake/ament_cmake_export_include_directories-extras.cmake
[0.490s] -- Up-to-date: /home/venator/pil/dirac/pibt_ws/install/dracon_msgs/share/dracon_msgs/cmake/ament_cmake_export_libraries-extras.cmake
[0.490s] -- Up-to-date: /home/venator/pil/dirac/pibt_ws/install/dracon_msgs/share/dracon_msgs/cmake/ament_cmake_export_targets-extras.cmake
[0.490s] -- Up-to-date: /home/venator/pil/dirac/pibt_ws/install/dracon_msgs/share/dracon_msgs/cmake/rosidl_cmake_export_typesupport_targets-extras.cmake
[0.490s] -- Up-to-date: /home/venator/pil/dirac/pibt_ws/install/dracon_msgs/share/dracon_msgs/cmake/rosidl_cmake_export_typesupport_libraries-extras.cmake
[0.490s] -- Up-to-date: /home/venator/pil/dirac/pibt_ws/install/dracon_msgs/share/dracon_msgs/cmake/dracon_msgsConfig.cmake
[0.490s] -- Up-to-date: /home/venator/pil/dirac/pibt_ws/install/dracon_msgs/share/dracon_msgs/cmake/dracon_msgsConfig-version.cmake
[0.490s] -- Up-to-date: /home/venator/pil/dirac/pibt_ws/install/dracon_msgs/share/dracon_msgs/package.xml
[0.492s] Invoked command in '/home/venator/pil/dirac/pibt_ws/build/dracon_msgs' returned '0': CMAKE_PREFIX_PATH=/opt/ros/humble:${CMAKE_PREFIX_PATH} /usr/bin/cmake --install /home/venator/pil/dirac/pibt_ws/build/dracon_msgs
