-- The C compiler identification is GNU 11.4.0
-- The CXX compiler identification is GNU 11.4.0
-- Detecting C compiler ABI info
-- Detecting C compiler ABI info - done
-- Check for working C compiler: /usr/bin/cc - skipped
-- Detecting C compile features
-- Detecting C compile features - done
-- Detecting CXX compiler ABI info
-- Detecting CXX compiler ABI info - done
-- Check for working CXX compiler: /usr/bin/c++ - skipped
-- Detecting CXX compile features
-- Detecting CXX compile features - done
-- Found ament_cmake: 1.3.11 (/opt/ros/humble/share/ament_cmake/cmake)
-- Found Python3: /usr/bin/python3 (found version "3.10.12") found components: Interpreter 
-- Found rclcpp: 16.0.12 (/opt/ros/humble/share/rclcpp/cmake)
-- Found rosidl_generator_c: 3.1.6 (/opt/ros/humble/share/rosidl_generator_c/cmake)
-- Found rosidl_adapter: 3.1.6 (/opt/ros/humble/share/rosidl_adapter/cmake)
-- Found rosidl_generator_cpp: 3.1.6 (/opt/ros/humble/share/rosidl_generator_cpp/cmake)
-- Using all available rosidl_typesupport_c: rosidl_typesupport_fastrtps_c;rosidl_typesupport_introspection_c
-- Using all available rosidl_typesupport_cpp: rosidl_typesupport_fastrtps_cpp;rosidl_typesupport_introspection_cpp
-- Found rmw_implementation_cmake: 6.1.2 (/opt/ros/humble/share/rmw_implementation_cmake/cmake)
-- Found rmw_fastrtps_cpp: 6.2.7 (/opt/ros/humble/share/rmw_fastrtps_cpp/cmake)
-- Found OpenSSL: /usr/lib/x86_64-linux-gnu/libcrypto.so (found version "3.0.2")  
-- Found FastRTPS: /opt/ros/humble/include  
-- Using RMW implementation 'rmw_fastrtps_cpp' as default
-- Looking for pthread.h
-- Looking for pthread.h - found
-- Performing Test CMAKE_HAVE_LIBC_PTHREAD
-- Performing Test CMAKE_HAVE_LIBC_PTHREAD - Success
-- Found Threads: TRUE  
-- Found nlohmann_json: /usr/lib/cmake/nlohmann_json/nlohmann_jsonConfig.cmake (found version "3.10.5") 
-- Configuring done
-- Generating done
-- Build files have been written to: /home/venator/pil/dirac/pibt_ws/build/pibt2
[ 50%] [32mBuilding CXX object CMakeFiles/pibt_agent_node.dir/pibt_agent_node.cpp.o[0m
[100%] [32m[1mLinking CXX executable pibt_agent_node[0m
[100%] Built target pibt_agent_node
-- Install configuration: ""
-- Installing: /home/venator/pil/dirac/pibt_ws/install/pibt2/share/pibt2/package.xml
-- Installing: /home/venator/pil/dirac/pibt_ws/install/pibt2/share/ament_index/resource_index/package_run_dependencies/pibt2
-- Installing: /home/venator/pil/dirac/pibt_ws/install/pibt2/share/ament_index/resource_index/parent_prefix_path/pibt2
-- Installing: /home/venator/pil/dirac/pibt_ws/install/pibt2/share/pibt2/environment/ament_prefix_path.sh
-- Installing: /home/venator/pil/dirac/pibt_ws/install/pibt2/share/pibt2/environment/ament_prefix_path.dsv
-- Installing: /home/venator/pil/dirac/pibt_ws/install/pibt2/share/pibt2/environment/path.sh
-- Installing: /home/venator/pil/dirac/pibt_ws/install/pibt2/share/pibt2/environment/path.dsv
-- Installing: /home/venator/pil/dirac/pibt_ws/install/pibt2/share/pibt2/local_setup.bash
-- Installing: /home/venator/pil/dirac/pibt_ws/install/pibt2/share/pibt2/local_setup.sh
-- Installing: /home/venator/pil/dirac/pibt_ws/install/pibt2/share/pibt2/local_setup.zsh
-- Installing: /home/venator/pil/dirac/pibt_ws/install/pibt2/share/pibt2/local_setup.dsv
-- Installing: /home/venator/pil/dirac/pibt_ws/install/pibt2/share/pibt2/package.dsv
-- Installing: /home/venator/pil/dirac/pibt_ws/install/pibt2/share/ament_index/resource_index/packages/pibt2
-- Installing: /home/venator/pil/dirac/pibt_ws/install/pibt2/share/pibt2/cmake/pibt2Config.cmake
-- Installing: /home/venator/pil/dirac/pibt_ws/install/pibt2/share/pibt2/cmake/pibt2Config-version.cmake
-- Up-to-date: /home/venator/pil/dirac/pibt_ws/install/pibt2/share/pibt2/package.xml
