-- The C compiler identification is GNU 11.4.0
-- The CXX compiler identification is GNU 11.4.0
-- Detecting C compiler ABI info
-- Detecting C compiler ABI info - done
-- Check for working C compiler: /usr/bin/cc - skipped
-- Detecting C compile features
-- Detecting C compile features - done
-- Detecting CXX compiler ABI info
-- Detecting CXX compiler ABI info - done
-- Check for working CXX compiler: /usr/bin/c++ - skipped
-- Detecting CXX compile features
-- Detecting CXX compile features - done
-- Found ament_cmake: 1.3.11 (/opt/ros/humble/share/ament_cmake/cmake)
-- Found Python3: /usr/bin/python3 (found version "3.10.12") found components: Interpreter 
-- Found rosidl_default_generators: 1.2.0 (/opt/ros/humble/share/rosidl_default_generators/cmake)
-- Using all available rosidl_typesupport_c: rosidl_typesupport_fastrtps_c;rosidl_typesupport_introspection_c
-- Found rosidl_adapter: 3.1.6 (/opt/ros/humble/share/rosidl_adapter/cmake)
-- Using all available rosidl_typesupport_cpp: rosidl_typesupport_fastrtps_cpp;rosidl_typesupport_introspection_cpp
-- Found std_msgs: 4.9.0 (/opt/ros/humble/share/std_msgs/cmake)
-- Found ament_cmake_ros: 0.10.0 (/opt/ros/humble/share/ament_cmake_ros/cmake)
-- Using all available rosidl_typesupport_c: rosidl_typesupport_fastrtps_c;rosidl_typesupport_introspection_c
-- Using all available rosidl_typesupport_cpp: rosidl_typesupport_fastrtps_cpp;rosidl_typesupport_introspection_cpp
-- Found PythonInterp: /usr/bin/python3 (found suitable version "3.10.12", minimum required is "3.6") 
-- Found python_cmake_module: 0.10.0 (/opt/ros/humble/share/python_cmake_module/cmake)
-- Found PythonLibs: /usr/lib/x86_64-linux-gnu/libpython3.10.so (found suitable version "3.10.12", minimum required is "3.5") 
-- Using PYTHON_EXECUTABLE: /usr/bin/python3
-- Using PYTHON_INCLUDE_DIRS: /usr/include/python3.10
-- Using PYTHON_LIBRARIES: /usr/lib/x86_64-linux-gnu/libpython3.10.so
-- Found PythonExtra: .so  
-- Configuring done
-- Generating done
-- Build files have been written to: /home/venator/pil/dirac/pibt_ws/build/dracon_msgs
[  1%] [34m[1mGenerating C code for ROS interfaces[0m
[  2%] [34m[1mGenerating C++ code for ROS interfaces[0m
[  2%] Built target ament_cmake_python_copy_dracon_msgs
running egg_info
creating dracon_msgs.egg-info
writing dracon_msgs.egg-info/PKG-INFO
writing dependency_links to dracon_msgs.egg-info/dependency_links.txt
writing top-level names to dracon_msgs.egg-info/top_level.txt
writing manifest file 'dracon_msgs.egg-info/SOURCES.txt'
reading manifest file 'dracon_msgs.egg-info/SOURCES.txt'
writing manifest file 'dracon_msgs.egg-info/SOURCES.txt'
[  2%] Built target ament_cmake_python_build_dracon_msgs_egg
[  2%] Built target dracon_msgs__cpp
[  3%] [32mBuilding C object CMakeFiles/dracon_msgs__rosidl_generator_c.dir/rosidl_generator_c/dracon_msgs/msg/detail/job_cost_table__functions.c.o[0m
[  5%] [32mBuilding C object CMakeFiles/dracon_msgs__rosidl_generator_c.dir/rosidl_generator_c/dracon_msgs/msg/detail/job__functions.c.o[0m
[  6%] [32mBuilding C object CMakeFiles/dracon_msgs__rosidl_generator_c.dir/rosidl_generator_c/dracon_msgs/msg/detail/job_cost__functions.c.o[0m
[  7%] [32mBuilding C object CMakeFiles/dracon_msgs__rosidl_generator_c.dir/rosidl_generator_c/dracon_msgs/msg/detail/job_assignment_table__functions.c.o[0m
[  8%] [32mBuilding C object CMakeFiles/dracon_msgs__rosidl_generator_c.dir/rosidl_generator_c/dracon_msgs/msg/detail/job_list__functions.c.o[0m
[ 10%] [32mBuilding C object CMakeFiles/dracon_msgs__rosidl_generator_c.dir/rosidl_generator_c/dracon_msgs/msg/detail/job_assignment__functions.c.o[0m
[ 11%] [32mBuilding C object CMakeFiles/dracon_msgs__rosidl_generator_c.dir/rosidl_generator_c/dracon_msgs/msg/detail/job_status__functions.c.o[0m
[ 12%] [34m[1mGenerating C++ type support dispatch for ROS interfaces[0m
[ 13%] [34m[1mGenerating C++ introspection for ROS interfaces[0m
[ 15%] [34m[1mGenerating C++ type support for eProsima Fast-RTPS[0m
[ 16%] [32m[1mLinking C shared library libdracon_msgs__rosidl_generator_c.so[0m
[ 16%] Built target dracon_msgs__rosidl_generator_c
[ 17%] [34m[1mGenerating C type support for eProsima Fast-RTPS[0m
[ 18%] [34m[1mGenerating C introspection for ROS interfaces[0m
[ 20%] [34m[1mGenerating C type support dispatch for ROS interfaces[0m
[ 21%] [32mBuilding CXX object CMakeFiles/dracon_msgs__rosidl_typesupport_cpp.dir/rosidl_typesupport_cpp/dracon_msgs/msg/job__type_support.cpp.o[0m
[ 22%] [32mBuilding CXX object CMakeFiles/dracon_msgs__rosidl_typesupport_c.dir/rosidl_typesupport_c/dracon_msgs/msg/job__type_support.cpp.o[0m
[ 24%] [32mBuilding CXX object CMakeFiles/dracon_msgs__rosidl_typesupport_c.dir/rosidl_typesupport_c/dracon_msgs/msg/job_list__type_support.cpp.o[0m
[ 25%] [32mBuilding CXX object CMakeFiles/dracon_msgs__rosidl_typesupport_introspection_cpp.dir/rosidl_typesupport_introspection_cpp/dracon_msgs/msg/detail/job__type_support.cpp.o[0m
[ 26%] [32mBuilding CXX object CMakeFiles/dracon_msgs__rosidl_typesupport_cpp.dir/rosidl_typesupport_cpp/dracon_msgs/msg/job_list__type_support.cpp.o[0m
[ 27%] [32mBuilding CXX object CMakeFiles/dracon_msgs__rosidl_typesupport_fastrtps_cpp.dir/rosidl_typesupport_fastrtps_cpp/dracon_msgs/msg/detail/dds_fastrtps/job__type_support.cpp.o[0m
[ 29%] [32mBuilding CXX object CMakeFiles/dracon_msgs__rosidl_typesupport_c.dir/rosidl_typesupport_c/dracon_msgs/msg/job_cost__type_support.cpp.o[0m
[ 30%] [32mBuilding CXX object CMakeFiles/dracon_msgs__rosidl_typesupport_c.dir/rosidl_typesupport_c/dracon_msgs/msg/job_cost_table__type_support.cpp.o[0m
[ 31%] [32mBuilding CXX object CMakeFiles/dracon_msgs__rosidl_typesupport_fastrtps_c.dir/rosidl_typesupport_fastrtps_c/dracon_msgs/msg/detail/job__type_support_c.cpp.o[0m
[ 32%] [32mBuilding C object CMakeFiles/dracon_msgs__rosidl_typesupport_introspection_c.dir/rosidl_typesupport_introspection_c/dracon_msgs/msg/detail/job__type_support.c.o[0m
[ 34%] [32mBuilding CXX object CMakeFiles/dracon_msgs__rosidl_typesupport_c.dir/rosidl_typesupport_c/dracon_msgs/msg/job_assignment__type_support.cpp.o[0m
[ 35%] [32mBuilding CXX object CMakeFiles/dracon_msgs__rosidl_typesupport_cpp.dir/rosidl_typesupport_cpp/dracon_msgs/msg/job_cost__type_support.cpp.o[0m
[ 36%] [32mBuilding CXX object CMakeFiles/dracon_msgs__rosidl_typesupport_c.dir/rosidl_typesupport_c/dracon_msgs/msg/job_assignment_table__type_support.cpp.o[0m
[ 39%] [32mBuilding C object CMakeFiles/dracon_msgs__rosidl_typesupport_introspection_c.dir/rosidl_typesupport_introspection_c/dracon_msgs/msg/detail/job_list__type_support.c.o[0m
[ 37%] [32mBuilding CXX object CMakeFiles/dracon_msgs__rosidl_typesupport_introspection_cpp.dir/rosidl_typesupport_introspection_cpp/dracon_msgs/msg/detail/job_list__type_support.cpp.o[0m
[ 40%] [32mBuilding CXX object CMakeFiles/dracon_msgs__rosidl_typesupport_c.dir/rosidl_typesupport_c/dracon_msgs/msg/job_status__type_support.cpp.o[0m
[ 41%] [32mBuilding CXX object CMakeFiles/dracon_msgs__rosidl_typesupport_fastrtps_cpp.dir/rosidl_typesupport_fastrtps_cpp/dracon_msgs/msg/detail/dds_fastrtps/job_list__type_support.cpp.o[0m
[ 43%] [32mBuilding C object CMakeFiles/dracon_msgs__rosidl_typesupport_introspection_c.dir/rosidl_typesupport_introspection_c/dracon_msgs/msg/detail/job_cost__type_support.c.o[0m
[ 44%] [32m[1mLinking CXX shared library libdracon_msgs__rosidl_typesupport_c.so[0m
[ 45%] [32mBuilding C object CMakeFiles/dracon_msgs__rosidl_typesupport_introspection_c.dir/rosidl_typesupport_introspection_c/dracon_msgs/msg/detail/job_cost_table__type_support.c.o[0m
[ 46%] [32mBuilding CXX object CMakeFiles/dracon_msgs__rosidl_typesupport_fastrtps_c.dir/rosidl_typesupport_fastrtps_c/dracon_msgs/msg/detail/job_list__type_support_c.cpp.o[0m
[ 48%] [32mBuilding CXX object CMakeFiles/dracon_msgs__rosidl_typesupport_cpp.dir/rosidl_typesupport_cpp/dracon_msgs/msg/job_cost_table__type_support.cpp.o[0m
[ 48%] Built target dracon_msgs__rosidl_typesupport_c
[ 49%] [32mBuilding C object CMakeFiles/dracon_msgs__rosidl_typesupport_introspection_c.dir/rosidl_typesupport_introspection_c/dracon_msgs/msg/detail/job_assignment__type_support.c.o[0m
[ 50%] [32mBuilding CXX object CMakeFiles/dracon_msgs__rosidl_typesupport_fastrtps_c.dir/rosidl_typesupport_fastrtps_c/dracon_msgs/msg/detail/job_cost__type_support_c.cpp.o[0m
[ 51%] [32mBuilding C object CMakeFiles/dracon_msgs__rosidl_typesupport_introspection_c.dir/rosidl_typesupport_introspection_c/dracon_msgs/msg/detail/job_assignment_table__type_support.c.o[0m
[ 53%] [32mBuilding C object CMakeFiles/dracon_msgs__rosidl_typesupport_introspection_c.dir/rosidl_typesupport_introspection_c/dracon_msgs/msg/detail/job_status__type_support.c.o[0m
[ 54%] [32mBuilding CXX object CMakeFiles/dracon_msgs__rosidl_typesupport_introspection_cpp.dir/rosidl_typesupport_introspection_cpp/dracon_msgs/msg/detail/job_cost__type_support.cpp.o[0m
[ 55%] [32m[1mLinking C shared library libdracon_msgs__rosidl_typesupport_introspection_c.so[0m
[ 56%] [32mBuilding CXX object CMakeFiles/dracon_msgs__rosidl_typesupport_fastrtps_cpp.dir/rosidl_typesupport_fastrtps_cpp/dracon_msgs/msg/detail/dds_fastrtps/job_cost__type_support.cpp.o[0m
[ 58%] [32mBuilding CXX object CMakeFiles/dracon_msgs__rosidl_typesupport_cpp.dir/rosidl_typesupport_cpp/dracon_msgs/msg/job_assignment__type_support.cpp.o[0m
[ 59%] [32mBuilding CXX object CMakeFiles/dracon_msgs__rosidl_typesupport_cpp.dir/rosidl_typesupport_cpp/dracon_msgs/msg/job_assignment_table__type_support.cpp.o[0m
[ 59%] Built target dracon_msgs__rosidl_typesupport_introspection_c
[ 60%] [32mBuilding CXX object CMakeFiles/dracon_msgs__rosidl_typesupport_fastrtps_c.dir/rosidl_typesupport_fastrtps_c/dracon_msgs/msg/detail/job_cost_table__type_support_c.cpp.o[0m
[ 62%] [32mBuilding CXX object CMakeFiles/dracon_msgs__rosidl_typesupport_cpp.dir/rosidl_typesupport_cpp/dracon_msgs/msg/job_status__type_support.cpp.o[0m
[ 63%] [32mBuilding CXX object CMakeFiles/dracon_msgs__rosidl_typesupport_introspection_cpp.dir/rosidl_typesupport_introspection_cpp/dracon_msgs/msg/detail/job_cost_table__type_support.cpp.o[0m
[ 64%] [32mBuilding CXX object CMakeFiles/dracon_msgs__rosidl_typesupport_fastrtps_cpp.dir/rosidl_typesupport_fastrtps_cpp/dracon_msgs/msg/detail/dds_fastrtps/job_cost_table__type_support.cpp.o[0m
[ 65%] [32mBuilding CXX object CMakeFiles/dracon_msgs__rosidl_typesupport_fastrtps_c.dir/rosidl_typesupport_fastrtps_c/dracon_msgs/msg/detail/job_assignment__type_support_c.cpp.o[0m
[ 67%] [32mBuilding CXX object CMakeFiles/dracon_msgs__rosidl_typesupport_fastrtps_c.dir/rosidl_typesupport_fastrtps_c/dracon_msgs/msg/detail/job_assignment_table__type_support_c.cpp.o[0m
[ 68%] [32m[1mLinking CXX shared library libdracon_msgs__rosidl_typesupport_cpp.so[0m
[ 69%] [32mBuilding CXX object CMakeFiles/dracon_msgs__rosidl_typesupport_fastrtps_c.dir/rosidl_typesupport_fastrtps_c/dracon_msgs/msg/detail/job_status__type_support_c.cpp.o[0m
[ 69%] Built target dracon_msgs__rosidl_typesupport_cpp
[ 70%] [32mBuilding CXX object CMakeFiles/dracon_msgs__rosidl_typesupport_introspection_cpp.dir/rosidl_typesupport_introspection_cpp/dracon_msgs/msg/detail/job_assignment__type_support.cpp.o[0m
[ 72%] [32mBuilding CXX object CMakeFiles/dracon_msgs__rosidl_typesupport_fastrtps_cpp.dir/rosidl_typesupport_fastrtps_cpp/dracon_msgs/msg/detail/dds_fastrtps/job_assignment__type_support.cpp.o[0m
[ 73%] [32mBuilding CXX object CMakeFiles/dracon_msgs__rosidl_typesupport_fastrtps_cpp.dir/rosidl_typesupport_fastrtps_cpp/dracon_msgs/msg/detail/dds_fastrtps/job_assignment_table__type_support.cpp.o[0m
[ 74%] [32mBuilding CXX object CMakeFiles/dracon_msgs__rosidl_typesupport_introspection_cpp.dir/rosidl_typesupport_introspection_cpp/dracon_msgs/msg/detail/job_assignment_table__type_support.cpp.o[0m
[ 75%] [32mBuilding CXX object CMakeFiles/dracon_msgs__rosidl_typesupport_fastrtps_cpp.dir/rosidl_typesupport_fastrtps_cpp/dracon_msgs/msg/detail/dds_fastrtps/job_status__type_support.cpp.o[0m
[ 77%] [32m[1mLinking CXX shared library libdracon_msgs__rosidl_typesupport_fastrtps_c.so[0m
[ 78%] [32mBuilding CXX object CMakeFiles/dracon_msgs__rosidl_typesupport_introspection_cpp.dir/rosidl_typesupport_introspection_cpp/dracon_msgs/msg/detail/job_status__type_support.cpp.o[0m
[ 78%] Built target dracon_msgs__rosidl_typesupport_fastrtps_c
[ 79%] [32m[1mLinking CXX shared library libdracon_msgs__rosidl_typesupport_fastrtps_cpp.so[0m
[ 79%] Built target dracon_msgs__rosidl_typesupport_fastrtps_cpp
[ 81%] [32m[1mLinking CXX shared library libdracon_msgs__rosidl_typesupport_introspection_cpp.so[0m
[ 81%] Built target dracon_msgs__rosidl_typesupport_introspection_cpp
[ 81%] Built target dracon_msgs
[ 82%] [34m[1mGenerating Python code for ROS interfaces[0m
[ 82%] Built target dracon_msgs__py
[ 83%] [32mBuilding C object CMakeFiles/dracon_msgs__rosidl_generator_py.dir/rosidl_generator_py/dracon_msgs/msg/_job_s.c.o[0m
[ 84%] [32mBuilding C object CMakeFiles/dracon_msgs__rosidl_generator_py.dir/rosidl_generator_py/dracon_msgs/msg/_job_list_s.c.o[0m
[ 86%] [32mBuilding C object CMakeFiles/dracon_msgs__rosidl_generator_py.dir/rosidl_generator_py/dracon_msgs/msg/_job_cost_s.c.o[0m
[ 87%] [32mBuilding C object CMakeFiles/dracon_msgs__rosidl_generator_py.dir/rosidl_generator_py/dracon_msgs/msg/_job_assignment_s.c.o[0m
[ 88%] [32mBuilding C object CMakeFiles/dracon_msgs__rosidl_generator_py.dir/rosidl_generator_py/dracon_msgs/msg/_job_assignment_table_s.c.o[0m
[ 89%] [32mBuilding C object CMakeFiles/dracon_msgs__rosidl_generator_py.dir/rosidl_generator_py/dracon_msgs/msg/_job_cost_table_s.c.o[0m
[ 91%] [32mBuilding C object CMakeFiles/dracon_msgs__rosidl_generator_py.dir/rosidl_generator_py/dracon_msgs/msg/_job_status_s.c.o[0m
[ 92%] [32m[1mLinking C shared library rosidl_generator_py/dracon_msgs/libdracon_msgs__rosidl_generator_py.so[0m
[ 92%] Built target dracon_msgs__rosidl_generator_py
[ 93%] [32mBuilding C object CMakeFiles/dracon_msgs__rosidl_typesupport_introspection_c__pyext.dir/rosidl_generator_py/dracon_msgs/_dracon_msgs_s.ep.rosidl_typesupport_introspection_c.c.o[0m
[ 94%] [32mBuilding C object CMakeFiles/dracon_msgs__rosidl_typesupport_c__pyext.dir/rosidl_generator_py/dracon_msgs/_dracon_msgs_s.ep.rosidl_typesupport_c.c.o[0m
[ 96%] [32mBuilding C object CMakeFiles/dracon_msgs__rosidl_typesupport_fastrtps_c__pyext.dir/rosidl_generator_py/dracon_msgs/_dracon_msgs_s.ep.rosidl_typesupport_fastrtps_c.c.o[0m
[ 97%] [32m[1mLinking C shared library rosidl_generator_py/dracon_msgs/dracon_msgs_s__rosidl_typesupport_introspection_c.cpython-310-x86_64-linux-gnu.so[0m
[ 98%] [32m[1mLinking C shared library rosidl_generator_py/dracon_msgs/dracon_msgs_s__rosidl_typesupport_fastrtps_c.cpython-310-x86_64-linux-gnu.so[0m
[100%] [32m[1mLinking C shared library rosidl_generator_py/dracon_msgs/dracon_msgs_s__rosidl_typesupport_c.cpython-310-x86_64-linux-gnu.so[0m
[100%] Built target dracon_msgs__rosidl_typesupport_c__pyext
[100%] Built target dracon_msgs__rosidl_typesupport_introspection_c__pyext
[100%] Built target dracon_msgs__rosidl_typesupport_fastrtps_c__pyext
-- Install configuration: ""
-- Installing: /home/venator/pil/dirac/pibt_ws/install/dracon_msgs/share/ament_index/resource_index/rosidl_interfaces/dracon_msgs
-- Installing: /home/venator/pil/dirac/pibt_ws/install/dracon_msgs/include/dracon_msgs/dracon_msgs
-- Installing: /home/venator/pil/dirac/pibt_ws/install/dracon_msgs/include/dracon_msgs/dracon_msgs/msg
-- Installing: /home/venator/pil/dirac/pibt_ws/install/dracon_msgs/include/dracon_msgs/dracon_msgs/msg/job_assignment_table.h
-- Installing: /home/venator/pil/dirac/pibt_ws/install/dracon_msgs/include/dracon_msgs/dracon_msgs/msg/job_list.h
-- Installing: /home/venator/pil/dirac/pibt_ws/install/dracon_msgs/include/dracon_msgs/dracon_msgs/msg/job_assignment.h
-- Installing: /home/venator/pil/dirac/pibt_ws/install/dracon_msgs/include/dracon_msgs/dracon_msgs/msg/job.h
-- Installing: /home/venator/pil/dirac/pibt_ws/install/dracon_msgs/include/dracon_msgs/dracon_msgs/msg/detail
-- Installing: /home/venator/pil/dirac/pibt_ws/install/dracon_msgs/include/dracon_msgs/dracon_msgs/msg/detail/job_status__functions.h
-- Installing: /home/venator/pil/dirac/pibt_ws/install/dracon_msgs/include/dracon_msgs/dracon_msgs/msg/detail/job_cost__functions.c
-- Installing: /home/venator/pil/dirac/pibt_ws/install/dracon_msgs/include/dracon_msgs/dracon_msgs/msg/detail/job_list__type_support.h
-- Installing: /home/venator/pil/dirac/pibt_ws/install/dracon_msgs/include/dracon_msgs/dracon_msgs/msg/detail/job_cost_table__functions.h
-- Installing: /home/venator/pil/dirac/pibt_ws/install/dracon_msgs/include/dracon_msgs/dracon_msgs/msg/detail/job_assignment__functions.c
-- Installing: /home/venator/pil/dirac/pibt_ws/install/dracon_msgs/include/dracon_msgs/dracon_msgs/msg/detail/job_cost_table__struct.h
-- Installing: /home/venator/pil/dirac/pibt_ws/install/dracon_msgs/include/dracon_msgs/dracon_msgs/msg/detail/job_list__functions.h
-- Installing: /home/venator/pil/dirac/pibt_ws/install/dracon_msgs/include/dracon_msgs/dracon_msgs/msg/detail/job_assignment_table__struct.h
-- Installing: /home/venator/pil/dirac/pibt_ws/install/dracon_msgs/include/dracon_msgs/dracon_msgs/msg/detail/job__functions.c
-- Installing: /home/venator/pil/dirac/pibt_ws/install/dracon_msgs/include/dracon_msgs/dracon_msgs/msg/detail/job_list__functions.c
-- Installing: /home/venator/pil/dirac/pibt_ws/install/dracon_msgs/include/dracon_msgs/dracon_msgs/msg/detail/job_assignment__struct.h
-- Installing: /home/venator/pil/dirac/pibt_ws/install/dracon_msgs/include/dracon_msgs/dracon_msgs/msg/detail/job__functions.h
-- Installing: /home/venator/pil/dirac/pibt_ws/install/dracon_msgs/include/dracon_msgs/dracon_msgs/msg/detail/job_status__type_support.h
-- Installing: /home/venator/pil/dirac/pibt_ws/install/dracon_msgs/include/dracon_msgs/dracon_msgs/msg/detail/job_cost__functions.h
-- Installing: /home/venator/pil/dirac/pibt_ws/install/dracon_msgs/include/dracon_msgs/dracon_msgs/msg/detail/job_cost__type_support.h
-- Installing: /home/venator/pil/dirac/pibt_ws/install/dracon_msgs/include/dracon_msgs/dracon_msgs/msg/detail/job_cost_table__type_support.h
-- Installing: /home/venator/pil/dirac/pibt_ws/install/dracon_msgs/include/dracon_msgs/dracon_msgs/msg/detail/job_assignment_table__type_support.h
-- Installing: /home/venator/pil/dirac/pibt_ws/install/dracon_msgs/include/dracon_msgs/dracon_msgs/msg/detail/job_assignment_table__functions.h
-- Installing: /home/venator/pil/dirac/pibt_ws/install/dracon_msgs/include/dracon_msgs/dracon_msgs/msg/detail/job__type_support.h
-- Installing: /home/venator/pil/dirac/pibt_ws/install/dracon_msgs/include/dracon_msgs/dracon_msgs/msg/detail/job_list__struct.h
-- Installing: /home/venator/pil/dirac/pibt_ws/install/dracon_msgs/include/dracon_msgs/dracon_msgs/msg/detail/job_cost__struct.h
-- Installing: /home/venator/pil/dirac/pibt_ws/install/dracon_msgs/include/dracon_msgs/dracon_msgs/msg/detail/job_assignment__type_support.h
-- Installing: /home/venator/pil/dirac/pibt_ws/install/dracon_msgs/include/dracon_msgs/dracon_msgs/msg/detail/job__struct.h
-- Installing: /home/venator/pil/dirac/pibt_ws/install/dracon_msgs/include/dracon_msgs/dracon_msgs/msg/detail/job_status__struct.h
-- Installing: /home/venator/pil/dirac/pibt_ws/install/dracon_msgs/include/dracon_msgs/dracon_msgs/msg/detail/job_assignment_table__functions.c
-- Installing: /home/venator/pil/dirac/pibt_ws/install/dracon_msgs/include/dracon_msgs/dracon_msgs/msg/detail/job_cost_table__functions.c
-- Installing: /home/venator/pil/dirac/pibt_ws/install/dracon_msgs/include/dracon_msgs/dracon_msgs/msg/detail/job_assignment__functions.h
-- Installing: /home/venator/pil/dirac/pibt_ws/install/dracon_msgs/include/dracon_msgs/dracon_msgs/msg/detail/job_status__functions.c
-- Installing: /home/venator/pil/dirac/pibt_ws/install/dracon_msgs/include/dracon_msgs/dracon_msgs/msg/job_status.h
-- Installing: /home/venator/pil/dirac/pibt_ws/install/dracon_msgs/include/dracon_msgs/dracon_msgs/msg/job_cost_table.h
-- Installing: /home/venator/pil/dirac/pibt_ws/install/dracon_msgs/include/dracon_msgs/dracon_msgs/msg/job_cost.h
-- Installing: /home/venator/pil/dirac/pibt_ws/install/dracon_msgs/include/dracon_msgs/dracon_msgs/msg/rosidl_generator_c__visibility_control.h
-- Installing: /home/venator/pil/dirac/pibt_ws/install/dracon_msgs/share/dracon_msgs/environment/library_path.sh
-- Installing: /home/venator/pil/dirac/pibt_ws/install/dracon_msgs/share/dracon_msgs/environment/library_path.dsv
-- Installing: /home/venator/pil/dirac/pibt_ws/install/dracon_msgs/lib/libdracon_msgs__rosidl_generator_c.so
-- Set runtime path of "/home/venator/pil/dirac/pibt_ws/install/dracon_msgs/lib/libdracon_msgs__rosidl_generator_c.so" to ""
-- Up-to-date: /home/venator/pil/dirac/pibt_ws/install/dracon_msgs/include/dracon_msgs/dracon_msgs
-- Up-to-date: /home/venator/pil/dirac/pibt_ws/install/dracon_msgs/include/dracon_msgs/dracon_msgs/msg
-- Installing: /home/venator/pil/dirac/pibt_ws/install/dracon_msgs/include/dracon_msgs/dracon_msgs/msg/rosidl_typesupport_fastrtps_c__visibility_control.h
-- Up-to-date: /home/venator/pil/dirac/pibt_ws/install/dracon_msgs/include/dracon_msgs/dracon_msgs/msg/detail
-- Installing: /home/venator/pil/dirac/pibt_ws/install/dracon_msgs/include/dracon_msgs/dracon_msgs/msg/detail/job_status__rosidl_typesupport_fastrtps_c.h
-- Installing: /home/venator/pil/dirac/pibt_ws/install/dracon_msgs/include/dracon_msgs/dracon_msgs/msg/detail/job_assignment_table__rosidl_typesupport_fastrtps_c.h
-- Installing: /home/venator/pil/dirac/pibt_ws/install/dracon_msgs/include/dracon_msgs/dracon_msgs/msg/detail/job__rosidl_typesupport_fastrtps_c.h
-- Installing: /home/venator/pil/dirac/pibt_ws/install/dracon_msgs/include/dracon_msgs/dracon_msgs/msg/detail/job_assignment__rosidl_typesupport_fastrtps_c.h
-- Installing: /home/venator/pil/dirac/pibt_ws/install/dracon_msgs/include/dracon_msgs/dracon_msgs/msg/detail/job_list__rosidl_typesupport_fastrtps_c.h
-- Installing: /home/venator/pil/dirac/pibt_ws/install/dracon_msgs/include/dracon_msgs/dracon_msgs/msg/detail/job_cost_table__rosidl_typesupport_fastrtps_c.h
-- Installing: /home/venator/pil/dirac/pibt_ws/install/dracon_msgs/include/dracon_msgs/dracon_msgs/msg/detail/job_cost__rosidl_typesupport_fastrtps_c.h
-- Installing: /home/venator/pil/dirac/pibt_ws/install/dracon_msgs/lib/libdracon_msgs__rosidl_typesupport_fastrtps_c.so
-- Set runtime path of "/home/venator/pil/dirac/pibt_ws/install/dracon_msgs/lib/libdracon_msgs__rosidl_typesupport_fastrtps_c.so" to ""
-- Up-to-date: /home/venator/pil/dirac/pibt_ws/install/dracon_msgs/include/dracon_msgs/dracon_msgs
-- Up-to-date: /home/venator/pil/dirac/pibt_ws/install/dracon_msgs/include/dracon_msgs/dracon_msgs/msg
-- Up-to-date: /home/venator/pil/dirac/pibt_ws/install/dracon_msgs/include/dracon_msgs/dracon_msgs/msg/detail
-- Installing: /home/venator/pil/dirac/pibt_ws/install/dracon_msgs/include/dracon_msgs/dracon_msgs/msg/detail/job_list__type_support.c
-- Installing: /home/venator/pil/dirac/pibt_ws/install/dracon_msgs/include/dracon_msgs/dracon_msgs/msg/detail/job_assignment__type_support.c
-- Installing: /home/venator/pil/dirac/pibt_ws/install/dracon_msgs/include/dracon_msgs/dracon_msgs/msg/detail/job_cost_table__type_support.c
-- Installing: /home/venator/pil/dirac/pibt_ws/install/dracon_msgs/include/dracon_msgs/dracon_msgs/msg/detail/job_assignment_table__rosidl_typesupport_introspection_c.h
-- Installing: /home/venator/pil/dirac/pibt_ws/install/dracon_msgs/include/dracon_msgs/dracon_msgs/msg/detail/job_status__type_support.c
-- Installing: /home/venator/pil/dirac/pibt_ws/install/dracon_msgs/include/dracon_msgs/dracon_msgs/msg/detail/job_assignment__rosidl_typesupport_introspection_c.h
-- Installing: /home/venator/pil/dirac/pibt_ws/install/dracon_msgs/include/dracon_msgs/dracon_msgs/msg/detail/job_cost_table__rosidl_typesupport_introspection_c.h
-- Installing: /home/venator/pil/dirac/pibt_ws/install/dracon_msgs/include/dracon_msgs/dracon_msgs/msg/detail/job__type_support.c
-- Installing: /home/venator/pil/dirac/pibt_ws/install/dracon_msgs/include/dracon_msgs/dracon_msgs/msg/detail/job_assignment_table__type_support.c
-- Installing: /home/venator/pil/dirac/pibt_ws/install/dracon_msgs/include/dracon_msgs/dracon_msgs/msg/detail/job_status__rosidl_typesupport_introspection_c.h
-- Installing: /home/venator/pil/dirac/pibt_ws/install/dracon_msgs/include/dracon_msgs/dracon_msgs/msg/detail/job_cost__type_support.c
-- Installing: /home/venator/pil/dirac/pibt_ws/install/dracon_msgs/include/dracon_msgs/dracon_msgs/msg/detail/job__rosidl_typesupport_introspection_c.h
-- Installing: /home/venator/pil/dirac/pibt_ws/install/dracon_msgs/include/dracon_msgs/dracon_msgs/msg/detail/job_cost__rosidl_typesupport_introspection_c.h
-- Installing: /home/venator/pil/dirac/pibt_ws/install/dracon_msgs/include/dracon_msgs/dracon_msgs/msg/detail/job_list__rosidl_typesupport_introspection_c.h
-- Installing: /home/venator/pil/dirac/pibt_ws/install/dracon_msgs/include/dracon_msgs/dracon_msgs/msg/rosidl_typesupport_introspection_c__visibility_control.h
-- Installing: /home/venator/pil/dirac/pibt_ws/install/dracon_msgs/lib/libdracon_msgs__rosidl_typesupport_introspection_c.so
-- Set runtime path of "/home/venator/pil/dirac/pibt_ws/install/dracon_msgs/lib/libdracon_msgs__rosidl_typesupport_introspection_c.so" to ""
-- Installing: /home/venator/pil/dirac/pibt_ws/install/dracon_msgs/lib/libdracon_msgs__rosidl_typesupport_c.so
-- Set runtime path of "/home/venator/pil/dirac/pibt_ws/install/dracon_msgs/lib/libdracon_msgs__rosidl_typesupport_c.so" to ""
-- Up-to-date: /home/venator/pil/dirac/pibt_ws/install/dracon_msgs/include/dracon_msgs/dracon_msgs
-- Up-to-date: /home/venator/pil/dirac/pibt_ws/install/dracon_msgs/include/dracon_msgs/dracon_msgs/msg
-- Installing: /home/venator/pil/dirac/pibt_ws/install/dracon_msgs/include/dracon_msgs/dracon_msgs/msg/job_cost_table.hpp
-- Installing: /home/venator/pil/dirac/pibt_ws/install/dracon_msgs/include/dracon_msgs/dracon_msgs/msg/job_status.hpp
-- Up-to-date: /home/venator/pil/dirac/pibt_ws/install/dracon_msgs/include/dracon_msgs/dracon_msgs/msg/detail
-- Installing: /home/venator/pil/dirac/pibt_ws/install/dracon_msgs/include/dracon_msgs/dracon_msgs/msg/detail/job_assignment_table__struct.hpp
-- Installing: /home/venator/pil/dirac/pibt_ws/install/dracon_msgs/include/dracon_msgs/dracon_msgs/msg/detail/job_cost__traits.hpp
-- Installing: /home/venator/pil/dirac/pibt_ws/install/dracon_msgs/include/dracon_msgs/dracon_msgs/msg/detail/job_cost_table__traits.hpp
-- Installing: /home/venator/pil/dirac/pibt_ws/install/dracon_msgs/include/dracon_msgs/dracon_msgs/msg/detail/job_status__type_support.hpp
-- Installing: /home/venator/pil/dirac/pibt_ws/install/dracon_msgs/include/dracon_msgs/dracon_msgs/msg/detail/job_list__traits.hpp
-- Installing: /home/venator/pil/dirac/pibt_ws/install/dracon_msgs/include/dracon_msgs/dracon_msgs/msg/detail/job_cost_table__type_support.hpp
-- Installing: /home/venator/pil/dirac/pibt_ws/install/dracon_msgs/include/dracon_msgs/dracon_msgs/msg/detail/job_assignment__traits.hpp
-- Installing: /home/venator/pil/dirac/pibt_ws/install/dracon_msgs/include/dracon_msgs/dracon_msgs/msg/detail/job_status__struct.hpp
-- Installing: /home/venator/pil/dirac/pibt_ws/install/dracon_msgs/include/dracon_msgs/dracon_msgs/msg/detail/job_cost_table__struct.hpp
-- Installing: /home/venator/pil/dirac/pibt_ws/install/dracon_msgs/include/dracon_msgs/dracon_msgs/msg/detail/job_status__traits.hpp
-- Installing: /home/venator/pil/dirac/pibt_ws/install/dracon_msgs/include/dracon_msgs/dracon_msgs/msg/detail/job_list__struct.hpp
-- Installing: /home/venator/pil/dirac/pibt_ws/install/dracon_msgs/include/dracon_msgs/dracon_msgs/msg/detail/job__type_support.hpp
-- Installing: /home/venator/pil/dirac/pibt_ws/install/dracon_msgs/include/dracon_msgs/dracon_msgs/msg/detail/job_assignment_table__type_support.hpp
-- Installing: /home/venator/pil/dirac/pibt_ws/install/dracon_msgs/include/dracon_msgs/dracon_msgs/msg/detail/job_cost__struct.hpp
-- Installing: /home/venator/pil/dirac/pibt_ws/install/dracon_msgs/include/dracon_msgs/dracon_msgs/msg/detail/job_assignment__type_support.hpp
-- Installing: /home/venator/pil/dirac/pibt_ws/install/dracon_msgs/include/dracon_msgs/dracon_msgs/msg/detail/job_assignment__builder.hpp
-- Installing: /home/venator/pil/dirac/pibt_ws/install/dracon_msgs/include/dracon_msgs/dracon_msgs/msg/detail/job_list__type_support.hpp
-- Installing: /home/venator/pil/dirac/pibt_ws/install/dracon_msgs/include/dracon_msgs/dracon_msgs/msg/detail/job__traits.hpp
-- Installing: /home/venator/pil/dirac/pibt_ws/install/dracon_msgs/include/dracon_msgs/dracon_msgs/msg/detail/job_cost__builder.hpp
-- Installing: /home/venator/pil/dirac/pibt_ws/install/dracon_msgs/include/dracon_msgs/dracon_msgs/msg/detail/job_status__builder.hpp
-- Installing: /home/venator/pil/dirac/pibt_ws/install/dracon_msgs/include/dracon_msgs/dracon_msgs/msg/detail/job__builder.hpp
-- Installing: /home/venator/pil/dirac/pibt_ws/install/dracon_msgs/include/dracon_msgs/dracon_msgs/msg/detail/job_assignment_table__traits.hpp
-- Installing: /home/venator/pil/dirac/pibt_ws/install/dracon_msgs/include/dracon_msgs/dracon_msgs/msg/detail/job_assignment__struct.hpp
-- Installing: /home/venator/pil/dirac/pibt_ws/install/dracon_msgs/include/dracon_msgs/dracon_msgs/msg/detail/job_cost__type_support.hpp
-- Installing: /home/venator/pil/dirac/pibt_ws/install/dracon_msgs/include/dracon_msgs/dracon_msgs/msg/detail/job__struct.hpp
-- Installing: /home/venator/pil/dirac/pibt_ws/install/dracon_msgs/include/dracon_msgs/dracon_msgs/msg/detail/job_list__builder.hpp
-- Installing: /home/venator/pil/dirac/pibt_ws/install/dracon_msgs/include/dracon_msgs/dracon_msgs/msg/detail/job_assignment_table__builder.hpp
-- Installing: /home/venator/pil/dirac/pibt_ws/install/dracon_msgs/include/dracon_msgs/dracon_msgs/msg/detail/job_cost_table__builder.hpp
-- Installing: /home/venator/pil/dirac/pibt_ws/install/dracon_msgs/include/dracon_msgs/dracon_msgs/msg/job_assignment_table.hpp
-- Installing: /home/venator/pil/dirac/pibt_ws/install/dracon_msgs/include/dracon_msgs/dracon_msgs/msg/rosidl_generator_cpp__visibility_control.hpp
-- Installing: /home/venator/pil/dirac/pibt_ws/install/dracon_msgs/include/dracon_msgs/dracon_msgs/msg/job_list.hpp
-- Installing: /home/venator/pil/dirac/pibt_ws/install/dracon_msgs/include/dracon_msgs/dracon_msgs/msg/job_assignment.hpp
-- Installing: /home/venator/pil/dirac/pibt_ws/install/dracon_msgs/include/dracon_msgs/dracon_msgs/msg/job.hpp
-- Installing: /home/venator/pil/dirac/pibt_ws/install/dracon_msgs/include/dracon_msgs/dracon_msgs/msg/job_cost.hpp
-- Up-to-date: /home/venator/pil/dirac/pibt_ws/install/dracon_msgs/include/dracon_msgs/dracon_msgs
-- Up-to-date: /home/venator/pil/dirac/pibt_ws/install/dracon_msgs/include/dracon_msgs/dracon_msgs/msg
-- Installing: /home/venator/pil/dirac/pibt_ws/install/dracon_msgs/include/dracon_msgs/dracon_msgs/msg/rosidl_typesupport_fastrtps_cpp__visibility_control.h
-- Up-to-date: /home/venator/pil/dirac/pibt_ws/install/dracon_msgs/include/dracon_msgs/dracon_msgs/msg/detail
-- Installing: /home/venator/pil/dirac/pibt_ws/install/dracon_msgs/include/dracon_msgs/dracon_msgs/msg/detail/job_cost_table__rosidl_typesupport_fastrtps_cpp.hpp
-- Installing: /home/venator/pil/dirac/pibt_ws/install/dracon_msgs/include/dracon_msgs/dracon_msgs/msg/detail/job_cost__rosidl_typesupport_fastrtps_cpp.hpp
-- Installing: /home/venator/pil/dirac/pibt_ws/install/dracon_msgs/include/dracon_msgs/dracon_msgs/msg/detail/job_status__rosidl_typesupport_fastrtps_cpp.hpp
-- Installing: /home/venator/pil/dirac/pibt_ws/install/dracon_msgs/include/dracon_msgs/dracon_msgs/msg/detail/job__rosidl_typesupport_fastrtps_cpp.hpp
-- Installing: /home/venator/pil/dirac/pibt_ws/install/dracon_msgs/include/dracon_msgs/dracon_msgs/msg/detail/dds_fastrtps
-- Installing: /home/venator/pil/dirac/pibt_ws/install/dracon_msgs/include/dracon_msgs/dracon_msgs/msg/detail/job_list__rosidl_typesupport_fastrtps_cpp.hpp
-- Installing: /home/venator/pil/dirac/pibt_ws/install/dracon_msgs/include/dracon_msgs/dracon_msgs/msg/detail/job_assignment_table__rosidl_typesupport_fastrtps_cpp.hpp
-- Installing: /home/venator/pil/dirac/pibt_ws/install/dracon_msgs/include/dracon_msgs/dracon_msgs/msg/detail/job_assignment__rosidl_typesupport_fastrtps_cpp.hpp
-- Installing: /home/venator/pil/dirac/pibt_ws/install/dracon_msgs/lib/libdracon_msgs__rosidl_typesupport_fastrtps_cpp.so
-- Set runtime path of "/home/venator/pil/dirac/pibt_ws/install/dracon_msgs/lib/libdracon_msgs__rosidl_typesupport_fastrtps_cpp.so" to ""
-- Up-to-date: /home/venator/pil/dirac/pibt_ws/install/dracon_msgs/include/dracon_msgs/dracon_msgs
-- Up-to-date: /home/venator/pil/dirac/pibt_ws/install/dracon_msgs/include/dracon_msgs/dracon_msgs/msg
-- Up-to-date: /home/venator/pil/dirac/pibt_ws/install/dracon_msgs/include/dracon_msgs/dracon_msgs/msg/detail
-- Installing: /home/venator/pil/dirac/pibt_ws/install/dracon_msgs/include/dracon_msgs/dracon_msgs/msg/detail/job_status__rosidl_typesupport_introspection_cpp.hpp
-- Installing: /home/venator/pil/dirac/pibt_ws/install/dracon_msgs/include/dracon_msgs/dracon_msgs/msg/detail/job_assignment_table__rosidl_typesupport_introspection_cpp.hpp
-- Installing: /home/venator/pil/dirac/pibt_ws/install/dracon_msgs/include/dracon_msgs/dracon_msgs/msg/detail/job_cost_table__type_support.cpp
-- Installing: /home/venator/pil/dirac/pibt_ws/install/dracon_msgs/include/dracon_msgs/dracon_msgs/msg/detail/job__rosidl_typesupport_introspection_cpp.hpp
-- Installing: /home/venator/pil/dirac/pibt_ws/install/dracon_msgs/include/dracon_msgs/dracon_msgs/msg/detail/job__type_support.cpp
-- Installing: /home/venator/pil/dirac/pibt_ws/install/dracon_msgs/include/dracon_msgs/dracon_msgs/msg/detail/job_cost__rosidl_typesupport_introspection_cpp.hpp
-- Installing: /home/venator/pil/dirac/pibt_ws/install/dracon_msgs/include/dracon_msgs/dracon_msgs/msg/detail/job_assignment_table__type_support.cpp
-- Installing: /home/venator/pil/dirac/pibt_ws/install/dracon_msgs/include/dracon_msgs/dracon_msgs/msg/detail/job_list__type_support.cpp
-- Installing: /home/venator/pil/dirac/pibt_ws/install/dracon_msgs/include/dracon_msgs/dracon_msgs/msg/detail/job_assignment__type_support.cpp
-- Installing: /home/venator/pil/dirac/pibt_ws/install/dracon_msgs/include/dracon_msgs/dracon_msgs/msg/detail/job_list__rosidl_typesupport_introspection_cpp.hpp
-- Installing: /home/venator/pil/dirac/pibt_ws/install/dracon_msgs/include/dracon_msgs/dracon_msgs/msg/detail/job_assignment__rosidl_typesupport_introspection_cpp.hpp
-- Installing: /home/venator/pil/dirac/pibt_ws/install/dracon_msgs/include/dracon_msgs/dracon_msgs/msg/detail/job_cost__type_support.cpp
-- Installing: /home/venator/pil/dirac/pibt_ws/install/dracon_msgs/include/dracon_msgs/dracon_msgs/msg/detail/job_status__type_support.cpp
-- Installing: /home/venator/pil/dirac/pibt_ws/install/dracon_msgs/include/dracon_msgs/dracon_msgs/msg/detail/job_cost_table__rosidl_typesupport_introspection_cpp.hpp
-- Installing: /home/venator/pil/dirac/pibt_ws/install/dracon_msgs/lib/libdracon_msgs__rosidl_typesupport_introspection_cpp.so
-- Set runtime path of "/home/venator/pil/dirac/pibt_ws/install/dracon_msgs/lib/libdracon_msgs__rosidl_typesupport_introspection_cpp.so" to ""
-- Installing: /home/venator/pil/dirac/pibt_ws/install/dracon_msgs/lib/libdracon_msgs__rosidl_typesupport_cpp.so
-- Set runtime path of "/home/venator/pil/dirac/pibt_ws/install/dracon_msgs/lib/libdracon_msgs__rosidl_typesupport_cpp.so" to ""
-- Installing: /home/venator/pil/dirac/pibt_ws/install/dracon_msgs/share/dracon_msgs/environment/pythonpath.sh
-- Installing: /home/venator/pil/dirac/pibt_ws/install/dracon_msgs/share/dracon_msgs/environment/pythonpath.dsv
-- Installing: /home/venator/pil/dirac/pibt_ws/install/dracon_msgs/local/lib/python3.10/dist-packages/dracon_msgs-0.0.0-py3.10.egg-info
-- Installing: /home/venator/pil/dirac/pibt_ws/install/dracon_msgs/local/lib/python3.10/dist-packages/dracon_msgs-0.0.0-py3.10.egg-info/top_level.txt
-- Installing: /home/venator/pil/dirac/pibt_ws/install/dracon_msgs/local/lib/python3.10/dist-packages/dracon_msgs-0.0.0-py3.10.egg-info/dependency_links.txt
-- Installing: /home/venator/pil/dirac/pibt_ws/install/dracon_msgs/local/lib/python3.10/dist-packages/dracon_msgs-0.0.0-py3.10.egg-info/PKG-INFO
-- Installing: /home/venator/pil/dirac/pibt_ws/install/dracon_msgs/local/lib/python3.10/dist-packages/dracon_msgs-0.0.0-py3.10.egg-info/SOURCES.txt
-- Installing: /home/venator/pil/dirac/pibt_ws/install/dracon_msgs/local/lib/python3.10/dist-packages/dracon_msgs
-- Installing: /home/venator/pil/dirac/pibt_ws/install/dracon_msgs/local/lib/python3.10/dist-packages/dracon_msgs/_dracon_msgs_s.ep.rosidl_typesupport_c.c
-- Installing: /home/venator/pil/dirac/pibt_ws/install/dracon_msgs/local/lib/python3.10/dist-packages/dracon_msgs/msg
-- Installing: /home/venator/pil/dirac/pibt_ws/install/dracon_msgs/local/lib/python3.10/dist-packages/dracon_msgs/msg/_job_status_s.c
-- Installing: /home/venator/pil/dirac/pibt_ws/install/dracon_msgs/local/lib/python3.10/dist-packages/dracon_msgs/msg/_job_assignment_s.c
-- Installing: /home/venator/pil/dirac/pibt_ws/install/dracon_msgs/local/lib/python3.10/dist-packages/dracon_msgs/msg/_job_list_s.c
-- Installing: /home/venator/pil/dirac/pibt_ws/install/dracon_msgs/local/lib/python3.10/dist-packages/dracon_msgs/msg/_job.py
-- Installing: /home/venator/pil/dirac/pibt_ws/install/dracon_msgs/local/lib/python3.10/dist-packages/dracon_msgs/msg/_job_cost.py
-- Installing: /home/venator/pil/dirac/pibt_ws/install/dracon_msgs/local/lib/python3.10/dist-packages/dracon_msgs/msg/__init__.py
-- Installing: /home/venator/pil/dirac/pibt_ws/install/dracon_msgs/local/lib/python3.10/dist-packages/dracon_msgs/msg/_job_assignment.py
-- Installing: /home/venator/pil/dirac/pibt_ws/install/dracon_msgs/local/lib/python3.10/dist-packages/dracon_msgs/msg/_job_cost_table.py
-- Installing: /home/venator/pil/dirac/pibt_ws/install/dracon_msgs/local/lib/python3.10/dist-packages/dracon_msgs/msg/_job_s.c
-- Installing: /home/venator/pil/dirac/pibt_ws/install/dracon_msgs/local/lib/python3.10/dist-packages/dracon_msgs/msg/_job_list.py
-- Installing: /home/venator/pil/dirac/pibt_ws/install/dracon_msgs/local/lib/python3.10/dist-packages/dracon_msgs/msg/_job_cost_table_s.c
-- Installing: /home/venator/pil/dirac/pibt_ws/install/dracon_msgs/local/lib/python3.10/dist-packages/dracon_msgs/msg/_job_assignment_table.py
-- Installing: /home/venator/pil/dirac/pibt_ws/install/dracon_msgs/local/lib/python3.10/dist-packages/dracon_msgs/msg/_job_status.py
-- Installing: /home/venator/pil/dirac/pibt_ws/install/dracon_msgs/local/lib/python3.10/dist-packages/dracon_msgs/msg/_job_assignment_table_s.c
-- Installing: /home/venator/pil/dirac/pibt_ws/install/dracon_msgs/local/lib/python3.10/dist-packages/dracon_msgs/msg/_job_cost_s.c
-- Installing: /home/venator/pil/dirac/pibt_ws/install/dracon_msgs/local/lib/python3.10/dist-packages/dracon_msgs/__init__.py
-- Installing: /home/venator/pil/dirac/pibt_ws/install/dracon_msgs/local/lib/python3.10/dist-packages/dracon_msgs/dracon_msgs_s__rosidl_typesupport_introspection_c.cpython-310-x86_64-linux-gnu.so
-- Installing: /home/venator/pil/dirac/pibt_ws/install/dracon_msgs/local/lib/python3.10/dist-packages/dracon_msgs/libdracon_msgs__rosidl_generator_py.so
-- Installing: /home/venator/pil/dirac/pibt_ws/install/dracon_msgs/local/lib/python3.10/dist-packages/dracon_msgs/dracon_msgs_s__rosidl_typesupport_c.cpython-310-x86_64-linux-gnu.so
-- Installing: /home/venator/pil/dirac/pibt_ws/install/dracon_msgs/local/lib/python3.10/dist-packages/dracon_msgs/dracon_msgs_s__rosidl_typesupport_fastrtps_c.cpython-310-x86_64-linux-gnu.so
-- Installing: /home/venator/pil/dirac/pibt_ws/install/dracon_msgs/local/lib/python3.10/dist-packages/dracon_msgs/_dracon_msgs_s.ep.rosidl_typesupport_introspection_c.c
-- Installing: /home/venator/pil/dirac/pibt_ws/install/dracon_msgs/local/lib/python3.10/dist-packages/dracon_msgs/_dracon_msgs_s.ep.rosidl_typesupport_fastrtps_c.c
Listing '/home/venator/pil/dirac/pibt_ws/install/dracon_msgs/local/lib/python3.10/dist-packages/dracon_msgs'...
Compiling '/home/venator/pil/dirac/pibt_ws/install/dracon_msgs/local/lib/python3.10/dist-packages/dracon_msgs/__init__.py'...
Listing '/home/venator/pil/dirac/pibt_ws/install/dracon_msgs/local/lib/python3.10/dist-packages/dracon_msgs/msg'...
Compiling '/home/venator/pil/dirac/pibt_ws/install/dracon_msgs/local/lib/python3.10/dist-packages/dracon_msgs/msg/__init__.py'...
Compiling '/home/venator/pil/dirac/pibt_ws/install/dracon_msgs/local/lib/python3.10/dist-packages/dracon_msgs/msg/_job.py'...
Compiling '/home/venator/pil/dirac/pibt_ws/install/dracon_msgs/local/lib/python3.10/dist-packages/dracon_msgs/msg/_job_assignment.py'...
Compiling '/home/venator/pil/dirac/pibt_ws/install/dracon_msgs/local/lib/python3.10/dist-packages/dracon_msgs/msg/_job_assignment_table.py'...
Compiling '/home/venator/pil/dirac/pibt_ws/install/dracon_msgs/local/lib/python3.10/dist-packages/dracon_msgs/msg/_job_cost.py'...
Compiling '/home/venator/pil/dirac/pibt_ws/install/dracon_msgs/local/lib/python3.10/dist-packages/dracon_msgs/msg/_job_cost_table.py'...
Compiling '/home/venator/pil/dirac/pibt_ws/install/dracon_msgs/local/lib/python3.10/dist-packages/dracon_msgs/msg/_job_list.py'...
Compiling '/home/venator/pil/dirac/pibt_ws/install/dracon_msgs/local/lib/python3.10/dist-packages/dracon_msgs/msg/_job_status.py'...
-- Installing: /home/venator/pil/dirac/pibt_ws/install/dracon_msgs/local/lib/python3.10/dist-packages/dracon_msgs/dracon_msgs_s__rosidl_typesupport_fastrtps_c.cpython-310-x86_64-linux-gnu.so
-- Set runtime path of "/home/venator/pil/dirac/pibt_ws/install/dracon_msgs/local/lib/python3.10/dist-packages/dracon_msgs/dracon_msgs_s__rosidl_typesupport_fastrtps_c.cpython-310-x86_64-linux-gnu.so" to ""
-- Installing: /home/venator/pil/dirac/pibt_ws/install/dracon_msgs/local/lib/python3.10/dist-packages/dracon_msgs/dracon_msgs_s__rosidl_typesupport_introspection_c.cpython-310-x86_64-linux-gnu.so
-- Set runtime path of "/home/venator/pil/dirac/pibt_ws/install/dracon_msgs/local/lib/python3.10/dist-packages/dracon_msgs/dracon_msgs_s__rosidl_typesupport_introspection_c.cpython-310-x86_64-linux-gnu.so" to ""
-- Installing: /home/venator/pil/dirac/pibt_ws/install/dracon_msgs/local/lib/python3.10/dist-packages/dracon_msgs/dracon_msgs_s__rosidl_typesupport_c.cpython-310-x86_64-linux-gnu.so
-- Set runtime path of "/home/venator/pil/dirac/pibt_ws/install/dracon_msgs/local/lib/python3.10/dist-packages/dracon_msgs/dracon_msgs_s__rosidl_typesupport_c.cpython-310-x86_64-linux-gnu.so" to ""
-- Installing: /home/venator/pil/dirac/pibt_ws/install/dracon_msgs/lib/libdracon_msgs__rosidl_generator_py.so
-- Set runtime path of "/home/venator/pil/dirac/pibt_ws/install/dracon_msgs/lib/libdracon_msgs__rosidl_generator_py.so" to ""
-- Installing: /home/venator/pil/dirac/pibt_ws/install/dracon_msgs/share/dracon_msgs/msg/Job.idl
-- Installing: /home/venator/pil/dirac/pibt_ws/install/dracon_msgs/share/dracon_msgs/msg/JobList.idl
-- Installing: /home/venator/pil/dirac/pibt_ws/install/dracon_msgs/share/dracon_msgs/msg/JobCost.idl
-- Installing: /home/venator/pil/dirac/pibt_ws/install/dracon_msgs/share/dracon_msgs/msg/JobCostTable.idl
-- Installing: /home/venator/pil/dirac/pibt_ws/install/dracon_msgs/share/dracon_msgs/msg/JobAssignment.idl
-- Installing: /home/venator/pil/dirac/pibt_ws/install/dracon_msgs/share/dracon_msgs/msg/JobAssignmentTable.idl
-- Installing: /home/venator/pil/dirac/pibt_ws/install/dracon_msgs/share/dracon_msgs/msg/JobStatus.idl
-- Installing: /home/venator/pil/dirac/pibt_ws/install/dracon_msgs/share/dracon_msgs/msg/Job.msg
-- Installing: /home/venator/pil/dirac/pibt_ws/install/dracon_msgs/share/dracon_msgs/msg/JobList.msg
-- Installing: /home/venator/pil/dirac/pibt_ws/install/dracon_msgs/share/dracon_msgs/msg/JobCost.msg
-- Installing: /home/venator/pil/dirac/pibt_ws/install/dracon_msgs/share/dracon_msgs/msg/JobCostTable.msg
-- Installing: /home/venator/pil/dirac/pibt_ws/install/dracon_msgs/share/dracon_msgs/msg/JobAssignment.msg
-- Installing: /home/venator/pil/dirac/pibt_ws/install/dracon_msgs/share/dracon_msgs/msg/JobAssignmentTable.msg
-- Installing: /home/venator/pil/dirac/pibt_ws/install/dracon_msgs/share/dracon_msgs/msg/JobStatus.msg
-- Installing: /home/venator/pil/dirac/pibt_ws/install/dracon_msgs/share/ament_index/resource_index/package_run_dependencies/dracon_msgs
-- Installing: /home/venator/pil/dirac/pibt_ws/install/dracon_msgs/share/ament_index/resource_index/parent_prefix_path/dracon_msgs
-- Installing: /home/venator/pil/dirac/pibt_ws/install/dracon_msgs/share/dracon_msgs/environment/ament_prefix_path.sh
-- Installing: /home/venator/pil/dirac/pibt_ws/install/dracon_msgs/share/dracon_msgs/environment/ament_prefix_path.dsv
-- Installing: /home/venator/pil/dirac/pibt_ws/install/dracon_msgs/share/dracon_msgs/environment/path.sh
-- Installing: /home/venator/pil/dirac/pibt_ws/install/dracon_msgs/share/dracon_msgs/environment/path.dsv
-- Installing: /home/venator/pil/dirac/pibt_ws/install/dracon_msgs/share/dracon_msgs/local_setup.bash
-- Installing: /home/venator/pil/dirac/pibt_ws/install/dracon_msgs/share/dracon_msgs/local_setup.sh
-- Installing: /home/venator/pil/dirac/pibt_ws/install/dracon_msgs/share/dracon_msgs/local_setup.zsh
-- Installing: /home/venator/pil/dirac/pibt_ws/install/dracon_msgs/share/dracon_msgs/local_setup.dsv
-- Installing: /home/venator/pil/dirac/pibt_ws/install/dracon_msgs/share/dracon_msgs/package.dsv
-- Installing: /home/venator/pil/dirac/pibt_ws/install/dracon_msgs/share/ament_index/resource_index/packages/dracon_msgs
-- Installing: /home/venator/pil/dirac/pibt_ws/install/dracon_msgs/share/dracon_msgs/cmake/export_dracon_msgs__rosidl_generator_cExport.cmake
-- Installing: /home/venator/pil/dirac/pibt_ws/install/dracon_msgs/share/dracon_msgs/cmake/export_dracon_msgs__rosidl_generator_cExport-noconfig.cmake
-- Installing: /home/venator/pil/dirac/pibt_ws/install/dracon_msgs/share/dracon_msgs/cmake/export_dracon_msgs__rosidl_typesupport_fastrtps_cExport.cmake
-- Installing: /home/venator/pil/dirac/pibt_ws/install/dracon_msgs/share/dracon_msgs/cmake/export_dracon_msgs__rosidl_typesupport_fastrtps_cExport-noconfig.cmake
-- Installing: /home/venator/pil/dirac/pibt_ws/install/dracon_msgs/share/dracon_msgs/cmake/dracon_msgs__rosidl_typesupport_introspection_cExport.cmake
-- Installing: /home/venator/pil/dirac/pibt_ws/install/dracon_msgs/share/dracon_msgs/cmake/dracon_msgs__rosidl_typesupport_introspection_cExport-noconfig.cmake
-- Installing: /home/venator/pil/dirac/pibt_ws/install/dracon_msgs/share/dracon_msgs/cmake/dracon_msgs__rosidl_typesupport_cExport.cmake
-- Installing: /home/venator/pil/dirac/pibt_ws/install/dracon_msgs/share/dracon_msgs/cmake/dracon_msgs__rosidl_typesupport_cExport-noconfig.cmake
-- Installing: /home/venator/pil/dirac/pibt_ws/install/dracon_msgs/share/dracon_msgs/cmake/export_dracon_msgs__rosidl_generator_cppExport.cmake
-- Installing: /home/venator/pil/dirac/pibt_ws/install/dracon_msgs/share/dracon_msgs/cmake/export_dracon_msgs__rosidl_typesupport_fastrtps_cppExport.cmake
-- Installing: /home/venator/pil/dirac/pibt_ws/install/dracon_msgs/share/dracon_msgs/cmake/export_dracon_msgs__rosidl_typesupport_fastrtps_cppExport-noconfig.cmake
-- Installing: /home/venator/pil/dirac/pibt_ws/install/dracon_msgs/share/dracon_msgs/cmake/dracon_msgs__rosidl_typesupport_introspection_cppExport.cmake
-- Installing: /home/venator/pil/dirac/pibt_ws/install/dracon_msgs/share/dracon_msgs/cmake/dracon_msgs__rosidl_typesupport_introspection_cppExport-noconfig.cmake
-- Installing: /home/venator/pil/dirac/pibt_ws/install/dracon_msgs/share/dracon_msgs/cmake/dracon_msgs__rosidl_typesupport_cppExport.cmake
-- Installing: /home/venator/pil/dirac/pibt_ws/install/dracon_msgs/share/dracon_msgs/cmake/dracon_msgs__rosidl_typesupport_cppExport-noconfig.cmake
-- Installing: /home/venator/pil/dirac/pibt_ws/install/dracon_msgs/share/dracon_msgs/cmake/export_dracon_msgs__rosidl_generator_pyExport.cmake
-- Installing: /home/venator/pil/dirac/pibt_ws/install/dracon_msgs/share/dracon_msgs/cmake/export_dracon_msgs__rosidl_generator_pyExport-noconfig.cmake
-- Installing: /home/venator/pil/dirac/pibt_ws/install/dracon_msgs/share/dracon_msgs/cmake/rosidl_cmake-extras.cmake
-- Installing: /home/venator/pil/dirac/pibt_ws/install/dracon_msgs/share/dracon_msgs/cmake/ament_cmake_export_dependencies-extras.cmake
-- Installing: /home/venator/pil/dirac/pibt_ws/install/dracon_msgs/share/dracon_msgs/cmake/ament_cmake_export_include_directories-extras.cmake
-- Installing: /home/venator/pil/dirac/pibt_ws/install/dracon_msgs/share/dracon_msgs/cmake/ament_cmake_export_libraries-extras.cmake
-- Installing: /home/venator/pil/dirac/pibt_ws/install/dracon_msgs/share/dracon_msgs/cmake/ament_cmake_export_targets-extras.cmake
-- Installing: /home/venator/pil/dirac/pibt_ws/install/dracon_msgs/share/dracon_msgs/cmake/rosidl_cmake_export_typesupport_targets-extras.cmake
-- Installing: /home/venator/pil/dirac/pibt_ws/install/dracon_msgs/share/dracon_msgs/cmake/rosidl_cmake_export_typesupport_libraries-extras.cmake
-- Installing: /home/venator/pil/dirac/pibt_ws/install/dracon_msgs/share/dracon_msgs/cmake/dracon_msgsConfig.cmake
-- Installing: /home/venator/pil/dirac/pibt_ws/install/dracon_msgs/share/dracon_msgs/cmake/dracon_msgsConfig-version.cmake
-- Installing: /home/venator/pil/dirac/pibt_ws/install/dracon_msgs/share/dracon_msgs/package.xml
