[0.013s] Invoking command in '/home/venator/pil/dirac/pibt_ws/build/dracon_msgs': CMAKE_PREFIX_PATH=${CMAKE_PREFIX_PATH}:/opt/ros/humble /usr/bin/cmake /home/venator/pil/dirac/pibt_ws/src/dracon_msgs -DCMAKE_INSTALL_PREFIX=/home/venator/pil/dirac/pibt_ws/install/dracon_msgs
[0.083s] -- The C compiler identification is GNU 11.4.0
[0.140s] -- The CXX compiler identification is GNU 11.4.0
[0.148s] -- Detecting C compiler ABI info
[0.238s] -- Detecting C compiler ABI info - done
[0.243s] -- Check for working C compiler: /usr/bin/cc - skipped
[0.243s] -- Detecting C compile features
[0.243s] -- Detecting C compile features - done
[0.245s] -- Detecting CXX compiler ABI info
[0.344s] -- Detecting CXX compiler ABI info - done
[0.349s] -- Check for working CXX compiler: /usr/bin/c++ - skipped
[0.349s] -- Detecting CXX compile features
[0.350s] -- Detecting CXX compile features - done
[0.351s] -- Found ament_cmake: 1.3.11 (/opt/ros/humble/share/ament_cmake/cmake)
[0.480s] -- Found Python3: /usr/bin/python3 (found version "3.10.12") found components: Interpreter 
[0.545s] -- Found rosidl_default_generators: 1.2.0 (/opt/ros/humble/share/rosidl_default_generators/cmake)
[0.546s] -- Using all available rosidl_typesupport_c: rosidl_typesupport_fastrtps_c;rosidl_typesupport_introspection_c
[0.550s] -- Found rosidl_adapter: 3.1.6 (/opt/ros/humble/share/rosidl_adapter/cmake)
[0.574s] -- Using all available rosidl_typesupport_cpp: rosidl_typesupport_fastrtps_cpp;rosidl_typesupport_introspection_cpp
[0.593s] -- Found std_msgs: 4.9.0 (/opt/ros/humble/share/std_msgs/cmake)
[0.825s] -- Found ament_cmake_ros: 0.10.0 (/opt/ros/humble/share/ament_cmake_ros/cmake)
[0.993s] -- Using all available rosidl_typesupport_c: rosidl_typesupport_fastrtps_c;rosidl_typesupport_introspection_c
[1.207s] -- Using all available rosidl_typesupport_cpp: rosidl_typesupport_fastrtps_cpp;rosidl_typesupport_introspection_cpp
[1.227s] -- Found PythonInterp: /usr/bin/python3 (found suitable version "3.10.12", minimum required is "3.6") 
[1.228s] -- Found python_cmake_module: 0.10.0 (/opt/ros/humble/share/python_cmake_module/cmake)
[1.248s] -- Found PythonLibs: /usr/lib/x86_64-linux-gnu/libpython3.10.so (found suitable version "3.10.12", minimum required is "3.5") 
[1.248s] -- Using PYTHON_EXECUTABLE: /usr/bin/python3
[1.248s] -- Using PYTHON_INCLUDE_DIRS: /usr/include/python3.10
[1.248s] -- Using PYTHON_LIBRARIES: /usr/lib/x86_64-linux-gnu/libpython3.10.so
[1.265s] -- Found PythonExtra: .so  
[1.301s] -- Configuring done
[1.328s] -- Generating done
[1.336s] -- Build files have been written to: /home/venator/pil/dirac/pibt_ws/build/dracon_msgs
[1.341s] Invoked command in '/home/venator/pil/dirac/pibt_ws/build/dracon_msgs' returned '0': CMAKE_PREFIX_PATH=${CMAKE_PREFIX_PATH}:/opt/ros/humble /usr/bin/cmake /home/venator/pil/dirac/pibt_ws/src/dracon_msgs -DCMAKE_INSTALL_PREFIX=/home/venator/pil/dirac/pibt_ws/install/dracon_msgs
[1.342s] Invoking command in '/home/venator/pil/dirac/pibt_ws/build/dracon_msgs': CMAKE_PREFIX_PATH=${CMAKE_PREFIX_PATH}:/opt/ros/humble /usr/bin/cmake --build /home/venator/pil/dirac/pibt_ws/build/dracon_msgs -- -j6 -l6
[1.398s] [  1%] [34m[1mGenerating C code for ROS interfaces[0m
[1.421s] [  2%] [34m[1mGenerating C++ code for ROS interfaces[0m
[1.434s] [  2%] Built target ament_cmake_python_copy_dracon_msgs
[1.610s] running egg_info
[1.612s] creating dracon_msgs.egg-info
[1.612s] writing dracon_msgs.egg-info/PKG-INFO
[1.612s] writing dependency_links to dracon_msgs.egg-info/dependency_links.txt
[1.612s] writing top-level names to dracon_msgs.egg-info/top_level.txt
[1.612s] writing manifest file 'dracon_msgs.egg-info/SOURCES.txt'
[1.612s] reading manifest file 'dracon_msgs.egg-info/SOURCES.txt'
[1.612s] writing manifest file 'dracon_msgs.egg-info/SOURCES.txt'
[1.643s] [  2%] Built target ament_cmake_python_build_dracon_msgs_egg
[1.964s] [  2%] Built target dracon_msgs__cpp
[1.986s] [  3%] [32mBuilding C object CMakeFiles/dracon_msgs__rosidl_generator_c.dir/rosidl_generator_c/dracon_msgs/msg/detail/job_cost_table__functions.c.o[0m
[1.988s] [  5%] [32mBuilding C object CMakeFiles/dracon_msgs__rosidl_generator_c.dir/rosidl_generator_c/dracon_msgs/msg/detail/job__functions.c.o[0m
[1.991s] [  6%] [32mBuilding C object CMakeFiles/dracon_msgs__rosidl_generator_c.dir/rosidl_generator_c/dracon_msgs/msg/detail/job_cost__functions.c.o[0m
[1.996s] [  7%] [32mBuilding C object CMakeFiles/dracon_msgs__rosidl_generator_c.dir/rosidl_generator_c/dracon_msgs/msg/detail/job_assignment_table__functions.c.o[0m
[1.996s] [  8%] [32mBuilding C object CMakeFiles/dracon_msgs__rosidl_generator_c.dir/rosidl_generator_c/dracon_msgs/msg/detail/job_list__functions.c.o[0m
[1.996s] [ 10%] [32mBuilding C object CMakeFiles/dracon_msgs__rosidl_generator_c.dir/rosidl_generator_c/dracon_msgs/msg/detail/job_assignment__functions.c.o[0m
[2.059s] [ 11%] [32mBuilding C object CMakeFiles/dracon_msgs__rosidl_generator_c.dir/rosidl_generator_c/dracon_msgs/msg/detail/job_status__functions.c.o[0m
[2.073s] [ 12%] [34m[1mGenerating C++ type support dispatch for ROS interfaces[0m
[2.084s] [ 13%] [34m[1mGenerating C++ introspection for ROS interfaces[0m
[2.091s] [ 15%] [34m[1mGenerating C++ type support for eProsima Fast-RTPS[0m
[2.118s] [ 16%] [32m[1mLinking C shared library libdracon_msgs__rosidl_generator_c.so[0m
[2.168s] [ 16%] Built target dracon_msgs__rosidl_generator_c
[2.196s] [ 17%] [34m[1mGenerating C type support for eProsima Fast-RTPS[0m
[2.198s] [ 18%] [34m[1mGenerating C introspection for ROS interfaces[0m
[2.205s] [ 20%] [34m[1mGenerating C type support dispatch for ROS interfaces[0m
[2.484s] [ 21%] [32mBuilding CXX object CMakeFiles/dracon_msgs__rosidl_typesupport_cpp.dir/rosidl_typesupport_cpp/dracon_msgs/msg/job__type_support.cpp.o[0m
[2.649s] [ 22%] [32mBuilding CXX object CMakeFiles/dracon_msgs__rosidl_typesupport_c.dir/rosidl_typesupport_c/dracon_msgs/msg/job__type_support.cpp.o[0m
[2.732s] [ 24%] [32mBuilding CXX object CMakeFiles/dracon_msgs__rosidl_typesupport_c.dir/rosidl_typesupport_c/dracon_msgs/msg/job_list__type_support.cpp.o[0m
[2.736s] [ 25%] [32mBuilding CXX object CMakeFiles/dracon_msgs__rosidl_typesupport_introspection_cpp.dir/rosidl_typesupport_introspection_cpp/dracon_msgs/msg/detail/job__type_support.cpp.o[0m
[2.762s] [ 26%] [32mBuilding CXX object CMakeFiles/dracon_msgs__rosidl_typesupport_cpp.dir/rosidl_typesupport_cpp/dracon_msgs/msg/job_list__type_support.cpp.o[0m
[2.777s] [ 27%] [32mBuilding CXX object CMakeFiles/dracon_msgs__rosidl_typesupport_fastrtps_cpp.dir/rosidl_typesupport_fastrtps_cpp/dracon_msgs/msg/detail/dds_fastrtps/job__type_support.cpp.o[0m
[2.840s] [ 29%] [32mBuilding CXX object CMakeFiles/dracon_msgs__rosidl_typesupport_c.dir/rosidl_typesupport_c/dracon_msgs/msg/job_cost__type_support.cpp.o[0m
[2.908s] [ 30%] [32mBuilding CXX object CMakeFiles/dracon_msgs__rosidl_typesupport_c.dir/rosidl_typesupport_c/dracon_msgs/msg/job_cost_table__type_support.cpp.o[0m
[2.944s] [ 31%] [32mBuilding CXX object CMakeFiles/dracon_msgs__rosidl_typesupport_fastrtps_c.dir/rosidl_typesupport_fastrtps_c/dracon_msgs/msg/detail/job__type_support_c.cpp.o[0m
[2.967s] [ 32%] [32mBuilding C object CMakeFiles/dracon_msgs__rosidl_typesupport_introspection_c.dir/rosidl_typesupport_introspection_c/dracon_msgs/msg/detail/job__type_support.c.o[0m
[2.970s] [ 34%] [32mBuilding CXX object CMakeFiles/dracon_msgs__rosidl_typesupport_c.dir/rosidl_typesupport_c/dracon_msgs/msg/job_assignment__type_support.cpp.o[0m
[2.993s] [ 35%] [32mBuilding CXX object CMakeFiles/dracon_msgs__rosidl_typesupport_cpp.dir/rosidl_typesupport_cpp/dracon_msgs/msg/job_cost__type_support.cpp.o[0m
[3.053s] [ 36%] [32mBuilding CXX object CMakeFiles/dracon_msgs__rosidl_typesupport_c.dir/rosidl_typesupport_c/dracon_msgs/msg/job_assignment_table__type_support.cpp.o[0m
[3.054s] [ 39%] [32mBuilding C object CMakeFiles/dracon_msgs__rosidl_typesupport_introspection_c.dir/rosidl_typesupport_introspection_c/dracon_msgs/msg/detail/job_list__type_support.c.o[0m
[3.055s] [ 37%] [32mBuilding CXX object CMakeFiles/dracon_msgs__rosidl_typesupport_introspection_cpp.dir/rosidl_typesupport_introspection_cpp/dracon_msgs/msg/detail/job_list__type_support.cpp.o[0m
[3.107s] [ 40%] [32mBuilding CXX object CMakeFiles/dracon_msgs__rosidl_typesupport_c.dir/rosidl_typesupport_c/dracon_msgs/msg/job_status__type_support.cpp.o[0m
[3.115s] [ 41%] [32mBuilding CXX object CMakeFiles/dracon_msgs__rosidl_typesupport_fastrtps_cpp.dir/rosidl_typesupport_fastrtps_cpp/dracon_msgs/msg/detail/dds_fastrtps/job_list__type_support.cpp.o[0m
[3.137s] [ 43%] [32mBuilding C object CMakeFiles/dracon_msgs__rosidl_typesupport_introspection_c.dir/rosidl_typesupport_introspection_c/dracon_msgs/msg/detail/job_cost__type_support.c.o[0m
[3.191s] [ 44%] [32m[1mLinking CXX shared library libdracon_msgs__rosidl_typesupport_c.so[0m
[3.208s] [ 45%] [32mBuilding C object CMakeFiles/dracon_msgs__rosidl_typesupport_introspection_c.dir/rosidl_typesupport_introspection_c/dracon_msgs/msg/detail/job_cost_table__type_support.c.o[0m
[3.237s] [ 46%] [32mBuilding CXX object CMakeFiles/dracon_msgs__rosidl_typesupport_fastrtps_c.dir/rosidl_typesupport_fastrtps_c/dracon_msgs/msg/detail/job_list__type_support_c.cpp.o[0m
[3.243s] [ 48%] [32mBuilding CXX object CMakeFiles/dracon_msgs__rosidl_typesupport_cpp.dir/rosidl_typesupport_cpp/dracon_msgs/msg/job_cost_table__type_support.cpp.o[0m
[3.274s] [ 48%] Built target dracon_msgs__rosidl_typesupport_c
[3.299s] [ 49%] [32mBuilding C object CMakeFiles/dracon_msgs__rosidl_typesupport_introspection_c.dir/rosidl_typesupport_introspection_c/dracon_msgs/msg/detail/job_assignment__type_support.c.o[0m
[3.299s] [ 50%] [32mBuilding CXX object CMakeFiles/dracon_msgs__rosidl_typesupport_fastrtps_c.dir/rosidl_typesupport_fastrtps_c/dracon_msgs/msg/detail/job_cost__type_support_c.cpp.o[0m
[3.339s] [ 51%] [32mBuilding C object CMakeFiles/dracon_msgs__rosidl_typesupport_introspection_c.dir/rosidl_typesupport_introspection_c/dracon_msgs/msg/detail/job_assignment_table__type_support.c.o[0m
[3.380s] [ 53%] [32mBuilding C object CMakeFiles/dracon_msgs__rosidl_typesupport_introspection_c.dir/rosidl_typesupport_introspection_c/dracon_msgs/msg/detail/job_status__type_support.c.o[0m
[3.394s] [ 54%] [32mBuilding CXX object CMakeFiles/dracon_msgs__rosidl_typesupport_introspection_cpp.dir/rosidl_typesupport_introspection_cpp/dracon_msgs/msg/detail/job_cost__type_support.cpp.o[0m
[3.454s] [ 55%] [32m[1mLinking C shared library libdracon_msgs__rosidl_typesupport_introspection_c.so[0m
[3.485s] [ 56%] [32mBuilding CXX object CMakeFiles/dracon_msgs__rosidl_typesupport_fastrtps_cpp.dir/rosidl_typesupport_fastrtps_cpp/dracon_msgs/msg/detail/dds_fastrtps/job_cost__type_support.cpp.o[0m
[3.502s] [ 58%] [32mBuilding CXX object CMakeFiles/dracon_msgs__rosidl_typesupport_cpp.dir/rosidl_typesupport_cpp/dracon_msgs/msg/job_assignment__type_support.cpp.o[0m
[3.532s] [ 59%] [32mBuilding CXX object CMakeFiles/dracon_msgs__rosidl_typesupport_cpp.dir/rosidl_typesupport_cpp/dracon_msgs/msg/job_assignment_table__type_support.cpp.o[0m
[3.555s] [ 59%] Built target dracon_msgs__rosidl_typesupport_introspection_c
[3.568s] [ 60%] [32mBuilding CXX object CMakeFiles/dracon_msgs__rosidl_typesupport_fastrtps_c.dir/rosidl_typesupport_fastrtps_c/dracon_msgs/msg/detail/job_cost_table__type_support_c.cpp.o[0m
[3.628s] [ 62%] [32mBuilding CXX object CMakeFiles/dracon_msgs__rosidl_typesupport_cpp.dir/rosidl_typesupport_cpp/dracon_msgs/msg/job_status__type_support.cpp.o[0m
[3.704s] [ 63%] [32mBuilding CXX object CMakeFiles/dracon_msgs__rosidl_typesupport_introspection_cpp.dir/rosidl_typesupport_introspection_cpp/dracon_msgs/msg/detail/job_cost_table__type_support.cpp.o[0m
[3.759s] [ 64%] [32mBuilding CXX object CMakeFiles/dracon_msgs__rosidl_typesupport_fastrtps_cpp.dir/rosidl_typesupport_fastrtps_cpp/dracon_msgs/msg/detail/dds_fastrtps/job_cost_table__type_support.cpp.o[0m
[3.814s] [ 65%] [32mBuilding CXX object CMakeFiles/dracon_msgs__rosidl_typesupport_fastrtps_c.dir/rosidl_typesupport_fastrtps_c/dracon_msgs/msg/detail/job_assignment__type_support_c.cpp.o[0m
[3.822s] [ 67%] [32mBuilding CXX object CMakeFiles/dracon_msgs__rosidl_typesupport_fastrtps_c.dir/rosidl_typesupport_fastrtps_c/dracon_msgs/msg/detail/job_assignment_table__type_support_c.cpp.o[0m
[3.870s] [ 68%] [32m[1mLinking CXX shared library libdracon_msgs__rosidl_typesupport_cpp.so[0m
[3.911s] [ 69%] [32mBuilding CXX object CMakeFiles/dracon_msgs__rosidl_typesupport_fastrtps_c.dir/rosidl_typesupport_fastrtps_c/dracon_msgs/msg/detail/job_status__type_support_c.cpp.o[0m
[3.992s] [ 69%] Built target dracon_msgs__rosidl_typesupport_cpp
[4.031s] [ 70%] [32mBuilding CXX object CMakeFiles/dracon_msgs__rosidl_typesupport_introspection_cpp.dir/rosidl_typesupport_introspection_cpp/dracon_msgs/msg/detail/job_assignment__type_support.cpp.o[0m
[4.102s] [ 72%] [32mBuilding CXX object CMakeFiles/dracon_msgs__rosidl_typesupport_fastrtps_cpp.dir/rosidl_typesupport_fastrtps_cpp/dracon_msgs/msg/detail/dds_fastrtps/job_assignment__type_support.cpp.o[0m
[4.109s] [ 73%] [32mBuilding CXX object CMakeFiles/dracon_msgs__rosidl_typesupport_fastrtps_cpp.dir/rosidl_typesupport_fastrtps_cpp/dracon_msgs/msg/detail/dds_fastrtps/job_assignment_table__type_support.cpp.o[0m
[4.150s] [ 74%] [32mBuilding CXX object CMakeFiles/dracon_msgs__rosidl_typesupport_introspection_cpp.dir/rosidl_typesupport_introspection_cpp/dracon_msgs/msg/detail/job_assignment_table__type_support.cpp.o[0m
[4.165s] [ 75%] [32mBuilding CXX object CMakeFiles/dracon_msgs__rosidl_typesupport_fastrtps_cpp.dir/rosidl_typesupport_fastrtps_cpp/dracon_msgs/msg/detail/dds_fastrtps/job_status__type_support.cpp.o[0m
[4.250s] [ 77%] [32m[1mLinking CXX shared library libdracon_msgs__rosidl_typesupport_fastrtps_c.so[0m
[4.386s] [ 78%] [32mBuilding CXX object CMakeFiles/dracon_msgs__rosidl_typesupport_introspection_cpp.dir/rosidl_typesupport_introspection_cpp/dracon_msgs/msg/detail/job_status__type_support.cpp.o[0m
[4.407s] [ 78%] Built target dracon_msgs__rosidl_typesupport_fastrtps_c
[4.538s] [ 79%] [32m[1mLinking CXX shared library libdracon_msgs__rosidl_typesupport_fastrtps_cpp.so[0m
[4.610s] [ 79%] Built target dracon_msgs__rosidl_typesupport_fastrtps_cpp
[4.674s] [ 81%] [32m[1mLinking CXX shared library libdracon_msgs__rosidl_typesupport_introspection_cpp.so[0m
[4.745s] [ 81%] Built target dracon_msgs__rosidl_typesupport_introspection_cpp
[4.774s] [ 81%] Built target dracon_msgs
[4.804s] [ 82%] [34m[1mGenerating Python code for ROS interfaces[0m
[5.351s] [ 82%] Built target dracon_msgs__py
[5.395s] [ 83%] [32mBuilding C object CMakeFiles/dracon_msgs__rosidl_generator_py.dir/rosidl_generator_py/dracon_msgs/msg/_job_s.c.o[0m
[5.395s] [ 84%] [32mBuilding C object CMakeFiles/dracon_msgs__rosidl_generator_py.dir/rosidl_generator_py/dracon_msgs/msg/_job_list_s.c.o[0m
[5.396s] [ 86%] [32mBuilding C object CMakeFiles/dracon_msgs__rosidl_generator_py.dir/rosidl_generator_py/dracon_msgs/msg/_job_cost_s.c.o[0m
[5.399s] [ 87%] [32mBuilding C object CMakeFiles/dracon_msgs__rosidl_generator_py.dir/rosidl_generator_py/dracon_msgs/msg/_job_assignment_s.c.o[0m
[5.403s] [ 88%] [32mBuilding C object CMakeFiles/dracon_msgs__rosidl_generator_py.dir/rosidl_generator_py/dracon_msgs/msg/_job_assignment_table_s.c.o[0m
[5.403s] [ 89%] [32mBuilding C object CMakeFiles/dracon_msgs__rosidl_generator_py.dir/rosidl_generator_py/dracon_msgs/msg/_job_cost_table_s.c.o[0m
[5.504s] [ 91%] [32mBuilding C object CMakeFiles/dracon_msgs__rosidl_generator_py.dir/rosidl_generator_py/dracon_msgs/msg/_job_status_s.c.o[0m
[5.584s] [ 92%] [32m[1mLinking C shared library rosidl_generator_py/dracon_msgs/libdracon_msgs__rosidl_generator_py.so[0m
[5.630s] [ 92%] Built target dracon_msgs__rosidl_generator_py
[5.672s] [ 93%] [32mBuilding C object CMakeFiles/dracon_msgs__rosidl_typesupport_introspection_c__pyext.dir/rosidl_generator_py/dracon_msgs/_dracon_msgs_s.ep.rosidl_typesupport_introspection_c.c.o[0m
[5.674s] [ 94%] [32mBuilding C object CMakeFiles/dracon_msgs__rosidl_typesupport_c__pyext.dir/rosidl_generator_py/dracon_msgs/_dracon_msgs_s.ep.rosidl_typesupport_c.c.o[0m
[5.674s] [ 96%] [32mBuilding C object CMakeFiles/dracon_msgs__rosidl_typesupport_fastrtps_c__pyext.dir/rosidl_generator_py/dracon_msgs/_dracon_msgs_s.ep.rosidl_typesupport_fastrtps_c.c.o[0m
[5.768s] [ 97%] [32m[1mLinking C shared library rosidl_generator_py/dracon_msgs/dracon_msgs_s__rosidl_typesupport_introspection_c.cpython-310-x86_64-linux-gnu.so[0m
[5.769s] [ 98%] [32m[1mLinking C shared library rosidl_generator_py/dracon_msgs/dracon_msgs_s__rosidl_typesupport_fastrtps_c.cpython-310-x86_64-linux-gnu.so[0m
[5.769s] [100%] [32m[1mLinking C shared library rosidl_generator_py/dracon_msgs/dracon_msgs_s__rosidl_typesupport_c.cpython-310-x86_64-linux-gnu.so[0m
[5.826s] [100%] Built target dracon_msgs__rosidl_typesupport_c__pyext
[5.832s] [100%] Built target dracon_msgs__rosidl_typesupport_introspection_c__pyext
[5.832s] [100%] Built target dracon_msgs__rosidl_typesupport_fastrtps_c__pyext
[5.843s] Invoked command in '/home/venator/pil/dirac/pibt_ws/build/dracon_msgs' returned '0': CMAKE_PREFIX_PATH=${CMAKE_PREFIX_PATH}:/opt/ros/humble /usr/bin/cmake --build /home/venator/pil/dirac/pibt_ws/build/dracon_msgs -- -j6 -l6
[5.853s] Invoking command in '/home/venator/pil/dirac/pibt_ws/build/dracon_msgs': CMAKE_PREFIX_PATH=${CMAKE_PREFIX_PATH}:/opt/ros/humble /usr/bin/cmake --install /home/venator/pil/dirac/pibt_ws/build/dracon_msgs
[5.861s] -- Install configuration: ""
[5.861s] -- Installing: /home/venator/pil/dirac/pibt_ws/install/dracon_msgs/share/ament_index/resource_index/rosidl_interfaces/dracon_msgs
[5.861s] -- Installing: /home/venator/pil/dirac/pibt_ws/install/dracon_msgs/include/dracon_msgs/dracon_msgs
[5.861s] -- Installing: /home/venator/pil/dirac/pibt_ws/install/dracon_msgs/include/dracon_msgs/dracon_msgs/msg
[5.861s] -- Installing: /home/venator/pil/dirac/pibt_ws/install/dracon_msgs/include/dracon_msgs/dracon_msgs/msg/job_assignment_table.h
[5.861s] -- Installing: /home/venator/pil/dirac/pibt_ws/install/dracon_msgs/include/dracon_msgs/dracon_msgs/msg/job_list.h
[5.861s] -- Installing: /home/venator/pil/dirac/pibt_ws/install/dracon_msgs/include/dracon_msgs/dracon_msgs/msg/job_assignment.h
[5.861s] -- Installing: /home/venator/pil/dirac/pibt_ws/install/dracon_msgs/include/dracon_msgs/dracon_msgs/msg/job.h
[5.861s] -- Installing: /home/venator/pil/dirac/pibt_ws/install/dracon_msgs/include/dracon_msgs/dracon_msgs/msg/detail
[5.861s] -- Installing: /home/venator/pil/dirac/pibt_ws/install/dracon_msgs/include/dracon_msgs/dracon_msgs/msg/detail/job_status__functions.h
[5.861s] -- Installing: /home/venator/pil/dirac/pibt_ws/install/dracon_msgs/include/dracon_msgs/dracon_msgs/msg/detail/job_cost__functions.c
[5.861s] -- Installing: /home/venator/pil/dirac/pibt_ws/install/dracon_msgs/include/dracon_msgs/dracon_msgs/msg/detail/job_list__type_support.h
[5.861s] -- Installing: /home/venator/pil/dirac/pibt_ws/install/dracon_msgs/include/dracon_msgs/dracon_msgs/msg/detail/job_cost_table__functions.h
[5.861s] -- Installing: /home/venator/pil/dirac/pibt_ws/install/dracon_msgs/include/dracon_msgs/dracon_msgs/msg/detail/job_assignment__functions.c
[5.862s] -- Installing: /home/venator/pil/dirac/pibt_ws/install/dracon_msgs/include/dracon_msgs/dracon_msgs/msg/detail/job_cost_table__struct.h
[5.862s] -- Installing: /home/venator/pil/dirac/pibt_ws/install/dracon_msgs/include/dracon_msgs/dracon_msgs/msg/detail/job_list__functions.h
[5.862s] -- Installing: /home/venator/pil/dirac/pibt_ws/install/dracon_msgs/include/dracon_msgs/dracon_msgs/msg/detail/job_assignment_table__struct.h
[5.862s] -- Installing: /home/venator/pil/dirac/pibt_ws/install/dracon_msgs/include/dracon_msgs/dracon_msgs/msg/detail/job__functions.c
[5.862s] -- Installing: /home/venator/pil/dirac/pibt_ws/install/dracon_msgs/include/dracon_msgs/dracon_msgs/msg/detail/job_list__functions.c
[5.862s] -- Installing: /home/venator/pil/dirac/pibt_ws/install/dracon_msgs/include/dracon_msgs/dracon_msgs/msg/detail/job_assignment__struct.h
[5.862s] -- Installing: /home/venator/pil/dirac/pibt_ws/install/dracon_msgs/include/dracon_msgs/dracon_msgs/msg/detail/job__functions.h
[5.862s] -- Installing: /home/venator/pil/dirac/pibt_ws/install/dracon_msgs/include/dracon_msgs/dracon_msgs/msg/detail/job_status__type_support.h
[5.862s] -- Installing: /home/venator/pil/dirac/pibt_ws/install/dracon_msgs/include/dracon_msgs/dracon_msgs/msg/detail/job_cost__functions.h
[5.862s] -- Installing: /home/venator/pil/dirac/pibt_ws/install/dracon_msgs/include/dracon_msgs/dracon_msgs/msg/detail/job_cost__type_support.h
[5.862s] -- Installing: /home/venator/pil/dirac/pibt_ws/install/dracon_msgs/include/dracon_msgs/dracon_msgs/msg/detail/job_cost_table__type_support.h
[5.862s] -- Installing: /home/venator/pil/dirac/pibt_ws/install/dracon_msgs/include/dracon_msgs/dracon_msgs/msg/detail/job_assignment_table__type_support.h
[5.862s] -- Installing: /home/venator/pil/dirac/pibt_ws/install/dracon_msgs/include/dracon_msgs/dracon_msgs/msg/detail/job_assignment_table__functions.h
[5.862s] -- Installing: /home/venator/pil/dirac/pibt_ws/install/dracon_msgs/include/dracon_msgs/dracon_msgs/msg/detail/job__type_support.h
[5.862s] -- Installing: /home/venator/pil/dirac/pibt_ws/install/dracon_msgs/include/dracon_msgs/dracon_msgs/msg/detail/job_list__struct.h
[5.862s] -- Installing: /home/venator/pil/dirac/pibt_ws/install/dracon_msgs/include/dracon_msgs/dracon_msgs/msg/detail/job_cost__struct.h
[5.862s] -- Installing: /home/venator/pil/dirac/pibt_ws/install/dracon_msgs/include/dracon_msgs/dracon_msgs/msg/detail/job_assignment__type_support.h
[5.862s] -- Installing: /home/venator/pil/dirac/pibt_ws/install/dracon_msgs/include/dracon_msgs/dracon_msgs/msg/detail/job__struct.h
[5.862s] -- Installing: /home/venator/pil/dirac/pibt_ws/install/dracon_msgs/include/dracon_msgs/dracon_msgs/msg/detail/job_status__struct.h
[5.862s] -- Installing: /home/venator/pil/dirac/pibt_ws/install/dracon_msgs/include/dracon_msgs/dracon_msgs/msg/detail/job_assignment_table__functions.c
[5.862s] -- Installing: /home/venator/pil/dirac/pibt_ws/install/dracon_msgs/include/dracon_msgs/dracon_msgs/msg/detail/job_cost_table__functions.c
[5.863s] -- Installing: /home/venator/pil/dirac/pibt_ws/install/dracon_msgs/include/dracon_msgs/dracon_msgs/msg/detail/job_assignment__functions.h
[5.863s] -- Installing: /home/venator/pil/dirac/pibt_ws/install/dracon_msgs/include/dracon_msgs/dracon_msgs/msg/detail/job_status__functions.c
[5.863s] -- Installing: /home/venator/pil/dirac/pibt_ws/install/dracon_msgs/include/dracon_msgs/dracon_msgs/msg/job_status.h
[5.863s] -- Installing: /home/venator/pil/dirac/pibt_ws/install/dracon_msgs/include/dracon_msgs/dracon_msgs/msg/job_cost_table.h
[5.863s] -- Installing: /home/venator/pil/dirac/pibt_ws/install/dracon_msgs/include/dracon_msgs/dracon_msgs/msg/job_cost.h
[5.863s] -- Installing: /home/venator/pil/dirac/pibt_ws/install/dracon_msgs/include/dracon_msgs/dracon_msgs/msg/rosidl_generator_c__visibility_control.h
[5.863s] -- Installing: /home/venator/pil/dirac/pibt_ws/install/dracon_msgs/share/dracon_msgs/environment/library_path.sh
[5.863s] -- Installing: /home/venator/pil/dirac/pibt_ws/install/dracon_msgs/share/dracon_msgs/environment/library_path.dsv
[5.863s] -- Installing: /home/venator/pil/dirac/pibt_ws/install/dracon_msgs/lib/libdracon_msgs__rosidl_generator_c.so
[5.863s] -- Set runtime path of "/home/venator/pil/dirac/pibt_ws/install/dracon_msgs/lib/libdracon_msgs__rosidl_generator_c.so" to ""
[5.863s] -- Up-to-date: /home/venator/pil/dirac/pibt_ws/install/dracon_msgs/include/dracon_msgs/dracon_msgs
[5.863s] -- Up-to-date: /home/venator/pil/dirac/pibt_ws/install/dracon_msgs/include/dracon_msgs/dracon_msgs/msg
[5.864s] -- Installing: /home/venator/pil/dirac/pibt_ws/install/dracon_msgs/include/dracon_msgs/dracon_msgs/msg/rosidl_typesupport_fastrtps_c__visibility_control.h
[5.864s] -- Up-to-date: /home/venator/pil/dirac/pibt_ws/install/dracon_msgs/include/dracon_msgs/dracon_msgs/msg/detail
[5.864s] -- Installing: /home/venator/pil/dirac/pibt_ws/install/dracon_msgs/include/dracon_msgs/dracon_msgs/msg/detail/job_status__rosidl_typesupport_fastrtps_c.h
[5.864s] -- Installing: /home/venator/pil/dirac/pibt_ws/install/dracon_msgs/include/dracon_msgs/dracon_msgs/msg/detail/job_assignment_table__rosidl_typesupport_fastrtps_c.h
[5.864s] -- Installing: /home/venator/pil/dirac/pibt_ws/install/dracon_msgs/include/dracon_msgs/dracon_msgs/msg/detail/job__rosidl_typesupport_fastrtps_c.h
[5.864s] -- Installing: /home/venator/pil/dirac/pibt_ws/install/dracon_msgs/include/dracon_msgs/dracon_msgs/msg/detail/job_assignment__rosidl_typesupport_fastrtps_c.h
[5.864s] -- Installing: /home/venator/pil/dirac/pibt_ws/install/dracon_msgs/include/dracon_msgs/dracon_msgs/msg/detail/job_list__rosidl_typesupport_fastrtps_c.h
[5.864s] -- Installing: /home/venator/pil/dirac/pibt_ws/install/dracon_msgs/include/dracon_msgs/dracon_msgs/msg/detail/job_cost_table__rosidl_typesupport_fastrtps_c.h
[5.864s] -- Installing: /home/venator/pil/dirac/pibt_ws/install/dracon_msgs/include/dracon_msgs/dracon_msgs/msg/detail/job_cost__rosidl_typesupport_fastrtps_c.h
[5.864s] -- Installing: /home/venator/pil/dirac/pibt_ws/install/dracon_msgs/lib/libdracon_msgs__rosidl_typesupport_fastrtps_c.so
[5.864s] -- Set runtime path of "/home/venator/pil/dirac/pibt_ws/install/dracon_msgs/lib/libdracon_msgs__rosidl_typesupport_fastrtps_c.so" to ""
[5.864s] -- Up-to-date: /home/venator/pil/dirac/pibt_ws/install/dracon_msgs/include/dracon_msgs/dracon_msgs
[5.864s] -- Up-to-date: /home/venator/pil/dirac/pibt_ws/install/dracon_msgs/include/dracon_msgs/dracon_msgs/msg
[5.864s] -- Up-to-date: /home/venator/pil/dirac/pibt_ws/install/dracon_msgs/include/dracon_msgs/dracon_msgs/msg/detail
[5.864s] -- Installing: /home/venator/pil/dirac/pibt_ws/install/dracon_msgs/include/dracon_msgs/dracon_msgs/msg/detail/job_list__type_support.c
[5.864s] -- Installing: /home/venator/pil/dirac/pibt_ws/install/dracon_msgs/include/dracon_msgs/dracon_msgs/msg/detail/job_assignment__type_support.c
[5.864s] -- Installing: /home/venator/pil/dirac/pibt_ws/install/dracon_msgs/include/dracon_msgs/dracon_msgs/msg/detail/job_cost_table__type_support.c
[5.864s] -- Installing: /home/venator/pil/dirac/pibt_ws/install/dracon_msgs/include/dracon_msgs/dracon_msgs/msg/detail/job_assignment_table__rosidl_typesupport_introspection_c.h
[5.864s] -- Installing: /home/venator/pil/dirac/pibt_ws/install/dracon_msgs/include/dracon_msgs/dracon_msgs/msg/detail/job_status__type_support.c
[5.864s] -- Installing: /home/venator/pil/dirac/pibt_ws/install/dracon_msgs/include/dracon_msgs/dracon_msgs/msg/detail/job_assignment__rosidl_typesupport_introspection_c.h
[5.865s] -- Installing: /home/venator/pil/dirac/pibt_ws/install/dracon_msgs/include/dracon_msgs/dracon_msgs/msg/detail/job_cost_table__rosidl_typesupport_introspection_c.h
[5.865s] -- Installing: /home/venator/pil/dirac/pibt_ws/install/dracon_msgs/include/dracon_msgs/dracon_msgs/msg/detail/job__type_support.c
[5.865s] -- Installing: /home/venator/pil/dirac/pibt_ws/install/dracon_msgs/include/dracon_msgs/dracon_msgs/msg/detail/job_assignment_table__type_support.c
[5.865s] -- Installing: /home/venator/pil/dirac/pibt_ws/install/dracon_msgs/include/dracon_msgs/dracon_msgs/msg/detail/job_status__rosidl_typesupport_introspection_c.h
[5.865s] -- Installing: /home/venator/pil/dirac/pibt_ws/install/dracon_msgs/include/dracon_msgs/dracon_msgs/msg/detail/job_cost__type_support.c
[5.865s] -- Installing: /home/venator/pil/dirac/pibt_ws/install/dracon_msgs/include/dracon_msgs/dracon_msgs/msg/detail/job__rosidl_typesupport_introspection_c.h
[5.865s] -- Installing: /home/venator/pil/dirac/pibt_ws/install/dracon_msgs/include/dracon_msgs/dracon_msgs/msg/detail/job_cost__rosidl_typesupport_introspection_c.h
[5.865s] -- Installing: /home/venator/pil/dirac/pibt_ws/install/dracon_msgs/include/dracon_msgs/dracon_msgs/msg/detail/job_list__rosidl_typesupport_introspection_c.h
[5.865s] -- Installing: /home/venator/pil/dirac/pibt_ws/install/dracon_msgs/include/dracon_msgs/dracon_msgs/msg/rosidl_typesupport_introspection_c__visibility_control.h
[5.865s] -- Installing: /home/venator/pil/dirac/pibt_ws/install/dracon_msgs/lib/libdracon_msgs__rosidl_typesupport_introspection_c.so
[5.865s] -- Set runtime path of "/home/venator/pil/dirac/pibt_ws/install/dracon_msgs/lib/libdracon_msgs__rosidl_typesupport_introspection_c.so" to ""
[5.865s] -- Installing: /home/venator/pil/dirac/pibt_ws/install/dracon_msgs/lib/libdracon_msgs__rosidl_typesupport_c.so
[5.865s] -- Set runtime path of "/home/venator/pil/dirac/pibt_ws/install/dracon_msgs/lib/libdracon_msgs__rosidl_typesupport_c.so" to ""
[5.865s] -- Up-to-date: /home/venator/pil/dirac/pibt_ws/install/dracon_msgs/include/dracon_msgs/dracon_msgs
[5.865s] -- Up-to-date: /home/venator/pil/dirac/pibt_ws/install/dracon_msgs/include/dracon_msgs/dracon_msgs/msg
[5.865s] -- Installing: /home/venator/pil/dirac/pibt_ws/install/dracon_msgs/include/dracon_msgs/dracon_msgs/msg/job_cost_table.hpp
[5.866s] -- Installing: /home/venator/pil/dirac/pibt_ws/install/dracon_msgs/include/dracon_msgs/dracon_msgs/msg/job_status.hpp
[5.866s] -- Up-to-date: /home/venator/pil/dirac/pibt_ws/install/dracon_msgs/include/dracon_msgs/dracon_msgs/msg/detail
[5.866s] -- Installing: /home/venator/pil/dirac/pibt_ws/install/dracon_msgs/include/dracon_msgs/dracon_msgs/msg/detail/job_assignment_table__struct.hpp
[5.866s] -- Installing: /home/venator/pil/dirac/pibt_ws/install/dracon_msgs/include/dracon_msgs/dracon_msgs/msg/detail/job_cost__traits.hpp
[5.866s] -- Installing: /home/venator/pil/dirac/pibt_ws/install/dracon_msgs/include/dracon_msgs/dracon_msgs/msg/detail/job_cost_table__traits.hpp
[5.866s] -- Installing: /home/venator/pil/dirac/pibt_ws/install/dracon_msgs/include/dracon_msgs/dracon_msgs/msg/detail/job_status__type_support.hpp
[5.866s] -- Installing: /home/venator/pil/dirac/pibt_ws/install/dracon_msgs/include/dracon_msgs/dracon_msgs/msg/detail/job_list__traits.hpp
[5.866s] -- Installing: /home/venator/pil/dirac/pibt_ws/install/dracon_msgs/include/dracon_msgs/dracon_msgs/msg/detail/job_cost_table__type_support.hpp
[5.866s] -- Installing: /home/venator/pil/dirac/pibt_ws/install/dracon_msgs/include/dracon_msgs/dracon_msgs/msg/detail/job_assignment__traits.hpp
[5.866s] -- Installing: /home/venator/pil/dirac/pibt_ws/install/dracon_msgs/include/dracon_msgs/dracon_msgs/msg/detail/job_status__struct.hpp
[5.866s] -- Installing: /home/venator/pil/dirac/pibt_ws/install/dracon_msgs/include/dracon_msgs/dracon_msgs/msg/detail/job_cost_table__struct.hpp
[5.866s] -- Installing: /home/venator/pil/dirac/pibt_ws/install/dracon_msgs/include/dracon_msgs/dracon_msgs/msg/detail/job_status__traits.hpp
[5.866s] -- Installing: /home/venator/pil/dirac/pibt_ws/install/dracon_msgs/include/dracon_msgs/dracon_msgs/msg/detail/job_list__struct.hpp
[5.866s] -- Installing: /home/venator/pil/dirac/pibt_ws/install/dracon_msgs/include/dracon_msgs/dracon_msgs/msg/detail/job__type_support.hpp
[5.866s] -- Installing: /home/venator/pil/dirac/pibt_ws/install/dracon_msgs/include/dracon_msgs/dracon_msgs/msg/detail/job_assignment_table__type_support.hpp
[5.866s] -- Installing: /home/venator/pil/dirac/pibt_ws/install/dracon_msgs/include/dracon_msgs/dracon_msgs/msg/detail/job_cost__struct.hpp
[5.866s] -- Installing: /home/venator/pil/dirac/pibt_ws/install/dracon_msgs/include/dracon_msgs/dracon_msgs/msg/detail/job_assignment__type_support.hpp
[5.866s] -- Installing: /home/venator/pil/dirac/pibt_ws/install/dracon_msgs/include/dracon_msgs/dracon_msgs/msg/detail/job_assignment__builder.hpp
[5.866s] -- Installing: /home/venator/pil/dirac/pibt_ws/install/dracon_msgs/include/dracon_msgs/dracon_msgs/msg/detail/job_list__type_support.hpp
[5.866s] -- Installing: /home/venator/pil/dirac/pibt_ws/install/dracon_msgs/include/dracon_msgs/dracon_msgs/msg/detail/job__traits.hpp
[5.867s] -- Installing: /home/venator/pil/dirac/pibt_ws/install/dracon_msgs/include/dracon_msgs/dracon_msgs/msg/detail/job_cost__builder.hpp
[5.867s] -- Installing: /home/venator/pil/dirac/pibt_ws/install/dracon_msgs/include/dracon_msgs/dracon_msgs/msg/detail/job_status__builder.hpp
[5.867s] -- Installing: /home/venator/pil/dirac/pibt_ws/install/dracon_msgs/include/dracon_msgs/dracon_msgs/msg/detail/job__builder.hpp
[5.867s] -- Installing: /home/venator/pil/dirac/pibt_ws/install/dracon_msgs/include/dracon_msgs/dracon_msgs/msg/detail/job_assignment_table__traits.hpp
[5.867s] -- Installing: /home/venator/pil/dirac/pibt_ws/install/dracon_msgs/include/dracon_msgs/dracon_msgs/msg/detail/job_assignment__struct.hpp
[5.867s] -- Installing: /home/venator/pil/dirac/pibt_ws/install/dracon_msgs/include/dracon_msgs/dracon_msgs/msg/detail/job_cost__type_support.hpp
[5.867s] -- Installing: /home/venator/pil/dirac/pibt_ws/install/dracon_msgs/include/dracon_msgs/dracon_msgs/msg/detail/job__struct.hpp
[5.867s] -- Installing: /home/venator/pil/dirac/pibt_ws/install/dracon_msgs/include/dracon_msgs/dracon_msgs/msg/detail/job_list__builder.hpp
[5.867s] -- Installing: /home/venator/pil/dirac/pibt_ws/install/dracon_msgs/include/dracon_msgs/dracon_msgs/msg/detail/job_assignment_table__builder.hpp
[5.867s] -- Installing: /home/venator/pil/dirac/pibt_ws/install/dracon_msgs/include/dracon_msgs/dracon_msgs/msg/detail/job_cost_table__builder.hpp
[5.867s] -- Installing: /home/venator/pil/dirac/pibt_ws/install/dracon_msgs/include/dracon_msgs/dracon_msgs/msg/job_assignment_table.hpp
[5.867s] -- Installing: /home/venator/pil/dirac/pibt_ws/install/dracon_msgs/include/dracon_msgs/dracon_msgs/msg/rosidl_generator_cpp__visibility_control.hpp
[5.867s] -- Installing: /home/venator/pil/dirac/pibt_ws/install/dracon_msgs/include/dracon_msgs/dracon_msgs/msg/job_list.hpp
[5.867s] -- Installing: /home/venator/pil/dirac/pibt_ws/install/dracon_msgs/include/dracon_msgs/dracon_msgs/msg/job_assignment.hpp
[5.867s] -- Installing: /home/venator/pil/dirac/pibt_ws/install/dracon_msgs/include/dracon_msgs/dracon_msgs/msg/job.hpp
[5.867s] -- Installing: /home/venator/pil/dirac/pibt_ws/install/dracon_msgs/include/dracon_msgs/dracon_msgs/msg/job_cost.hpp
[5.867s] -- Up-to-date: /home/venator/pil/dirac/pibt_ws/install/dracon_msgs/include/dracon_msgs/dracon_msgs
[5.867s] -- Up-to-date: /home/venator/pil/dirac/pibt_ws/install/dracon_msgs/include/dracon_msgs/dracon_msgs/msg
[5.868s] -- Installing: /home/venator/pil/dirac/pibt_ws/install/dracon_msgs/include/dracon_msgs/dracon_msgs/msg/rosidl_typesupport_fastrtps_cpp__visibility_control.h
[5.868s] -- Up-to-date: /home/venator/pil/dirac/pibt_ws/install/dracon_msgs/include/dracon_msgs/dracon_msgs/msg/detail
[5.868s] -- Installing: /home/venator/pil/dirac/pibt_ws/install/dracon_msgs/include/dracon_msgs/dracon_msgs/msg/detail/job_cost_table__rosidl_typesupport_fastrtps_cpp.hpp
[5.868s] -- Installing: /home/venator/pil/dirac/pibt_ws/install/dracon_msgs/include/dracon_msgs/dracon_msgs/msg/detail/job_cost__rosidl_typesupport_fastrtps_cpp.hpp
[5.868s] -- Installing: /home/venator/pil/dirac/pibt_ws/install/dracon_msgs/include/dracon_msgs/dracon_msgs/msg/detail/job_status__rosidl_typesupport_fastrtps_cpp.hpp
[5.868s] -- Installing: /home/venator/pil/dirac/pibt_ws/install/dracon_msgs/include/dracon_msgs/dracon_msgs/msg/detail/job__rosidl_typesupport_fastrtps_cpp.hpp
[5.868s] -- Installing: /home/venator/pil/dirac/pibt_ws/install/dracon_msgs/include/dracon_msgs/dracon_msgs/msg/detail/dds_fastrtps
[5.868s] -- Installing: /home/venator/pil/dirac/pibt_ws/install/dracon_msgs/include/dracon_msgs/dracon_msgs/msg/detail/job_list__rosidl_typesupport_fastrtps_cpp.hpp
[5.868s] -- Installing: /home/venator/pil/dirac/pibt_ws/install/dracon_msgs/include/dracon_msgs/dracon_msgs/msg/detail/job_assignment_table__rosidl_typesupport_fastrtps_cpp.hpp
[5.868s] -- Installing: /home/venator/pil/dirac/pibt_ws/install/dracon_msgs/include/dracon_msgs/dracon_msgs/msg/detail/job_assignment__rosidl_typesupport_fastrtps_cpp.hpp
[5.868s] -- Installing: /home/venator/pil/dirac/pibt_ws/install/dracon_msgs/lib/libdracon_msgs__rosidl_typesupport_fastrtps_cpp.so
[5.868s] -- Set runtime path of "/home/venator/pil/dirac/pibt_ws/install/dracon_msgs/lib/libdracon_msgs__rosidl_typesupport_fastrtps_cpp.so" to ""
[5.868s] -- Up-to-date: /home/venator/pil/dirac/pibt_ws/install/dracon_msgs/include/dracon_msgs/dracon_msgs
[5.868s] -- Up-to-date: /home/venator/pil/dirac/pibt_ws/install/dracon_msgs/include/dracon_msgs/dracon_msgs/msg
[5.868s] -- Up-to-date: /home/venator/pil/dirac/pibt_ws/install/dracon_msgs/include/dracon_msgs/dracon_msgs/msg/detail
[5.868s] -- Installing: /home/venator/pil/dirac/pibt_ws/install/dracon_msgs/include/dracon_msgs/dracon_msgs/msg/detail/job_status__rosidl_typesupport_introspection_cpp.hpp
[5.868s] -- Installing: /home/venator/pil/dirac/pibt_ws/install/dracon_msgs/include/dracon_msgs/dracon_msgs/msg/detail/job_assignment_table__rosidl_typesupport_introspection_cpp.hpp
[5.868s] -- Installing: /home/venator/pil/dirac/pibt_ws/install/dracon_msgs/include/dracon_msgs/dracon_msgs/msg/detail/job_cost_table__type_support.cpp
[5.869s] -- Installing: /home/venator/pil/dirac/pibt_ws/install/dracon_msgs/include/dracon_msgs/dracon_msgs/msg/detail/job__rosidl_typesupport_introspection_cpp.hpp
[5.869s] -- Installing: /home/venator/pil/dirac/pibt_ws/install/dracon_msgs/include/dracon_msgs/dracon_msgs/msg/detail/job__type_support.cpp
[5.869s] -- Installing: /home/venator/pil/dirac/pibt_ws/install/dracon_msgs/include/dracon_msgs/dracon_msgs/msg/detail/job_cost__rosidl_typesupport_introspection_cpp.hpp
[5.869s] -- Installing: /home/venator/pil/dirac/pibt_ws/install/dracon_msgs/include/dracon_msgs/dracon_msgs/msg/detail/job_assignment_table__type_support.cpp
[5.869s] -- Installing: /home/venator/pil/dirac/pibt_ws/install/dracon_msgs/include/dracon_msgs/dracon_msgs/msg/detail/job_list__type_support.cpp
[5.869s] -- Installing: /home/venator/pil/dirac/pibt_ws/install/dracon_msgs/include/dracon_msgs/dracon_msgs/msg/detail/job_assignment__type_support.cpp
[5.869s] -- Installing: /home/venator/pil/dirac/pibt_ws/install/dracon_msgs/include/dracon_msgs/dracon_msgs/msg/detail/job_list__rosidl_typesupport_introspection_cpp.hpp
[5.869s] -- Installing: /home/venator/pil/dirac/pibt_ws/install/dracon_msgs/include/dracon_msgs/dracon_msgs/msg/detail/job_assignment__rosidl_typesupport_introspection_cpp.hpp
[5.869s] -- Installing: /home/venator/pil/dirac/pibt_ws/install/dracon_msgs/include/dracon_msgs/dracon_msgs/msg/detail/job_cost__type_support.cpp
[5.869s] -- Installing: /home/venator/pil/dirac/pibt_ws/install/dracon_msgs/include/dracon_msgs/dracon_msgs/msg/detail/job_status__type_support.cpp
[5.869s] -- Installing: /home/venator/pil/dirac/pibt_ws/install/dracon_msgs/include/dracon_msgs/dracon_msgs/msg/detail/job_cost_table__rosidl_typesupport_introspection_cpp.hpp
[5.869s] -- Installing: /home/venator/pil/dirac/pibt_ws/install/dracon_msgs/lib/libdracon_msgs__rosidl_typesupport_introspection_cpp.so
[5.869s] -- Set runtime path of "/home/venator/pil/dirac/pibt_ws/install/dracon_msgs/lib/libdracon_msgs__rosidl_typesupport_introspection_cpp.so" to ""
[5.869s] -- Installing: /home/venator/pil/dirac/pibt_ws/install/dracon_msgs/lib/libdracon_msgs__rosidl_typesupport_cpp.so
[5.870s] -- Set runtime path of "/home/venator/pil/dirac/pibt_ws/install/dracon_msgs/lib/libdracon_msgs__rosidl_typesupport_cpp.so" to ""
[5.870s] -- Installing: /home/venator/pil/dirac/pibt_ws/install/dracon_msgs/share/dracon_msgs/environment/pythonpath.sh
[5.870s] -- Installing: /home/venator/pil/dirac/pibt_ws/install/dracon_msgs/share/dracon_msgs/environment/pythonpath.dsv
[5.870s] -- Installing: /home/venator/pil/dirac/pibt_ws/install/dracon_msgs/local/lib/python3.10/dist-packages/dracon_msgs-0.0.0-py3.10.egg-info
[5.870s] -- Installing: /home/venator/pil/dirac/pibt_ws/install/dracon_msgs/local/lib/python3.10/dist-packages/dracon_msgs-0.0.0-py3.10.egg-info/top_level.txt
[5.870s] -- Installing: /home/venator/pil/dirac/pibt_ws/install/dracon_msgs/local/lib/python3.10/dist-packages/dracon_msgs-0.0.0-py3.10.egg-info/dependency_links.txt
[5.870s] -- Installing: /home/venator/pil/dirac/pibt_ws/install/dracon_msgs/local/lib/python3.10/dist-packages/dracon_msgs-0.0.0-py3.10.egg-info/PKG-INFO
[5.870s] -- Installing: /home/venator/pil/dirac/pibt_ws/install/dracon_msgs/local/lib/python3.10/dist-packages/dracon_msgs-0.0.0-py3.10.egg-info/SOURCES.txt
[5.870s] -- Installing: /home/venator/pil/dirac/pibt_ws/install/dracon_msgs/local/lib/python3.10/dist-packages/dracon_msgs
[5.870s] -- Installing: /home/venator/pil/dirac/pibt_ws/install/dracon_msgs/local/lib/python3.10/dist-packages/dracon_msgs/_dracon_msgs_s.ep.rosidl_typesupport_c.c
[5.870s] -- Installing: /home/venator/pil/dirac/pibt_ws/install/dracon_msgs/local/lib/python3.10/dist-packages/dracon_msgs/msg
[5.870s] -- Installing: /home/venator/pil/dirac/pibt_ws/install/dracon_msgs/local/lib/python3.10/dist-packages/dracon_msgs/msg/_job_status_s.c
[5.870s] -- Installing: /home/venator/pil/dirac/pibt_ws/install/dracon_msgs/local/lib/python3.10/dist-packages/dracon_msgs/msg/_job_assignment_s.c
[5.870s] -- Installing: /home/venator/pil/dirac/pibt_ws/install/dracon_msgs/local/lib/python3.10/dist-packages/dracon_msgs/msg/_job_list_s.c
[5.870s] -- Installing: /home/venator/pil/dirac/pibt_ws/install/dracon_msgs/local/lib/python3.10/dist-packages/dracon_msgs/msg/_job.py
[5.870s] -- Installing: /home/venator/pil/dirac/pibt_ws/install/dracon_msgs/local/lib/python3.10/dist-packages/dracon_msgs/msg/_job_cost.py
[5.870s] -- Installing: /home/venator/pil/dirac/pibt_ws/install/dracon_msgs/local/lib/python3.10/dist-packages/dracon_msgs/msg/__init__.py
[5.870s] -- Installing: /home/venator/pil/dirac/pibt_ws/install/dracon_msgs/local/lib/python3.10/dist-packages/dracon_msgs/msg/_job_assignment.py
[5.870s] -- Installing: /home/venator/pil/dirac/pibt_ws/install/dracon_msgs/local/lib/python3.10/dist-packages/dracon_msgs/msg/_job_cost_table.py
[5.871s] -- Installing: /home/venator/pil/dirac/pibt_ws/install/dracon_msgs/local/lib/python3.10/dist-packages/dracon_msgs/msg/_job_s.c
[5.871s] -- Installing: /home/venator/pil/dirac/pibt_ws/install/dracon_msgs/local/lib/python3.10/dist-packages/dracon_msgs/msg/_job_list.py
[5.871s] -- Installing: /home/venator/pil/dirac/pibt_ws/install/dracon_msgs/local/lib/python3.10/dist-packages/dracon_msgs/msg/_job_cost_table_s.c
[5.871s] -- Installing: /home/venator/pil/dirac/pibt_ws/install/dracon_msgs/local/lib/python3.10/dist-packages/dracon_msgs/msg/_job_assignment_table.py
[5.871s] -- Installing: /home/venator/pil/dirac/pibt_ws/install/dracon_msgs/local/lib/python3.10/dist-packages/dracon_msgs/msg/_job_status.py
[5.871s] -- Installing: /home/venator/pil/dirac/pibt_ws/install/dracon_msgs/local/lib/python3.10/dist-packages/dracon_msgs/msg/_job_assignment_table_s.c
[5.871s] -- Installing: /home/venator/pil/dirac/pibt_ws/install/dracon_msgs/local/lib/python3.10/dist-packages/dracon_msgs/msg/_job_cost_s.c
[5.871s] -- Installing: /home/venator/pil/dirac/pibt_ws/install/dracon_msgs/local/lib/python3.10/dist-packages/dracon_msgs/__init__.py
[5.871s] -- Installing: /home/venator/pil/dirac/pibt_ws/install/dracon_msgs/local/lib/python3.10/dist-packages/dracon_msgs/dracon_msgs_s__rosidl_typesupport_introspection_c.cpython-310-x86_64-linux-gnu.so
[5.871s] -- Installing: /home/venator/pil/dirac/pibt_ws/install/dracon_msgs/local/lib/python3.10/dist-packages/dracon_msgs/libdracon_msgs__rosidl_generator_py.so
[5.871s] -- Installing: /home/venator/pil/dirac/pibt_ws/install/dracon_msgs/local/lib/python3.10/dist-packages/dracon_msgs/dracon_msgs_s__rosidl_typesupport_c.cpython-310-x86_64-linux-gnu.so
[5.871s] -- Installing: /home/venator/pil/dirac/pibt_ws/install/dracon_msgs/local/lib/python3.10/dist-packages/dracon_msgs/dracon_msgs_s__rosidl_typesupport_fastrtps_c.cpython-310-x86_64-linux-gnu.so
[5.871s] -- Installing: /home/venator/pil/dirac/pibt_ws/install/dracon_msgs/local/lib/python3.10/dist-packages/dracon_msgs/_dracon_msgs_s.ep.rosidl_typesupport_introspection_c.c
[5.871s] -- Installing: /home/venator/pil/dirac/pibt_ws/install/dracon_msgs/local/lib/python3.10/dist-packages/dracon_msgs/_dracon_msgs_s.ep.rosidl_typesupport_fastrtps_c.c
[5.901s] Listing '/home/venator/pil/dirac/pibt_ws/install/dracon_msgs/local/lib/python3.10/dist-packages/dracon_msgs'...
[5.901s] Compiling '/home/venator/pil/dirac/pibt_ws/install/dracon_msgs/local/lib/python3.10/dist-packages/dracon_msgs/__init__.py'...
[5.901s] Listing '/home/venator/pil/dirac/pibt_ws/install/dracon_msgs/local/lib/python3.10/dist-packages/dracon_msgs/msg'...
[5.901s] Compiling '/home/venator/pil/dirac/pibt_ws/install/dracon_msgs/local/lib/python3.10/dist-packages/dracon_msgs/msg/__init__.py'...
[5.901s] Compiling '/home/venator/pil/dirac/pibt_ws/install/dracon_msgs/local/lib/python3.10/dist-packages/dracon_msgs/msg/_job.py'...
[5.901s] Compiling '/home/venator/pil/dirac/pibt_ws/install/dracon_msgs/local/lib/python3.10/dist-packages/dracon_msgs/msg/_job_assignment.py'...
[5.901s] Compiling '/home/venator/pil/dirac/pibt_ws/install/dracon_msgs/local/lib/python3.10/dist-packages/dracon_msgs/msg/_job_assignment_table.py'...
[5.901s] Compiling '/home/venator/pil/dirac/pibt_ws/install/dracon_msgs/local/lib/python3.10/dist-packages/dracon_msgs/msg/_job_cost.py'...
[5.901s] Compiling '/home/venator/pil/dirac/pibt_ws/install/dracon_msgs/local/lib/python3.10/dist-packages/dracon_msgs/msg/_job_cost_table.py'...
[5.901s] Compiling '/home/venator/pil/dirac/pibt_ws/install/dracon_msgs/local/lib/python3.10/dist-packages/dracon_msgs/msg/_job_list.py'...
[5.901s] Compiling '/home/venator/pil/dirac/pibt_ws/install/dracon_msgs/local/lib/python3.10/dist-packages/dracon_msgs/msg/_job_status.py'...
[5.904s] -- Installing: /home/venator/pil/dirac/pibt_ws/install/dracon_msgs/local/lib/python3.10/dist-packages/dracon_msgs/dracon_msgs_s__rosidl_typesupport_fastrtps_c.cpython-310-x86_64-linux-gnu.so
[5.904s] -- Set runtime path of "/home/venator/pil/dirac/pibt_ws/install/dracon_msgs/local/lib/python3.10/dist-packages/dracon_msgs/dracon_msgs_s__rosidl_typesupport_fastrtps_c.cpython-310-x86_64-linux-gnu.so" to ""
[5.904s] -- Installing: /home/venator/pil/dirac/pibt_ws/install/dracon_msgs/local/lib/python3.10/dist-packages/dracon_msgs/dracon_msgs_s__rosidl_typesupport_introspection_c.cpython-310-x86_64-linux-gnu.so
[5.904s] -- Set runtime path of "/home/venator/pil/dirac/pibt_ws/install/dracon_msgs/local/lib/python3.10/dist-packages/dracon_msgs/dracon_msgs_s__rosidl_typesupport_introspection_c.cpython-310-x86_64-linux-gnu.so" to ""
[5.905s] -- Installing: /home/venator/pil/dirac/pibt_ws/install/dracon_msgs/local/lib/python3.10/dist-packages/dracon_msgs/dracon_msgs_s__rosidl_typesupport_c.cpython-310-x86_64-linux-gnu.so
[5.905s] -- Set runtime path of "/home/venator/pil/dirac/pibt_ws/install/dracon_msgs/local/lib/python3.10/dist-packages/dracon_msgs/dracon_msgs_s__rosidl_typesupport_c.cpython-310-x86_64-linux-gnu.so" to ""
[5.905s] -- Installing: /home/venator/pil/dirac/pibt_ws/install/dracon_msgs/lib/libdracon_msgs__rosidl_generator_py.so
[5.905s] -- Set runtime path of "/home/venator/pil/dirac/pibt_ws/install/dracon_msgs/lib/libdracon_msgs__rosidl_generator_py.so" to ""
[5.905s] -- Installing: /home/venator/pil/dirac/pibt_ws/install/dracon_msgs/share/dracon_msgs/msg/Job.idl
[5.905s] -- Installing: /home/venator/pil/dirac/pibt_ws/install/dracon_msgs/share/dracon_msgs/msg/JobList.idl
[5.905s] -- Installing: /home/venator/pil/dirac/pibt_ws/install/dracon_msgs/share/dracon_msgs/msg/JobCost.idl
[5.905s] -- Installing: /home/venator/pil/dirac/pibt_ws/install/dracon_msgs/share/dracon_msgs/msg/JobCostTable.idl
[5.905s] -- Installing: /home/venator/pil/dirac/pibt_ws/install/dracon_msgs/share/dracon_msgs/msg/JobAssignment.idl
[5.905s] -- Installing: /home/venator/pil/dirac/pibt_ws/install/dracon_msgs/share/dracon_msgs/msg/JobAssignmentTable.idl
[5.905s] -- Installing: /home/venator/pil/dirac/pibt_ws/install/dracon_msgs/share/dracon_msgs/msg/JobStatus.idl
[5.905s] -- Installing: /home/venator/pil/dirac/pibt_ws/install/dracon_msgs/share/dracon_msgs/msg/Job.msg
[5.906s] -- Installing: /home/venator/pil/dirac/pibt_ws/install/dracon_msgs/share/dracon_msgs/msg/JobList.msg
[5.906s] -- Installing: /home/venator/pil/dirac/pibt_ws/install/dracon_msgs/share/dracon_msgs/msg/JobCost.msg
[5.906s] -- Installing: /home/venator/pil/dirac/pibt_ws/install/dracon_msgs/share/dracon_msgs/msg/JobCostTable.msg
[5.906s] -- Installing: /home/venator/pil/dirac/pibt_ws/install/dracon_msgs/share/dracon_msgs/msg/JobAssignment.msg
[5.906s] -- Installing: /home/venator/pil/dirac/pibt_ws/install/dracon_msgs/share/dracon_msgs/msg/JobAssignmentTable.msg
[5.906s] -- Installing: /home/venator/pil/dirac/pibt_ws/install/dracon_msgs/share/dracon_msgs/msg/JobStatus.msg
[5.906s] -- Installing: /home/venator/pil/dirac/pibt_ws/install/dracon_msgs/share/ament_index/resource_index/package_run_dependencies/dracon_msgs
[5.906s] -- Installing: /home/venator/pil/dirac/pibt_ws/install/dracon_msgs/share/ament_index/resource_index/parent_prefix_path/dracon_msgs
[5.906s] -- Installing: /home/venator/pil/dirac/pibt_ws/install/dracon_msgs/share/dracon_msgs/environment/ament_prefix_path.sh
[5.906s] -- Installing: /home/venator/pil/dirac/pibt_ws/install/dracon_msgs/share/dracon_msgs/environment/ament_prefix_path.dsv
[5.906s] -- Installing: /home/venator/pil/dirac/pibt_ws/install/dracon_msgs/share/dracon_msgs/environment/path.sh
[5.906s] -- Installing: /home/venator/pil/dirac/pibt_ws/install/dracon_msgs/share/dracon_msgs/environment/path.dsv
[5.906s] -- Installing: /home/venator/pil/dirac/pibt_ws/install/dracon_msgs/share/dracon_msgs/local_setup.bash
[5.906s] -- Installing: /home/venator/pil/dirac/pibt_ws/install/dracon_msgs/share/dracon_msgs/local_setup.sh
[5.906s] -- Installing: /home/venator/pil/dirac/pibt_ws/install/dracon_msgs/share/dracon_msgs/local_setup.zsh
[5.906s] -- Installing: /home/venator/pil/dirac/pibt_ws/install/dracon_msgs/share/dracon_msgs/local_setup.dsv
[5.907s] -- Installing: /home/venator/pil/dirac/pibt_ws/install/dracon_msgs/share/dracon_msgs/package.dsv
[5.907s] -- Installing: /home/venator/pil/dirac/pibt_ws/install/dracon_msgs/share/ament_index/resource_index/packages/dracon_msgs
[5.907s] -- Installing: /home/venator/pil/dirac/pibt_ws/install/dracon_msgs/share/dracon_msgs/cmake/export_dracon_msgs__rosidl_generator_cExport.cmake
[5.907s] -- Installing: /home/venator/pil/dirac/pibt_ws/install/dracon_msgs/share/dracon_msgs/cmake/export_dracon_msgs__rosidl_generator_cExport-noconfig.cmake
[5.907s] -- Installing: /home/venator/pil/dirac/pibt_ws/install/dracon_msgs/share/dracon_msgs/cmake/export_dracon_msgs__rosidl_typesupport_fastrtps_cExport.cmake
[5.907s] -- Installing: /home/venator/pil/dirac/pibt_ws/install/dracon_msgs/share/dracon_msgs/cmake/export_dracon_msgs__rosidl_typesupport_fastrtps_cExport-noconfig.cmake
[5.907s] -- Installing: /home/venator/pil/dirac/pibt_ws/install/dracon_msgs/share/dracon_msgs/cmake/dracon_msgs__rosidl_typesupport_introspection_cExport.cmake
[5.907s] -- Installing: /home/venator/pil/dirac/pibt_ws/install/dracon_msgs/share/dracon_msgs/cmake/dracon_msgs__rosidl_typesupport_introspection_cExport-noconfig.cmake
[5.907s] -- Installing: /home/venator/pil/dirac/pibt_ws/install/dracon_msgs/share/dracon_msgs/cmake/dracon_msgs__rosidl_typesupport_cExport.cmake
[5.907s] -- Installing: /home/venator/pil/dirac/pibt_ws/install/dracon_msgs/share/dracon_msgs/cmake/dracon_msgs__rosidl_typesupport_cExport-noconfig.cmake
[5.907s] -- Installing: /home/venator/pil/dirac/pibt_ws/install/dracon_msgs/share/dracon_msgs/cmake/export_dracon_msgs__rosidl_generator_cppExport.cmake
[5.907s] -- Installing: /home/venator/pil/dirac/pibt_ws/install/dracon_msgs/share/dracon_msgs/cmake/export_dracon_msgs__rosidl_typesupport_fastrtps_cppExport.cmake
[5.907s] -- Installing: /home/venator/pil/dirac/pibt_ws/install/dracon_msgs/share/dracon_msgs/cmake/export_dracon_msgs__rosidl_typesupport_fastrtps_cppExport-noconfig.cmake
[5.908s] -- Installing: /home/venator/pil/dirac/pibt_ws/install/dracon_msgs/share/dracon_msgs/cmake/dracon_msgs__rosidl_typesupport_introspection_cppExport.cmake
[5.908s] -- Installing: /home/venator/pil/dirac/pibt_ws/install/dracon_msgs/share/dracon_msgs/cmake/dracon_msgs__rosidl_typesupport_introspection_cppExport-noconfig.cmake
[5.908s] -- Installing: /home/venator/pil/dirac/pibt_ws/install/dracon_msgs/share/dracon_msgs/cmake/dracon_msgs__rosidl_typesupport_cppExport.cmake
[5.908s] -- Installing: /home/venator/pil/dirac/pibt_ws/install/dracon_msgs/share/dracon_msgs/cmake/dracon_msgs__rosidl_typesupport_cppExport-noconfig.cmake
[5.908s] -- Installing: /home/venator/pil/dirac/pibt_ws/install/dracon_msgs/share/dracon_msgs/cmake/export_dracon_msgs__rosidl_generator_pyExport.cmake
[5.908s] -- Installing: /home/venator/pil/dirac/pibt_ws/install/dracon_msgs/share/dracon_msgs/cmake/export_dracon_msgs__rosidl_generator_pyExport-noconfig.cmake
[5.908s] -- Installing: /home/venator/pil/dirac/pibt_ws/install/dracon_msgs/share/dracon_msgs/cmake/rosidl_cmake-extras.cmake
[5.908s] -- Installing: /home/venator/pil/dirac/pibt_ws/install/dracon_msgs/share/dracon_msgs/cmake/ament_cmake_export_dependencies-extras.cmake
[5.908s] -- Installing: /home/venator/pil/dirac/pibt_ws/install/dracon_msgs/share/dracon_msgs/cmake/ament_cmake_export_include_directories-extras.cmake
[5.908s] -- Installing: /home/venator/pil/dirac/pibt_ws/install/dracon_msgs/share/dracon_msgs/cmake/ament_cmake_export_libraries-extras.cmake
[5.908s] -- Installing: /home/venator/pil/dirac/pibt_ws/install/dracon_msgs/share/dracon_msgs/cmake/ament_cmake_export_targets-extras.cmake
[5.908s] -- Installing: /home/venator/pil/dirac/pibt_ws/install/dracon_msgs/share/dracon_msgs/cmake/rosidl_cmake_export_typesupport_targets-extras.cmake
[5.908s] -- Installing: /home/venator/pil/dirac/pibt_ws/install/dracon_msgs/share/dracon_msgs/cmake/rosidl_cmake_export_typesupport_libraries-extras.cmake
[5.908s] -- Installing: /home/venator/pil/dirac/pibt_ws/install/dracon_msgs/share/dracon_msgs/cmake/dracon_msgsConfig.cmake
[5.908s] -- Installing: /home/venator/pil/dirac/pibt_ws/install/dracon_msgs/share/dracon_msgs/cmake/dracon_msgsConfig-version.cmake
[5.908s] -- Installing: /home/venator/pil/dirac/pibt_ws/install/dracon_msgs/share/dracon_msgs/package.xml
[5.910s] Invoked command in '/home/venator/pil/dirac/pibt_ws/build/dracon_msgs' returned '0': CMAKE_PREFIX_PATH=${CMAKE_PREFIX_PATH}:/opt/ros/humble /usr/bin/cmake --install /home/venator/pil/dirac/pibt_ws/build/dracon_msgs
