-- The C compiler identification is GNU 11.4.0
-- The CXX compiler identification is GNU 11.4.0
-- Detecting C compiler ABI info
-- Detecting C compiler ABI info - done
-- Check for working C compiler: /usr/bin/cc - skipped
-- Detecting C compile features
-- Detecting C compile features - done
-- Detecting CXX compiler ABI info
-- Detecting CXX compiler ABI info - done
-- Check for working CXX compiler: /usr/bin/c++ - skipped
-- Detecting CXX compile features
-- Detecting CXX compile features - done
-- Found ament_cmake: 1.3.11 (/opt/ros/humble/share/ament_cmake/cmake)
-- Found Python3: /usr/bin/python3 (found version "3.10.12") found components: Interpreter 
-- Found rclcpp: 16.0.12 (/opt/ros/humble/share/rclcpp/cmake)
-- Found rosidl_generator_c: 3.1.6 (/opt/ros/humble/share/rosidl_generator_c/cmake)
-- Found rosidl_adapter: 3.1.6 (/opt/ros/humble/share/rosidl_adapter/cmake)
-- Found rosidl_generator_cpp: 3.1.6 (/opt/ros/humble/share/rosidl_generator_cpp/cmake)
-- Using all available rosidl_typesupport_c: rosidl_typesupport_fastrtps_c;rosidl_typesupport_introspection_c
-- Using all available rosidl_typesupport_cpp: rosidl_typesupport_fastrtps_cpp;rosidl_typesupport_introspection_cpp
-- Found rmw_implementation_cmake: 6.1.2 (/opt/ros/humble/share/rmw_implementation_cmake/cmake)
-- Found rmw_fastrtps_cpp: 6.2.7 (/opt/ros/humble/share/rmw_fastrtps_cpp/cmake)
-- Found OpenSSL: /usr/lib/x86_64-linux-gnu/libcrypto.so (found version "3.0.2")  
-- Found FastRTPS: /opt/ros/humble/include  
-- Using RMW implementation 'rmw_fastrtps_cpp' as default
-- Looking for pthread.h
-- Looking for pthread.h - found
-- Performing Test CMAKE_HAVE_LIBC_PTHREAD
-- Performing Test CMAKE_HAVE_LIBC_PTHREAD - Success
-- Found Threads: TRUE  
-- Found geometry_msgs: 4.9.0 (/opt/ros/humble/share/geometry_msgs/cmake)
-- Configuring done
-- Generating done
-- Build files have been written to: /home/venator/pil/dirac/pibt_ws/build/pp
[ 50%] [32mBuilding CXX object CMakeFiles/prio.dir/src/prio.cpp.o[0m
[100%] [32m[1mLinking CXX executable prio[0m
[100%] Built target prio
-- Install configuration: ""
-- Installing: /home/venator/pil/dirac/pibt_ws/install/pp/lib/pp/prio
-- Set runtime path of "/home/venator/pil/dirac/pibt_ws/install/pp/lib/pp/prio" to ""
-- Installing: /home/venator/pil/dirac/pibt_ws/install/pp/share/pp//launch
-- Installing: /home/venator/pil/dirac/pibt_ws/install/pp/share/pp//launch/agents_launch.py
-- Installing: /home/venator/pil/dirac/pibt_ws/install/pp/share/ament_index/resource_index/package_run_dependencies/pp
-- Installing: /home/venator/pil/dirac/pibt_ws/install/pp/share/ament_index/resource_index/parent_prefix_path/pp
-- Installing: /home/venator/pil/dirac/pibt_ws/install/pp/share/pp/environment/ament_prefix_path.sh
-- Installing: /home/venator/pil/dirac/pibt_ws/install/pp/share/pp/environment/ament_prefix_path.dsv
-- Installing: /home/venator/pil/dirac/pibt_ws/install/pp/share/pp/environment/path.sh
-- Installing: /home/venator/pil/dirac/pibt_ws/install/pp/share/pp/environment/path.dsv
-- Installing: /home/venator/pil/dirac/pibt_ws/install/pp/share/pp/local_setup.bash
-- Installing: /home/venator/pil/dirac/pibt_ws/install/pp/share/pp/local_setup.sh
-- Installing: /home/venator/pil/dirac/pibt_ws/install/pp/share/pp/local_setup.zsh
-- Installing: /home/venator/pil/dirac/pibt_ws/install/pp/share/pp/local_setup.dsv
-- Installing: /home/venator/pil/dirac/pibt_ws/install/pp/share/pp/package.dsv
-- Installing: /home/venator/pil/dirac/pibt_ws/install/pp/share/ament_index/resource_index/packages/pp
-- Installing: /home/venator/pil/dirac/pibt_ws/install/pp/share/pp/cmake/ppConfig.cmake
-- Installing: /home/venator/pil/dirac/pibt_ws/install/pp/share/pp/cmake/ppConfig-version.cmake
-- Installing: /home/venator/pil/dirac/pibt_ws/install/pp/share/pp/package.xml
