[0.010s] Invoking command in '/home/venator/pil/dirac/pibt_ws/build/pp': CMAKE_PREFIX_PATH=/opt/ros/humble /usr/bin/cmake /home/venator/pil/dirac/pibt_ws/src/pp -DCMAKE_INSTALL_PREFIX=/home/venator/pil/dirac/pibt_ws/install/pp
[0.076s] -- The C compiler identification is GNU 11.4.0
[0.177s] -- The CXX compiler identification is GNU 11.4.0
[0.189s] -- Detecting C compiler ABI info
[0.309s] -- Detecting C compiler ABI info - done
[0.320s] -- Check for working C compiler: /usr/bin/cc - skipped
[0.320s] -- Detecting C compile features
[0.320s] -- Detecting C compile features - done
[0.324s] -- Detecting CXX compiler ABI info
[0.429s] -- Detecting CXX compiler ABI info - done
[0.439s] -- Check for working CXX compiler: /usr/bin/c++ - skipped
[0.439s] -- Detecting CXX compile features
[0.440s] -- Detecting CXX compile features - done
[0.443s] -- Found ament_cmake: 1.3.11 (/opt/ros/humble/share/ament_cmake/cmake)
[0.631s] -- Found Python3: /usr/bin/python3 (found version "3.10.12") found components: Interpreter 
[0.719s] -- Found rclcpp: 16.0.12 (/opt/ros/humble/share/rclcpp/cmake)
[0.776s] -- Found rosidl_generator_c: 3.1.6 (/opt/ros/humble/share/rosidl_generator_c/cmake)
[0.781s] -- Found rosidl_adapter: 3.1.6 (/opt/ros/humble/share/rosidl_adapter/cmake)
[0.787s] -- Found rosidl_generator_cpp: 3.1.6 (/opt/ros/humble/share/rosidl_generator_cpp/cmake)
[0.797s] -- Using all available rosidl_typesupport_c: rosidl_typesupport_fastrtps_c;rosidl_typesupport_introspection_c
[0.807s] -- Using all available rosidl_typesupport_cpp: rosidl_typesupport_fastrtps_cpp;rosidl_typesupport_introspection_cpp
[0.845s] -- Found rmw_implementation_cmake: 6.1.2 (/opt/ros/humble/share/rmw_implementation_cmake/cmake)
[0.847s] -- Found rmw_fastrtps_cpp: 6.2.7 (/opt/ros/humble/share/rmw_fastrtps_cpp/cmake)
[0.924s] -- Found OpenSSL: /usr/lib/x86_64-linux-gnu/libcrypto.so (found version "3.0.2")  
[0.959s] -- Found FastRTPS: /opt/ros/humble/include  
[1.005s] -- Using RMW implementation 'rmw_fastrtps_cpp' as default
[1.013s] -- Looking for pthread.h
[1.096s] -- Looking for pthread.h - found
[1.096s] -- Performing Test CMAKE_HAVE_LIBC_PTHREAD
[1.166s] -- Performing Test CMAKE_HAVE_LIBC_PTHREAD - Success
[1.167s] -- Found Threads: TRUE  
[1.208s] -- Found geometry_msgs: 4.9.0 (/opt/ros/humble/share/geometry_msgs/cmake)
[1.308s] -- Configuring done
[1.318s] -- Generating done
[1.322s] -- Build files have been written to: /home/venator/pil/dirac/pibt_ws/build/pp
[1.333s] Invoked command in '/home/venator/pil/dirac/pibt_ws/build/pp' returned '0': CMAKE_PREFIX_PATH=/opt/ros/humble /usr/bin/cmake /home/venator/pil/dirac/pibt_ws/src/pp -DCMAKE_INSTALL_PREFIX=/home/venator/pil/dirac/pibt_ws/install/pp
[1.337s] Invoking command in '/home/venator/pil/dirac/pibt_ws/build/pp': CMAKE_PREFIX_PATH=/opt/ros/humble /usr/bin/cmake --build /home/venator/pil/dirac/pibt_ws/build/pp -- -j6 -l6
[1.410s] [ 50%] [32mBuilding CXX object CMakeFiles/prio.dir/src/prio.cpp.o[0m
[4.207s] [100%] [32m[1mLinking CXX executable prio[0m
[4.344s] [100%] Built target prio
[4.356s] Invoked command in '/home/venator/pil/dirac/pibt_ws/build/pp' returned '0': CMAKE_PREFIX_PATH=/opt/ros/humble /usr/bin/cmake --build /home/venator/pil/dirac/pibt_ws/build/pp -- -j6 -l6
[4.365s] Invoking command in '/home/venator/pil/dirac/pibt_ws/build/pp': CMAKE_PREFIX_PATH=/opt/ros/humble /usr/bin/cmake --install /home/venator/pil/dirac/pibt_ws/build/pp
[4.371s] -- Install configuration: ""
[4.371s] -- Installing: /home/venator/pil/dirac/pibt_ws/install/pp/lib/pp/prio
[4.371s] -- Set runtime path of "/home/venator/pil/dirac/pibt_ws/install/pp/lib/pp/prio" to ""
[4.371s] -- Installing: /home/venator/pil/dirac/pibt_ws/install/pp/share/pp//launch
[4.372s] -- Installing: /home/venator/pil/dirac/pibt_ws/install/pp/share/pp//launch/agents_launch.py
[4.372s] -- Installing: /home/venator/pil/dirac/pibt_ws/install/pp/share/ament_index/resource_index/package_run_dependencies/pp
[4.372s] -- Installing: /home/venator/pil/dirac/pibt_ws/install/pp/share/ament_index/resource_index/parent_prefix_path/pp
[4.372s] -- Installing: /home/venator/pil/dirac/pibt_ws/install/pp/share/pp/environment/ament_prefix_path.sh
[4.372s] -- Installing: /home/venator/pil/dirac/pibt_ws/install/pp/share/pp/environment/ament_prefix_path.dsv
[4.372s] -- Installing: /home/venator/pil/dirac/pibt_ws/install/pp/share/pp/environment/path.sh
[4.372s] -- Installing: /home/venator/pil/dirac/pibt_ws/install/pp/share/pp/environment/path.dsv
[4.372s] -- Installing: /home/venator/pil/dirac/pibt_ws/install/pp/share/pp/local_setup.bash
[4.372s] -- Installing: /home/venator/pil/dirac/pibt_ws/install/pp/share/pp/local_setup.sh
[4.372s] -- Installing: /home/venator/pil/dirac/pibt_ws/install/pp/share/pp/local_setup.zsh
[4.372s] -- Installing: /home/venator/pil/dirac/pibt_ws/install/pp/share/pp/local_setup.dsv
[4.373s] -- Installing: /home/venator/pil/dirac/pibt_ws/install/pp/share/pp/package.dsv
[4.373s] -- Installing: /home/venator/pil/dirac/pibt_ws/install/pp/share/ament_index/resource_index/packages/pp
[4.373s] -- Installing: /home/venator/pil/dirac/pibt_ws/install/pp/share/pp/cmake/ppConfig.cmake
[4.373s] -- Installing: /home/venator/pil/dirac/pibt_ws/install/pp/share/pp/cmake/ppConfig-version.cmake
[4.373s] -- Installing: /home/venator/pil/dirac/pibt_ws/install/pp/share/pp/package.xml
[4.376s] Invoked command in '/home/venator/pil/dirac/pibt_ws/build/pp' returned '0': CMAKE_PREFIX_PATH=/opt/ros/humble /usr/bin/cmake --install /home/venator/pil/dirac/pibt_ws/build/pp
