[0.085s] DEBUG:colcon:Command line arguments: ['/usr/bin/colcon', 'build', '--packages-select', 'pp']
[0.086s] DEBUG:colcon:Parsed command line arguments: Namespace(log_base=None, log_level=None, verb_name='build', build_base='build', install_base='install', merge_install=False, symlink_install=False, test_result_base=None, continue_on_error=False, executor='parallel', parallel_workers=6, event_handlers=None, ignore_user_meta=False, metas=['./colcon.meta'], base_paths=['.'], packages_ignore=None, packages_ignore_regex=None, paths=None, packages_up_to=None, packages_up_to_regex=None, packages_above=None, packages_above_and_dependencies=None, packages_above_depth=None, packages_select_by_dep=None, packages_skip_by_dep=None, packages_skip_up_to=None, packages_select_build_failed=False, packages_skip_build_finished=False, packages_select_test_failures=False, packages_skip_test_passed=False, packages_select=['pp'], packages_skip=None, packages_select_regex=None, packages_skip_regex=None, packages_start=None, packages_end=None, allow_overriding=[], cmake_args=None, cmake_target=None, cmake_target_skip_unavailable=False, cmake_clean_cache=False, cmake_clean_first=False, cmake_force_configure=False, ament_cmake_args=None, catkin_cmake_args=None, catkin_skip_building_tests=False, mixin_files=None, mixin=None, verb_parser=<colcon_mixin.mixin.mixin_argument.MixinArgumentDecorator object at 0x7f0bc6361930>, verb_extension=<colcon_core.verb.build.BuildVerb object at 0x7f0bc64d6f80>, main=<bound method BuildVerb.main of <colcon_core.verb.build.BuildVerb object at 0x7f0bc64d6f80>>, mixin_verb=('build',))
[0.216s] Level 1:colcon.colcon_core.package_discovery:discover_packages(colcon_meta) check parameters
[0.216s] Level 1:colcon.colcon_core.package_discovery:discover_packages(recursive) check parameters
[0.216s] Level 1:colcon.colcon_core.package_discovery:discover_packages(ignore) check parameters
[0.216s] Level 1:colcon.colcon_core.package_discovery:discover_packages(path) check parameters
[0.216s] Level 1:colcon.colcon_core.package_discovery:discover_packages(colcon_meta) discover
[0.216s] Level 1:colcon.colcon_core.package_discovery:discover_packages(recursive) discover
[0.216s] INFO:colcon.colcon_core.package_discovery:Crawling recursively for packages in '/home/venator/pil/dirac/pibt_ws'
[0.216s] Level 1:colcon.colcon_core.package_identification:_identify(.) by extensions ['ignore', 'ignore_ament_install']
[0.216s] Level 1:colcon.colcon_core.package_identification:_identify(.) by extension 'ignore'
[0.216s] Level 1:colcon.colcon_core.package_identification:_identify(.) by extension 'ignore_ament_install'
[0.217s] Level 1:colcon.colcon_core.package_identification:_identify(.) by extensions ['colcon_pkg']
[0.217s] Level 1:colcon.colcon_core.package_identification:_identify(.) by extension 'colcon_pkg'
[0.217s] Level 1:colcon.colcon_core.package_identification:_identify(.) by extensions ['colcon_meta']
[0.217s] Level 1:colcon.colcon_core.package_identification:_identify(.) by extension 'colcon_meta'
[0.217s] Level 1:colcon.colcon_core.package_identification:_identify(.) by extensions ['ros']
[0.217s] Level 1:colcon.colcon_core.package_identification:_identify(.) by extension 'ros'
[0.225s] Level 1:colcon.colcon_core.package_identification:_identify(.) by extensions ['cmake', 'python']
[0.225s] Level 1:colcon.colcon_core.package_identification:_identify(.) by extension 'cmake'
[0.225s] Level 1:colcon.colcon_core.package_identification:_identify(.) by extension 'python'
[0.225s] Level 1:colcon.colcon_core.package_identification:_identify(.) by extensions ['python_setup_py']
[0.225s] Level 1:colcon.colcon_core.package_identification:_identify(.) by extension 'python_setup_py'
[0.225s] Level 1:colcon.colcon_core.package_identification:_identify(build) by extensions ['ignore', 'ignore_ament_install']
[0.225s] Level 1:colcon.colcon_core.package_identification:_identify(build) by extension 'ignore'
[0.225s] Level 1:colcon.colcon_core.package_identification:_identify(build) ignored
[0.225s] Level 1:colcon.colcon_core.package_identification:_identify(install) by extensions ['ignore', 'ignore_ament_install']
[0.225s] Level 1:colcon.colcon_core.package_identification:_identify(install) by extension 'ignore'
[0.225s] Level 1:colcon.colcon_core.package_identification:_identify(install) ignored
[0.225s] Level 1:colcon.colcon_core.package_identification:_identify(log) by extensions ['ignore', 'ignore_ament_install']
[0.225s] Level 1:colcon.colcon_core.package_identification:_identify(log) by extension 'ignore'
[0.225s] Level 1:colcon.colcon_core.package_identification:_identify(log) ignored
[0.225s] Level 1:colcon.colcon_core.package_identification:_identify(src) by extensions ['ignore', 'ignore_ament_install']
[0.226s] Level 1:colcon.colcon_core.package_identification:_identify(src) by extension 'ignore'
[0.226s] Level 1:colcon.colcon_core.package_identification:_identify(src) by extension 'ignore_ament_install'
[0.226s] Level 1:colcon.colcon_core.package_identification:_identify(src) by extensions ['colcon_pkg']
[0.226s] Level 1:colcon.colcon_core.package_identification:_identify(src) by extension 'colcon_pkg'
[0.226s] Level 1:colcon.colcon_core.package_identification:_identify(src) by extensions ['colcon_meta']
[0.226s] Level 1:colcon.colcon_core.package_identification:_identify(src) by extension 'colcon_meta'
[0.226s] Level 1:colcon.colcon_core.package_identification:_identify(src) by extensions ['ros']
[0.226s] Level 1:colcon.colcon_core.package_identification:_identify(src) by extension 'ros'
[0.226s] Level 1:colcon.colcon_core.package_identification:_identify(src) by extensions ['cmake', 'python']
[0.226s] Level 1:colcon.colcon_core.package_identification:_identify(src) by extension 'cmake'
[0.226s] Level 1:colcon.colcon_core.package_identification:_identify(src) by extension 'python'
[0.226s] Level 1:colcon.colcon_core.package_identification:_identify(src) by extensions ['python_setup_py']
[0.226s] Level 1:colcon.colcon_core.package_identification:_identify(src) by extension 'python_setup_py'
[0.226s] Level 1:colcon.colcon_core.package_identification:_identify(src/pibt2) by extensions ['ignore', 'ignore_ament_install']
[0.226s] Level 1:colcon.colcon_core.package_identification:_identify(src/pibt2) by extension 'ignore'
[0.226s] Level 1:colcon.colcon_core.package_identification:_identify(src/pibt2) by extension 'ignore_ament_install'
[0.226s] Level 1:colcon.colcon_core.package_identification:_identify(src/pibt2) by extensions ['colcon_pkg']
[0.226s] Level 1:colcon.colcon_core.package_identification:_identify(src/pibt2) by extension 'colcon_pkg'
[0.226s] Level 1:colcon.colcon_core.package_identification:_identify(src/pibt2) by extensions ['colcon_meta']
[0.226s] Level 1:colcon.colcon_core.package_identification:_identify(src/pibt2) by extension 'colcon_meta'
[0.226s] Level 1:colcon.colcon_core.package_identification:_identify(src/pibt2) by extensions ['ros']
[0.226s] Level 1:colcon.colcon_core.package_identification:_identify(src/pibt2) by extension 'ros'
[0.226s] Level 1:colcon.colcon_core.package_identification:_identify(src/pibt2) by extensions ['cmake', 'python']
[0.226s] Level 1:colcon.colcon_core.package_identification:_identify(src/pibt2) by extension 'cmake'
[0.227s] Level 1:colcon.colcon_core.package_identification:_identify(src/pibt2) by extension 'python'
[0.227s] DEBUG:colcon.colcon_core.package_identification:Package 'src/pibt2' with type 'cmake' and name 'pibt2'
[0.227s] Level 1:colcon.colcon_core.package_identification:_identify(src/pp) by extensions ['ignore', 'ignore_ament_install']
[0.227s] Level 1:colcon.colcon_core.package_identification:_identify(src/pp) by extension 'ignore'
[0.227s] Level 1:colcon.colcon_core.package_identification:_identify(src/pp) by extension 'ignore_ament_install'
[0.227s] Level 1:colcon.colcon_core.package_identification:_identify(src/pp) by extensions ['colcon_pkg']
[0.227s] Level 1:colcon.colcon_core.package_identification:_identify(src/pp) by extension 'colcon_pkg'
[0.227s] Level 1:colcon.colcon_core.package_identification:_identify(src/pp) by extensions ['colcon_meta']
[0.227s] Level 1:colcon.colcon_core.package_identification:_identify(src/pp) by extension 'colcon_meta'
[0.227s] Level 1:colcon.colcon_core.package_identification:_identify(src/pp) by extensions ['ros']
[0.227s] Level 1:colcon.colcon_core.package_identification:_identify(src/pp) by extension 'ros'
[0.229s] DEBUG:colcon.colcon_core.package_identification:Package 'src/pp' with type 'ros.ament_cmake' and name 'pp'
[0.229s] Level 1:colcon.colcon_core.package_identification:_identify(src/talk) by extensions ['ignore', 'ignore_ament_install']
[0.229s] Level 1:colcon.colcon_core.package_identification:_identify(src/talk) by extension 'ignore'
[0.229s] Level 1:colcon.colcon_core.package_identification:_identify(src/talk) by extension 'ignore_ament_install'
[0.229s] Level 1:colcon.colcon_core.package_identification:_identify(src/talk) by extensions ['colcon_pkg']
[0.229s] Level 1:colcon.colcon_core.package_identification:_identify(src/talk) by extension 'colcon_pkg'
[0.229s] Level 1:colcon.colcon_core.package_identification:_identify(src/talk) by extensions ['colcon_meta']
[0.229s] Level 1:colcon.colcon_core.package_identification:_identify(src/talk) by extension 'colcon_meta'
[0.229s] Level 1:colcon.colcon_core.package_identification:_identify(src/talk) by extensions ['ros']
[0.229s] Level 1:colcon.colcon_core.package_identification:_identify(src/talk) by extension 'ros'
[0.230s] DEBUG:colcon.colcon_core.package_identification:Package 'src/talk' with type 'ros.ament_cmake' and name 'talk'
[0.230s] Level 1:colcon.colcon_core.package_discovery:discover_packages(recursive) using defaults
[0.230s] Level 1:colcon.colcon_core.package_discovery:discover_packages(ignore) discover
[0.230s] Level 1:colcon.colcon_core.package_discovery:discover_packages(ignore) using defaults
[0.230s] Level 1:colcon.colcon_core.package_discovery:discover_packages(path) discover
[0.230s] Level 1:colcon.colcon_core.package_discovery:discover_packages(path) using defaults
[0.254s] INFO:colcon.colcon_core.package_selection:Skipping not selected package 'pibt2' in 'src/pibt2'
[0.254s] INFO:colcon.colcon_core.package_selection:Skipping not selected package 'talk' in 'src/talk'
[0.254s] Level 1:colcon.colcon_core.package_discovery:discover_packages(prefix_path) check parameters
[0.254s] Level 1:colcon.colcon_core.package_discovery:discover_packages(prefix_path) discover
[0.256s] DEBUG:colcon.colcon_installed_package_information.package_discovery:Found 278 installed packages in /opt/ros/humble
[0.258s] Level 1:colcon.colcon_core.package_discovery:discover_packages(prefix_path) using defaults
[0.285s] Level 5:colcon.colcon_core.verb:set package 'pp' build argument 'cmake_args' from command line to 'None'
[0.285s] Level 5:colcon.colcon_core.verb:set package 'pp' build argument 'cmake_target' from command line to 'None'
[0.285s] Level 5:colcon.colcon_core.verb:set package 'pp' build argument 'cmake_target_skip_unavailable' from command line to 'False'
[0.285s] Level 5:colcon.colcon_core.verb:set package 'pp' build argument 'cmake_clean_cache' from command line to 'False'
[0.285s] Level 5:colcon.colcon_core.verb:set package 'pp' build argument 'cmake_clean_first' from command line to 'False'
[0.285s] Level 5:colcon.colcon_core.verb:set package 'pp' build argument 'cmake_force_configure' from command line to 'False'
[0.285s] Level 5:colcon.colcon_core.verb:set package 'pp' build argument 'ament_cmake_args' from command line to 'None'
[0.285s] Level 5:colcon.colcon_core.verb:set package 'pp' build argument 'catkin_cmake_args' from command line to 'None'
[0.285s] Level 5:colcon.colcon_core.verb:set package 'pp' build argument 'catkin_skip_building_tests' from command line to 'False'
[0.285s] DEBUG:colcon.colcon_core.verb:Building package 'pp' with the following arguments: {'ament_cmake_args': None, 'build_base': '/home/venator/pil/dirac/pibt_ws/build/pp', 'catkin_cmake_args': None, 'catkin_skip_building_tests': False, 'cmake_args': None, 'cmake_clean_cache': False, 'cmake_clean_first': False, 'cmake_force_configure': False, 'cmake_target': None, 'cmake_target_skip_unavailable': False, 'install_base': '/home/venator/pil/dirac/pibt_ws/install/pp', 'merge_install': False, 'path': '/home/venator/pil/dirac/pibt_ws/src/pp', 'symlink_install': False, 'test_result_base': None}
[0.285s] INFO:colcon.colcon_core.executor:Executing jobs using 'parallel' executor
[0.286s] DEBUG:colcon.colcon_parallel_executor.executor.parallel:run_until_complete
[0.286s] INFO:colcon.colcon_ros.task.ament_cmake.build:Building ROS package in '/home/venator/pil/dirac/pibt_ws/src/pp' with build type 'ament_cmake'
[0.287s] INFO:colcon.colcon_cmake.task.cmake.build:Building CMake package in '/home/venator/pil/dirac/pibt_ws/src/pp'
[0.288s] INFO:colcon.colcon_core.plugin_system:Skipping extension 'colcon_core.shell.bat': Not used on non-Windows systems
[0.289s] INFO:colcon.colcon_core.shell:Skip shell extension 'powershell' for command environment: Not usable outside of PowerShell
[0.289s] DEBUG:colcon.colcon_core.shell:Skip shell extension 'dsv' for command environment
[0.290s] ERROR:colcon.colcon_cmake.task.cmake.build:Failed to find the following files:
- /home/venator/pil/dirac/pibt_ws/install/talk/share/talk/package.sh
Check that the following packages have been built:
- talk
[0.290s] Level 1:colcon.colcon_core.environment:create_environment_scripts_only(pp)
[0.292s] Level 1:colcon.colcon_core.environment:checking '/home/venator/pil/dirac/pibt_ws/install/pp' for CMake module files
[0.292s] Level 1:colcon.colcon_core.environment:checking '/home/venator/pil/dirac/pibt_ws/install/pp' for CMake config files
[0.292s] Level 1:colcon.colcon_core.environment:checking '/home/venator/pil/dirac/pibt_ws/install/pp/bin'
[0.292s] Level 1:colcon.colcon_core.environment:checking '/home/venator/pil/dirac/pibt_ws/install/pp/lib/pkgconfig/pp.pc'
[0.293s] Level 1:colcon.colcon_core.environment:checking '/home/venator/pil/dirac/pibt_ws/install/pp/lib/python3.10/site-packages'
[0.293s] Level 1:colcon.colcon_core.environment:checking '/home/venator/pil/dirac/pibt_ws/install/pp/bin'
[0.293s] INFO:colcon.colcon_core.shell:Creating package script '/home/venator/pil/dirac/pibt_ws/install/pp/share/pp/package.ps1'
[0.294s] INFO:colcon.colcon_core.shell:Creating package descriptor '/home/venator/pil/dirac/pibt_ws/install/pp/share/pp/package.dsv'
[0.294s] INFO:colcon.colcon_core.shell:Creating package script '/home/venator/pil/dirac/pibt_ws/install/pp/share/pp/package.sh'
[0.295s] INFO:colcon.colcon_core.shell:Creating package script '/home/venator/pil/dirac/pibt_ws/install/pp/share/pp/package.bash'
[0.296s] INFO:colcon.colcon_core.shell:Creating package script '/home/venator/pil/dirac/pibt_ws/install/pp/share/pp/package.zsh'
[0.296s] Level 1:colcon.colcon_core.environment:create_file_with_runtime_dependencies(/home/venator/pil/dirac/pibt_ws/install/pp/share/colcon-core/packages/pp)
[0.307s] DEBUG:colcon.colcon_parallel_executor.executor.parallel:closing loop
[0.307s] DEBUG:colcon.colcon_parallel_executor.executor.parallel:loop closed
[0.307s] DEBUG:colcon.colcon_parallel_executor.executor.parallel:run_until_complete finished with '1'
[0.307s] DEBUG:colcon.colcon_core.event_reactor:joining thread
[0.314s] INFO:colcon.colcon_core.plugin_system:Skipping extension 'colcon_notification.desktop_notification.terminal_notifier': Not used on non-Darwin systems
[0.314s] INFO:colcon.colcon_core.plugin_system:Skipping extension 'colcon_notification.desktop_notification.win32': Not used on non-Windows systems
[0.314s] INFO:colcon.colcon_notification.desktop_notification:Sending desktop notification using 'notify2'
[0.329s] DEBUG:colcon.colcon_core.event_reactor:joined thread
[0.330s] INFO:colcon.colcon_core.shell:Creating prefix script '/home/venator/pil/dirac/pibt_ws/install/local_setup.ps1'
[0.331s] INFO:colcon.colcon_core.shell:Creating prefix util module '/home/venator/pil/dirac/pibt_ws/install/_local_setup_util_ps1.py'
[0.332s] INFO:colcon.colcon_core.shell:Creating prefix chain script '/home/venator/pil/dirac/pibt_ws/install/setup.ps1'
[0.334s] INFO:colcon.colcon_core.shell:Creating prefix script '/home/venator/pil/dirac/pibt_ws/install/local_setup.sh'
[0.334s] INFO:colcon.colcon_core.shell:Creating prefix util module '/home/venator/pil/dirac/pibt_ws/install/_local_setup_util_sh.py'
[0.335s] INFO:colcon.colcon_core.shell:Creating prefix chain script '/home/venator/pil/dirac/pibt_ws/install/setup.sh'
[0.336s] INFO:colcon.colcon_core.shell:Creating prefix script '/home/venator/pil/dirac/pibt_ws/install/local_setup.bash'
[0.337s] INFO:colcon.colcon_core.shell:Creating prefix chain script '/home/venator/pil/dirac/pibt_ws/install/setup.bash'
[0.338s] INFO:colcon.colcon_core.shell:Creating prefix script '/home/venator/pil/dirac/pibt_ws/install/local_setup.zsh'
[0.338s] INFO:colcon.colcon_core.shell:Creating prefix chain script '/home/venator/pil/dirac/pibt_ws/install/setup.zsh'
