[0.082s] DEBUG:colcon:Command line arguments: ['/usr/bin/colcon', 'build', '--packages-select', 'pp']
[0.082s] DEBUG:colcon:Parsed command line arguments: Namespace(log_base=None, log_level=None, verb_name='build', build_base='build', install_base='install', merge_install=False, symlink_install=False, test_result_base=None, continue_on_error=False, executor='parallel', parallel_workers=6, event_handlers=None, ignore_user_meta=False, metas=['./colcon.meta'], base_paths=['.'], packages_ignore=None, packages_ignore_regex=None, paths=None, packages_up_to=None, packages_up_to_regex=None, packages_above=None, packages_above_and_dependencies=None, packages_above_depth=None, packages_select_by_dep=None, packages_skip_by_dep=None, packages_skip_up_to=None, packages_select_build_failed=False, packages_skip_build_finished=False, packages_select_test_failures=False, packages_skip_test_passed=False, packages_select=['pp'], packages_skip=None, packages_select_regex=None, packages_skip_regex=None, packages_start=None, packages_end=None, allow_overriding=[], cmake_args=None, cmake_target=None, cmake_target_skip_unavailable=False, cmake_clean_cache=False, cmake_clean_first=False, cmake_force_configure=False, ament_cmake_args=None, catkin_cmake_args=None, catkin_skip_building_tests=False, mixin_files=None, mixin=None, verb_parser=<colcon_mixin.mixin.mixin_argument.MixinArgumentDecorator object at 0x782cd3669960>, verb_extension=<colcon_core.verb.build.BuildVerb object at 0x782cd37defb0>, main=<bound method BuildVerb.main of <colcon_core.verb.build.BuildVerb object at 0x782cd37defb0>>, mixin_verb=('build',))
[0.208s] Level 1:colcon.colcon_core.package_discovery:discover_packages(colcon_meta) check parameters
[0.208s] Level 1:colcon.colcon_core.package_discovery:discover_packages(recursive) check parameters
[0.208s] Level 1:colcon.colcon_core.package_discovery:discover_packages(ignore) check parameters
[0.208s] Level 1:colcon.colcon_core.package_discovery:discover_packages(path) check parameters
[0.208s] Level 1:colcon.colcon_core.package_discovery:discover_packages(colcon_meta) discover
[0.208s] Level 1:colcon.colcon_core.package_discovery:discover_packages(recursive) discover
[0.208s] INFO:colcon.colcon_core.package_discovery:Crawling recursively for packages in '/home/venator/pil/dirac/pibt_ws'
[0.208s] Level 1:colcon.colcon_core.package_identification:_identify(.) by extensions ['ignore', 'ignore_ament_install']
[0.208s] Level 1:colcon.colcon_core.package_identification:_identify(.) by extension 'ignore'
[0.209s] Level 1:colcon.colcon_core.package_identification:_identify(.) by extension 'ignore_ament_install'
[0.209s] Level 1:colcon.colcon_core.package_identification:_identify(.) by extensions ['colcon_pkg']
[0.209s] Level 1:colcon.colcon_core.package_identification:_identify(.) by extension 'colcon_pkg'
[0.209s] Level 1:colcon.colcon_core.package_identification:_identify(.) by extensions ['colcon_meta']
[0.209s] Level 1:colcon.colcon_core.package_identification:_identify(.) by extension 'colcon_meta'
[0.209s] Level 1:colcon.colcon_core.package_identification:_identify(.) by extensions ['ros']
[0.209s] Level 1:colcon.colcon_core.package_identification:_identify(.) by extension 'ros'
[0.217s] Level 1:colcon.colcon_core.package_identification:_identify(.) by extensions ['cmake', 'python']
[0.217s] Level 1:colcon.colcon_core.package_identification:_identify(.) by extension 'cmake'
[0.217s] Level 1:colcon.colcon_core.package_identification:_identify(.) by extension 'python'
[0.217s] Level 1:colcon.colcon_core.package_identification:_identify(.) by extensions ['python_setup_py']
[0.217s] Level 1:colcon.colcon_core.package_identification:_identify(.) by extension 'python_setup_py'
[0.217s] Level 1:colcon.colcon_core.package_identification:_identify(build) by extensions ['ignore', 'ignore_ament_install']
[0.217s] Level 1:colcon.colcon_core.package_identification:_identify(build) by extension 'ignore'
[0.217s] Level 1:colcon.colcon_core.package_identification:_identify(build) ignored
[0.218s] Level 1:colcon.colcon_core.package_identification:_identify(install) by extensions ['ignore', 'ignore_ament_install']
[0.218s] Level 1:colcon.colcon_core.package_identification:_identify(install) by extension 'ignore'
[0.218s] Level 1:colcon.colcon_core.package_identification:_identify(install) ignored
[0.218s] Level 1:colcon.colcon_core.package_identification:_identify(log) by extensions ['ignore', 'ignore_ament_install']
[0.218s] Level 1:colcon.colcon_core.package_identification:_identify(log) by extension 'ignore'
[0.218s] Level 1:colcon.colcon_core.package_identification:_identify(log) ignored
[0.218s] Level 1:colcon.colcon_core.package_identification:_identify(src) by extensions ['ignore', 'ignore_ament_install']
[0.218s] Level 1:colcon.colcon_core.package_identification:_identify(src) by extension 'ignore'
[0.218s] Level 1:colcon.colcon_core.package_identification:_identify(src) by extension 'ignore_ament_install'
[0.218s] Level 1:colcon.colcon_core.package_identification:_identify(src) by extensions ['colcon_pkg']
[0.218s] Level 1:colcon.colcon_core.package_identification:_identify(src) by extension 'colcon_pkg'
[0.218s] Level 1:colcon.colcon_core.package_identification:_identify(src) by extensions ['colcon_meta']
[0.218s] Level 1:colcon.colcon_core.package_identification:_identify(src) by extension 'colcon_meta'
[0.218s] Level 1:colcon.colcon_core.package_identification:_identify(src) by extensions ['ros']
[0.218s] Level 1:colcon.colcon_core.package_identification:_identify(src) by extension 'ros'
[0.218s] Level 1:colcon.colcon_core.package_identification:_identify(src) by extensions ['cmake', 'python']
[0.218s] Level 1:colcon.colcon_core.package_identification:_identify(src) by extension 'cmake'
[0.218s] Level 1:colcon.colcon_core.package_identification:_identify(src) by extension 'python'
[0.218s] Level 1:colcon.colcon_core.package_identification:_identify(src) by extensions ['python_setup_py']
[0.218s] Level 1:colcon.colcon_core.package_identification:_identify(src) by extension 'python_setup_py'
[0.218s] Level 1:colcon.colcon_core.package_identification:_identify(src/pibt2) by extensions ['ignore', 'ignore_ament_install']
[0.218s] Level 1:colcon.colcon_core.package_identification:_identify(src/pibt2) by extension 'ignore'
[0.218s] Level 1:colcon.colcon_core.package_identification:_identify(src/pibt2) by extension 'ignore_ament_install'
[0.218s] Level 1:colcon.colcon_core.package_identification:_identify(src/pibt2) by extensions ['colcon_pkg']
[0.218s] Level 1:colcon.colcon_core.package_identification:_identify(src/pibt2) by extension 'colcon_pkg'
[0.219s] Level 1:colcon.colcon_core.package_identification:_identify(src/pibt2) by extensions ['colcon_meta']
[0.219s] Level 1:colcon.colcon_core.package_identification:_identify(src/pibt2) by extension 'colcon_meta'
[0.219s] Level 1:colcon.colcon_core.package_identification:_identify(src/pibt2) by extensions ['ros']
[0.219s] Level 1:colcon.colcon_core.package_identification:_identify(src/pibt2) by extension 'ros'
[0.219s] Level 1:colcon.colcon_core.package_identification:_identify(src/pibt2) by extensions ['cmake', 'python']
[0.219s] Level 1:colcon.colcon_core.package_identification:_identify(src/pibt2) by extension 'cmake'
[0.220s] Level 1:colcon.colcon_core.package_identification:_identify(src/pibt2) by extension 'python'
[0.220s] DEBUG:colcon.colcon_core.package_identification:Package 'src/pibt2' with type 'cmake' and name 'pibt2'
[0.220s] Level 1:colcon.colcon_core.package_identification:_identify(src/pp) by extensions ['ignore', 'ignore_ament_install']
[0.220s] Level 1:colcon.colcon_core.package_identification:_identify(src/pp) by extension 'ignore'
[0.220s] Level 1:colcon.colcon_core.package_identification:_identify(src/pp) by extension 'ignore_ament_install'
[0.220s] Level 1:colcon.colcon_core.package_identification:_identify(src/pp) by extensions ['colcon_pkg']
[0.220s] Level 1:colcon.colcon_core.package_identification:_identify(src/pp) by extension 'colcon_pkg'
[0.220s] Level 1:colcon.colcon_core.package_identification:_identify(src/pp) by extensions ['colcon_meta']
[0.220s] Level 1:colcon.colcon_core.package_identification:_identify(src/pp) by extension 'colcon_meta'
[0.220s] Level 1:colcon.colcon_core.package_identification:_identify(src/pp) by extensions ['ros']
[0.220s] Level 1:colcon.colcon_core.package_identification:_identify(src/pp) by extension 'ros'
[0.222s] DEBUG:colcon.colcon_core.package_identification:Package 'src/pp' with type 'ros.ament_cmake' and name 'pp'
[0.222s] Level 1:colcon.colcon_core.package_identification:_identify(src/talk) by extensions ['ignore', 'ignore_ament_install']
[0.222s] Level 1:colcon.colcon_core.package_identification:_identify(src/talk) by extension 'ignore'
[0.222s] Level 1:colcon.colcon_core.package_identification:_identify(src/talk) by extension 'ignore_ament_install'
[0.222s] Level 1:colcon.colcon_core.package_identification:_identify(src/talk) by extensions ['colcon_pkg']
[0.222s] Level 1:colcon.colcon_core.package_identification:_identify(src/talk) by extension 'colcon_pkg'
[0.222s] Level 1:colcon.colcon_core.package_identification:_identify(src/talk) by extensions ['colcon_meta']
[0.222s] Level 1:colcon.colcon_core.package_identification:_identify(src/talk) by extension 'colcon_meta'
[0.222s] Level 1:colcon.colcon_core.package_identification:_identify(src/talk) by extensions ['ros']
[0.222s] Level 1:colcon.colcon_core.package_identification:_identify(src/talk) by extension 'ros'
[0.222s] DEBUG:colcon.colcon_core.package_identification:Package 'src/talk' with type 'ros.ament_cmake' and name 'talk'
[0.222s] Level 1:colcon.colcon_core.package_discovery:discover_packages(recursive) using defaults
[0.222s] Level 1:colcon.colcon_core.package_discovery:discover_packages(ignore) discover
[0.222s] Level 1:colcon.colcon_core.package_discovery:discover_packages(ignore) using defaults
[0.222s] Level 1:colcon.colcon_core.package_discovery:discover_packages(path) discover
[0.222s] Level 1:colcon.colcon_core.package_discovery:discover_packages(path) using defaults
[0.247s] INFO:colcon.colcon_core.package_selection:Skipping not selected package 'pibt2' in 'src/pibt2'
[0.247s] INFO:colcon.colcon_core.package_selection:Skipping not selected package 'talk' in 'src/talk'
[0.247s] Level 1:colcon.colcon_core.package_discovery:discover_packages(prefix_path) check parameters
[0.247s] Level 1:colcon.colcon_core.package_discovery:discover_packages(prefix_path) discover
[0.249s] DEBUG:colcon.colcon_installed_package_information.package_discovery:Found 278 installed packages in /opt/ros/humble
[0.250s] Level 1:colcon.colcon_core.package_discovery:discover_packages(prefix_path) using defaults
[0.275s] Level 5:colcon.colcon_core.verb:set package 'pp' build argument 'cmake_args' from command line to 'None'
[0.276s] Level 5:colcon.colcon_core.verb:set package 'pp' build argument 'cmake_target' from command line to 'None'
[0.276s] Level 5:colcon.colcon_core.verb:set package 'pp' build argument 'cmake_target_skip_unavailable' from command line to 'False'
[0.276s] Level 5:colcon.colcon_core.verb:set package 'pp' build argument 'cmake_clean_cache' from command line to 'False'
[0.276s] Level 5:colcon.colcon_core.verb:set package 'pp' build argument 'cmake_clean_first' from command line to 'False'
[0.276s] Level 5:colcon.colcon_core.verb:set package 'pp' build argument 'cmake_force_configure' from command line to 'False'
[0.276s] Level 5:colcon.colcon_core.verb:set package 'pp' build argument 'ament_cmake_args' from command line to 'None'
[0.276s] Level 5:colcon.colcon_core.verb:set package 'pp' build argument 'catkin_cmake_args' from command line to 'None'
[0.276s] Level 5:colcon.colcon_core.verb:set package 'pp' build argument 'catkin_skip_building_tests' from command line to 'False'
[0.276s] DEBUG:colcon.colcon_core.verb:Building package 'pp' with the following arguments: {'ament_cmake_args': None, 'build_base': '/home/venator/pil/dirac/pibt_ws/build/pp', 'catkin_cmake_args': None, 'catkin_skip_building_tests': False, 'cmake_args': None, 'cmake_clean_cache': False, 'cmake_clean_first': False, 'cmake_force_configure': False, 'cmake_target': None, 'cmake_target_skip_unavailable': False, 'install_base': '/home/venator/pil/dirac/pibt_ws/install/pp', 'merge_install': False, 'path': '/home/venator/pil/dirac/pibt_ws/src/pp', 'symlink_install': False, 'test_result_base': None}
[0.276s] INFO:colcon.colcon_core.executor:Executing jobs using 'parallel' executor
[0.277s] DEBUG:colcon.colcon_parallel_executor.executor.parallel:run_until_complete
[0.277s] INFO:colcon.colcon_ros.task.ament_cmake.build:Building ROS package in '/home/venator/pil/dirac/pibt_ws/src/pp' with build type 'ament_cmake'
[0.277s] INFO:colcon.colcon_cmake.task.cmake.build:Building CMake package in '/home/venator/pil/dirac/pibt_ws/src/pp'
[0.279s] INFO:colcon.colcon_core.plugin_system:Skipping extension 'colcon_core.shell.bat': Not used on non-Windows systems
[0.279s] INFO:colcon.colcon_core.shell:Skip shell extension 'powershell' for command environment: Not usable outside of PowerShell
[0.280s] DEBUG:colcon.colcon_core.shell:Skip shell extension 'dsv' for command environment
[0.288s] DEBUG:colcon.colcon_core.event_handler.log_command:Invoking command in '/home/venator/pil/dirac/pibt_ws/build/pp': CMAKE_PREFIX_PATH=/opt/ros/humble /usr/bin/cmake /home/venator/pil/dirac/pibt_ws/src/pp -DCMAKE_INSTALL_PREFIX=/home/venator/pil/dirac/pibt_ws/install/pp
[1.611s] DEBUG:colcon.colcon_core.event_handler.log_command:Invoked command in '/home/venator/pil/dirac/pibt_ws/build/pp' returned '0': CMAKE_PREFIX_PATH=/opt/ros/humble /usr/bin/cmake /home/venator/pil/dirac/pibt_ws/src/pp -DCMAKE_INSTALL_PREFIX=/home/venator/pil/dirac/pibt_ws/install/pp
[1.615s] DEBUG:colcon.colcon_core.event_handler.log_command:Invoking command in '/home/venator/pil/dirac/pibt_ws/build/pp': CMAKE_PREFIX_PATH=/opt/ros/humble /usr/bin/cmake --build /home/venator/pil/dirac/pibt_ws/build/pp -- -j6 -l6
[4.633s] DEBUG:colcon.colcon_core.event_handler.log_command:Invoked command in '/home/venator/pil/dirac/pibt_ws/build/pp' returned '0': CMAKE_PREFIX_PATH=/opt/ros/humble /usr/bin/cmake --build /home/venator/pil/dirac/pibt_ws/build/pp -- -j6 -l6
[4.642s] DEBUG:colcon.colcon_core.event_handler.log_command:Invoking command in '/home/venator/pil/dirac/pibt_ws/build/pp': CMAKE_PREFIX_PATH=/opt/ros/humble /usr/bin/cmake --install /home/venator/pil/dirac/pibt_ws/build/pp
[4.652s] Level 1:colcon.colcon_core.environment:create_environment_scripts_only(pp)
[4.653s] DEBUG:colcon.colcon_core.event_handler.log_command:Invoked command in '/home/venator/pil/dirac/pibt_ws/build/pp' returned '0': CMAKE_PREFIX_PATH=/opt/ros/humble /usr/bin/cmake --install /home/venator/pil/dirac/pibt_ws/build/pp
[4.655s] Level 1:colcon.colcon_core.environment:checking '/home/venator/pil/dirac/pibt_ws/install/pp' for CMake module files
[4.655s] Level 1:colcon.colcon_core.environment:checking '/home/venator/pil/dirac/pibt_ws/install/pp' for CMake config files
[4.656s] Level 1:colcon.colcon_core.shell:create_environment_hook('pp', 'cmake_prefix_path')
[4.656s] INFO:colcon.colcon_core.shell:Creating environment hook '/home/venator/pil/dirac/pibt_ws/install/pp/share/pp/hook/cmake_prefix_path.ps1'
[4.656s] INFO:colcon.colcon_core.shell:Creating environment descriptor '/home/venator/pil/dirac/pibt_ws/install/pp/share/pp/hook/cmake_prefix_path.dsv'
[4.657s] INFO:colcon.colcon_core.shell:Creating environment hook '/home/venator/pil/dirac/pibt_ws/install/pp/share/pp/hook/cmake_prefix_path.sh'
[4.658s] Level 1:colcon.colcon_core.environment:checking '/home/venator/pil/dirac/pibt_ws/install/pp/lib'
[4.658s] Level 1:colcon.colcon_core.environment:checking '/home/venator/pil/dirac/pibt_ws/install/pp/bin'
[4.658s] Level 1:colcon.colcon_core.environment:checking '/home/venator/pil/dirac/pibt_ws/install/pp/lib/pkgconfig/pp.pc'
[4.658s] Level 1:colcon.colcon_core.environment:checking '/home/venator/pil/dirac/pibt_ws/install/pp/lib/python3.10/site-packages'
[4.658s] Level 1:colcon.colcon_core.environment:checking '/home/venator/pil/dirac/pibt_ws/install/pp/bin'
[4.659s] INFO:colcon.colcon_core.shell:Creating package script '/home/venator/pil/dirac/pibt_ws/install/pp/share/pp/package.ps1'
[4.659s] INFO:colcon.colcon_core.shell:Creating package descriptor '/home/venator/pil/dirac/pibt_ws/install/pp/share/pp/package.dsv'
[4.660s] INFO:colcon.colcon_core.shell:Creating package script '/home/venator/pil/dirac/pibt_ws/install/pp/share/pp/package.sh'
[4.660s] INFO:colcon.colcon_core.shell:Creating package script '/home/venator/pil/dirac/pibt_ws/install/pp/share/pp/package.bash'
[4.661s] INFO:colcon.colcon_core.shell:Creating package script '/home/venator/pil/dirac/pibt_ws/install/pp/share/pp/package.zsh'
[4.662s] Level 1:colcon.colcon_core.environment:create_file_with_runtime_dependencies(/home/venator/pil/dirac/pibt_ws/install/pp/share/colcon-core/packages/pp)
[4.662s] Level 1:colcon.colcon_core.environment:create_environment_scripts_only(pp)
[4.662s] Level 1:colcon.colcon_core.environment:checking '/home/venator/pil/dirac/pibt_ws/install/pp' for CMake module files
[4.663s] Level 1:colcon.colcon_core.environment:checking '/home/venator/pil/dirac/pibt_ws/install/pp' for CMake config files
[4.663s] Level 1:colcon.colcon_core.shell:create_environment_hook('pp', 'cmake_prefix_path')
[4.663s] INFO:colcon.colcon_core.shell:Creating environment hook '/home/venator/pil/dirac/pibt_ws/install/pp/share/pp/hook/cmake_prefix_path.ps1'
[4.663s] INFO:colcon.colcon_core.shell:Creating environment descriptor '/home/venator/pil/dirac/pibt_ws/install/pp/share/pp/hook/cmake_prefix_path.dsv'
[4.664s] INFO:colcon.colcon_core.shell:Creating environment hook '/home/venator/pil/dirac/pibt_ws/install/pp/share/pp/hook/cmake_prefix_path.sh'
[4.664s] Level 1:colcon.colcon_core.environment:checking '/home/venator/pil/dirac/pibt_ws/install/pp/lib'
[4.664s] Level 1:colcon.colcon_core.environment:checking '/home/venator/pil/dirac/pibt_ws/install/pp/bin'
[4.664s] Level 1:colcon.colcon_core.environment:checking '/home/venator/pil/dirac/pibt_ws/install/pp/lib/pkgconfig/pp.pc'
[4.664s] Level 1:colcon.colcon_core.environment:checking '/home/venator/pil/dirac/pibt_ws/install/pp/lib/python3.10/site-packages'
[4.664s] Level 1:colcon.colcon_core.environment:checking '/home/venator/pil/dirac/pibt_ws/install/pp/bin'
[4.665s] INFO:colcon.colcon_core.shell:Creating package script '/home/venator/pil/dirac/pibt_ws/install/pp/share/pp/package.ps1'
[4.665s] INFO:colcon.colcon_core.shell:Creating package descriptor '/home/venator/pil/dirac/pibt_ws/install/pp/share/pp/package.dsv'
[4.665s] INFO:colcon.colcon_core.shell:Creating package script '/home/venator/pil/dirac/pibt_ws/install/pp/share/pp/package.sh'
[4.666s] INFO:colcon.colcon_core.shell:Creating package script '/home/venator/pil/dirac/pibt_ws/install/pp/share/pp/package.bash'
[4.666s] INFO:colcon.colcon_core.shell:Creating package script '/home/venator/pil/dirac/pibt_ws/install/pp/share/pp/package.zsh'
[4.666s] Level 1:colcon.colcon_core.environment:create_file_with_runtime_dependencies(/home/venator/pil/dirac/pibt_ws/install/pp/share/colcon-core/packages/pp)
[4.667s] DEBUG:colcon.colcon_parallel_executor.executor.parallel:closing loop
[4.667s] DEBUG:colcon.colcon_parallel_executor.executor.parallel:loop closed
[4.667s] DEBUG:colcon.colcon_parallel_executor.executor.parallel:run_until_complete finished with '0'
[4.667s] DEBUG:colcon.colcon_core.event_reactor:joining thread
[4.671s] INFO:colcon.colcon_core.plugin_system:Skipping extension 'colcon_notification.desktop_notification.terminal_notifier': Not used on non-Darwin systems
[4.672s] INFO:colcon.colcon_core.plugin_system:Skipping extension 'colcon_notification.desktop_notification.win32': Not used on non-Windows systems
[4.672s] INFO:colcon.colcon_notification.desktop_notification:Sending desktop notification using 'notify2'
[4.689s] DEBUG:colcon.colcon_core.event_reactor:joined thread
[4.690s] INFO:colcon.colcon_core.shell:Creating prefix script '/home/venator/pil/dirac/pibt_ws/install/local_setup.ps1'
[4.691s] INFO:colcon.colcon_core.shell:Creating prefix util module '/home/venator/pil/dirac/pibt_ws/install/_local_setup_util_ps1.py'
[4.693s] INFO:colcon.colcon_core.shell:Creating prefix chain script '/home/venator/pil/dirac/pibt_ws/install/setup.ps1'
[4.694s] INFO:colcon.colcon_core.shell:Creating prefix script '/home/venator/pil/dirac/pibt_ws/install/local_setup.sh'
[4.695s] INFO:colcon.colcon_core.shell:Creating prefix util module '/home/venator/pil/dirac/pibt_ws/install/_local_setup_util_sh.py'
[4.696s] INFO:colcon.colcon_core.shell:Creating prefix chain script '/home/venator/pil/dirac/pibt_ws/install/setup.sh'
[4.697s] INFO:colcon.colcon_core.shell:Creating prefix script '/home/venator/pil/dirac/pibt_ws/install/local_setup.bash'
[4.697s] INFO:colcon.colcon_core.shell:Creating prefix chain script '/home/venator/pil/dirac/pibt_ws/install/setup.bash'
[4.698s] INFO:colcon.colcon_core.shell:Creating prefix script '/home/venator/pil/dirac/pibt_ws/install/local_setup.zsh'
[4.699s] INFO:colcon.colcon_core.shell:Creating prefix chain script '/home/venator/pil/dirac/pibt_ws/install/setup.zsh'
