[0.069s] DEBUG:colcon:Command line arguments: ['/usr/bin/colcon', 'build']
[0.069s] DEBUG:colcon:Parsed command line arguments: Namespace(log_base=None, log_level=None, verb_name='build', build_base='build', install_base='install', merge_install=False, symlink_install=False, test_result_base=None, continue_on_error=False, executor='parallel', parallel_workers=6, event_handlers=None, ignore_user_meta=False, metas=['./colcon.meta'], base_paths=['.'], packages_ignore=None, packages_ignore_regex=None, paths=None, packages_up_to=None, packages_up_to_regex=None, packages_above=None, packages_above_and_dependencies=None, packages_above_depth=None, packages_select_by_dep=None, packages_skip_by_dep=None, packages_skip_up_to=None, packages_select_build_failed=False, packages_skip_build_finished=False, packages_select_test_failures=False, packages_skip_test_passed=False, packages_select=None, packages_skip=None, packages_select_regex=None, packages_skip_regex=None, packages_start=None, packages_end=None, allow_overriding=[], cmake_args=None, cmake_target=None, cmake_target_skip_unavailable=False, cmake_clean_cache=False, cmake_clean_first=False, cmake_force_configure=False, ament_cmake_args=None, catkin_cmake_args=None, catkin_skip_building_tests=False, mixin_files=None, mixin=None, verb_parser=<colcon_mixin.mixin.mixin_argument.MixinArgumentDecorator object at 0x756a51469cf0>, verb_extension=<colcon_core.verb.build.BuildVerb object at 0x756a515db340>, main=<bound method BuildVerb.main of <colcon_core.verb.build.BuildVerb object at 0x756a515db340>>, mixin_verb=('build',))
[0.168s] Level 1:colcon.colcon_core.package_discovery:discover_packages(colcon_meta) check parameters
[0.169s] Level 1:colcon.colcon_core.package_discovery:discover_packages(recursive) check parameters
[0.169s] Level 1:colcon.colcon_core.package_discovery:discover_packages(ignore) check parameters
[0.169s] Level 1:colcon.colcon_core.package_discovery:discover_packages(path) check parameters
[0.169s] Level 1:colcon.colcon_core.package_discovery:discover_packages(colcon_meta) discover
[0.169s] Level 1:colcon.colcon_core.package_discovery:discover_packages(recursive) discover
[0.169s] INFO:colcon.colcon_core.package_discovery:Crawling recursively for packages in '/home/venator/pil/dirac/pibt_ws'
[0.169s] Level 1:colcon.colcon_core.package_identification:_identify(.) by extensions ['ignore', 'ignore_ament_install']
[0.169s] Level 1:colcon.colcon_core.package_identification:_identify(.) by extension 'ignore'
[0.169s] Level 1:colcon.colcon_core.package_identification:_identify(.) by extension 'ignore_ament_install'
[0.169s] Level 1:colcon.colcon_core.package_identification:_identify(.) by extensions ['colcon_pkg']
[0.169s] Level 1:colcon.colcon_core.package_identification:_identify(.) by extension 'colcon_pkg'
[0.169s] Level 1:colcon.colcon_core.package_identification:_identify(.) by extensions ['colcon_meta']
[0.169s] Level 1:colcon.colcon_core.package_identification:_identify(.) by extension 'colcon_meta'
[0.169s] Level 1:colcon.colcon_core.package_identification:_identify(.) by extensions ['ros']
[0.169s] Level 1:colcon.colcon_core.package_identification:_identify(.) by extension 'ros'
[0.176s] Level 1:colcon.colcon_core.package_identification:_identify(.) by extensions ['cmake', 'python']
[0.176s] Level 1:colcon.colcon_core.package_identification:_identify(.) by extension 'cmake'
[0.176s] Level 1:colcon.colcon_core.package_identification:_identify(.) by extension 'python'
[0.176s] Level 1:colcon.colcon_core.package_identification:_identify(.) by extensions ['python_setup_py']
[0.176s] Level 1:colcon.colcon_core.package_identification:_identify(.) by extension 'python_setup_py'
[0.176s] Level 1:colcon.colcon_core.package_identification:_identify(build) by extensions ['ignore', 'ignore_ament_install']
[0.176s] Level 1:colcon.colcon_core.package_identification:_identify(build) by extension 'ignore'
[0.176s] Level 1:colcon.colcon_core.package_identification:_identify(build) ignored
[0.176s] Level 1:colcon.colcon_core.package_identification:_identify(install) by extensions ['ignore', 'ignore_ament_install']
[0.176s] Level 1:colcon.colcon_core.package_identification:_identify(install) by extension 'ignore'
[0.176s] Level 1:colcon.colcon_core.package_identification:_identify(install) ignored
[0.176s] Level 1:colcon.colcon_core.package_identification:_identify(log) by extensions ['ignore', 'ignore_ament_install']
[0.176s] Level 1:colcon.colcon_core.package_identification:_identify(log) by extension 'ignore'
[0.176s] Level 1:colcon.colcon_core.package_identification:_identify(log) ignored
[0.176s] Level 1:colcon.colcon_core.package_identification:_identify(src) by extensions ['ignore', 'ignore_ament_install']
[0.176s] Level 1:colcon.colcon_core.package_identification:_identify(src) by extension 'ignore'
[0.176s] Level 1:colcon.colcon_core.package_identification:_identify(src) by extension 'ignore_ament_install'
[0.176s] Level 1:colcon.colcon_core.package_identification:_identify(src) by extensions ['colcon_pkg']
[0.176s] Level 1:colcon.colcon_core.package_identification:_identify(src) by extension 'colcon_pkg'
[0.176s] Level 1:colcon.colcon_core.package_identification:_identify(src) by extensions ['colcon_meta']
[0.177s] Level 1:colcon.colcon_core.package_identification:_identify(src) by extension 'colcon_meta'
[0.177s] Level 1:colcon.colcon_core.package_identification:_identify(src) by extensions ['ros']
[0.177s] Level 1:colcon.colcon_core.package_identification:_identify(src) by extension 'ros'
[0.177s] Level 1:colcon.colcon_core.package_identification:_identify(src) by extensions ['cmake', 'python']
[0.177s] Level 1:colcon.colcon_core.package_identification:_identify(src) by extension 'cmake'
[0.177s] Level 1:colcon.colcon_core.package_identification:_identify(src) by extension 'python'
[0.177s] Level 1:colcon.colcon_core.package_identification:_identify(src) by extensions ['python_setup_py']
[0.177s] Level 1:colcon.colcon_core.package_identification:_identify(src) by extension 'python_setup_py'
[0.177s] Level 1:colcon.colcon_core.package_identification:_identify(src/dracon_msgs) by extensions ['ignore', 'ignore_ament_install']
[0.177s] Level 1:colcon.colcon_core.package_identification:_identify(src/dracon_msgs) by extension 'ignore'
[0.177s] Level 1:colcon.colcon_core.package_identification:_identify(src/dracon_msgs) by extension 'ignore_ament_install'
[0.177s] Level 1:colcon.colcon_core.package_identification:_identify(src/dracon_msgs) by extensions ['colcon_pkg']
[0.177s] Level 1:colcon.colcon_core.package_identification:_identify(src/dracon_msgs) by extension 'colcon_pkg'
[0.177s] Level 1:colcon.colcon_core.package_identification:_identify(src/dracon_msgs) by extensions ['colcon_meta']
[0.177s] Level 1:colcon.colcon_core.package_identification:_identify(src/dracon_msgs) by extension 'colcon_meta'
[0.177s] Level 1:colcon.colcon_core.package_identification:_identify(src/dracon_msgs) by extensions ['ros']
[0.177s] Level 1:colcon.colcon_core.package_identification:_identify(src/dracon_msgs) by extension 'ros'
[0.178s] DEBUG:colcon.colcon_core.package_identification:Package 'src/dracon_msgs' with type 'ros.ament_cmake' and name 'dracon_msgs'
[0.178s] Level 1:colcon.colcon_core.package_identification:_identify(src/pibt2) by extensions ['ignore', 'ignore_ament_install']
[0.179s] Level 1:colcon.colcon_core.package_identification:_identify(src/pibt2) by extension 'ignore'
[0.179s] Level 1:colcon.colcon_core.package_identification:_identify(src/pibt2) by extension 'ignore_ament_install'
[0.179s] Level 1:colcon.colcon_core.package_identification:_identify(src/pibt2) by extensions ['colcon_pkg']
[0.179s] Level 1:colcon.colcon_core.package_identification:_identify(src/pibt2) by extension 'colcon_pkg'
[0.179s] Level 1:colcon.colcon_core.package_identification:_identify(src/pibt2) by extensions ['colcon_meta']
[0.179s] Level 1:colcon.colcon_core.package_identification:_identify(src/pibt2) by extension 'colcon_meta'
[0.179s] Level 1:colcon.colcon_core.package_identification:_identify(src/pibt2) by extensions ['ros']
[0.179s] Level 1:colcon.colcon_core.package_identification:_identify(src/pibt2) by extension 'ros'
[0.179s] DEBUG:colcon.colcon_core.package_identification:Package 'src/pibt2' with type 'ros.catkin' and name 'pibt2'
[0.179s] Level 1:colcon.colcon_core.package_discovery:discover_packages(recursive) using defaults
[0.179s] Level 1:colcon.colcon_core.package_discovery:discover_packages(ignore) discover
[0.179s] Level 1:colcon.colcon_core.package_discovery:discover_packages(ignore) using defaults
[0.179s] Level 1:colcon.colcon_core.package_discovery:discover_packages(path) discover
[0.179s] Level 1:colcon.colcon_core.package_discovery:discover_packages(path) using defaults
[0.199s] Level 1:colcon.colcon_core.package_discovery:discover_packages(prefix_path) check parameters
[0.199s] Level 1:colcon.colcon_core.package_discovery:discover_packages(prefix_path) discover
[0.200s] WARNING:colcon.colcon_ros.prefix_path.ament:The path '/home/venator/pil/dirac/pibt_ws/install/dracon_msgs' in the environment variable AMENT_PREFIX_PATH doesn't exist
[0.200s] WARNING:colcon.colcon_ros.prefix_path.catkin:The path '/home/venator/pil/dirac/pibt_ws/install/pibt2' in the environment variable CMAKE_PREFIX_PATH doesn't exist
[0.200s] WARNING:colcon.colcon_ros.prefix_path.catkin:The path '/home/venator/pil/dirac/pibt_ws/install/dracon_msgs' in the environment variable CMAKE_PREFIX_PATH doesn't exist
[0.200s] DEBUG:colcon.colcon_installed_package_information.package_discovery:Found 0 installed packages in /home/venator/pil/dirac/pibt_ws/install
[0.201s] DEBUG:colcon.colcon_installed_package_information.package_discovery:Found 278 installed packages in /opt/ros/humble
[0.202s] Level 1:colcon.colcon_core.package_discovery:discover_packages(prefix_path) using defaults
[0.225s] Level 5:colcon.colcon_core.verb:set package 'dracon_msgs' build argument 'cmake_args' from command line to 'None'
[0.225s] Level 5:colcon.colcon_core.verb:set package 'dracon_msgs' build argument 'cmake_target' from command line to 'None'
[0.225s] Level 5:colcon.colcon_core.verb:set package 'dracon_msgs' build argument 'cmake_target_skip_unavailable' from command line to 'False'
[0.225s] Level 5:colcon.colcon_core.verb:set package 'dracon_msgs' build argument 'cmake_clean_cache' from command line to 'False'
[0.225s] Level 5:colcon.colcon_core.verb:set package 'dracon_msgs' build argument 'cmake_clean_first' from command line to 'False'
[0.225s] Level 5:colcon.colcon_core.verb:set package 'dracon_msgs' build argument 'cmake_force_configure' from command line to 'False'
[0.225s] Level 5:colcon.colcon_core.verb:set package 'dracon_msgs' build argument 'ament_cmake_args' from command line to 'None'
[0.225s] Level 5:colcon.colcon_core.verb:set package 'dracon_msgs' build argument 'catkin_cmake_args' from command line to 'None'
[0.225s] Level 5:colcon.colcon_core.verb:set package 'dracon_msgs' build argument 'catkin_skip_building_tests' from command line to 'False'
[0.225s] DEBUG:colcon.colcon_core.verb:Building package 'dracon_msgs' with the following arguments: {'ament_cmake_args': None, 'build_base': '/home/venator/pil/dirac/pibt_ws/build/dracon_msgs', 'catkin_cmake_args': None, 'catkin_skip_building_tests': False, 'cmake_args': None, 'cmake_clean_cache': False, 'cmake_clean_first': False, 'cmake_force_configure': False, 'cmake_target': None, 'cmake_target_skip_unavailable': False, 'install_base': '/home/venator/pil/dirac/pibt_ws/install/dracon_msgs', 'merge_install': False, 'path': '/home/venator/pil/dirac/pibt_ws/src/dracon_msgs', 'symlink_install': False, 'test_result_base': None}
[0.225s] Level 5:colcon.colcon_core.verb:set package 'pibt2' build argument 'cmake_args' from command line to 'None'
[0.225s] Level 5:colcon.colcon_core.verb:set package 'pibt2' build argument 'cmake_target' from command line to 'None'
[0.225s] Level 5:colcon.colcon_core.verb:set package 'pibt2' build argument 'cmake_target_skip_unavailable' from command line to 'False'
[0.225s] Level 5:colcon.colcon_core.verb:set package 'pibt2' build argument 'cmake_clean_cache' from command line to 'False'
[0.225s] Level 5:colcon.colcon_core.verb:set package 'pibt2' build argument 'cmake_clean_first' from command line to 'False'
[0.225s] Level 5:colcon.colcon_core.verb:set package 'pibt2' build argument 'cmake_force_configure' from command line to 'False'
[0.225s] Level 5:colcon.colcon_core.verb:set package 'pibt2' build argument 'ament_cmake_args' from command line to 'None'
[0.225s] Level 5:colcon.colcon_core.verb:set package 'pibt2' build argument 'catkin_cmake_args' from command line to 'None'
[0.225s] Level 5:colcon.colcon_core.verb:set package 'pibt2' build argument 'catkin_skip_building_tests' from command line to 'False'
[0.225s] DEBUG:colcon.colcon_core.verb:Building package 'pibt2' with the following arguments: {'ament_cmake_args': None, 'build_base': '/home/venator/pil/dirac/pibt_ws/build/pibt2', 'catkin_cmake_args': None, 'catkin_skip_building_tests': False, 'cmake_args': None, 'cmake_clean_cache': False, 'cmake_clean_first': False, 'cmake_force_configure': False, 'cmake_target': None, 'cmake_target_skip_unavailable': False, 'install_base': '/home/venator/pil/dirac/pibt_ws/install/pibt2', 'merge_install': False, 'path': '/home/venator/pil/dirac/pibt_ws/src/pibt2', 'symlink_install': False, 'test_result_base': None}
[0.226s] INFO:colcon.colcon_core.executor:Executing jobs using 'parallel' executor
[0.226s] DEBUG:colcon.colcon_parallel_executor.executor.parallel:run_until_complete
[0.227s] INFO:colcon.colcon_ros.task.ament_cmake.build:Building ROS package in '/home/venator/pil/dirac/pibt_ws/src/dracon_msgs' with build type 'ament_cmake'
[0.227s] INFO:colcon.colcon_cmake.task.cmake.build:Building CMake package in '/home/venator/pil/dirac/pibt_ws/src/dracon_msgs'
[0.228s] INFO:colcon.colcon_core.plugin_system:Skipping extension 'colcon_core.shell.bat': Not used on non-Windows systems
[0.228s] INFO:colcon.colcon_core.shell:Skip shell extension 'powershell' for command environment: Not usable outside of PowerShell
[0.228s] DEBUG:colcon.colcon_core.shell:Skip shell extension 'dsv' for command environment
[0.230s] INFO:colcon.colcon_ros.task.catkin.build:Building ROS package in '/home/venator/pil/dirac/pibt_ws/src/pibt2' with build type 'catkin'
[0.230s] INFO:colcon.colcon_cmake.task.cmake.build:Building CMake package in '/home/venator/pil/dirac/pibt_ws/src/pibt2'
[0.230s] INFO:colcon.colcon_core.shell:Skip shell extension 'powershell' for command environment: Not usable outside of PowerShell
[0.230s] DEBUG:colcon.colcon_core.shell:Skip shell extension 'dsv' for command environment
[0.239s] DEBUG:colcon.colcon_core.event_handler.log_command:Invoking command in '/home/venator/pil/dirac/pibt_ws/build/dracon_msgs': CMAKE_PREFIX_PATH=${CMAKE_PREFIX_PATH}:/opt/ros/humble /usr/bin/cmake /home/venator/pil/dirac/pibt_ws/src/dracon_msgs -DCMAKE_INSTALL_PREFIX=/home/venator/pil/dirac/pibt_ws/install/dracon_msgs
[0.241s] DEBUG:colcon.colcon_core.event_handler.log_command:Invoking command in '/home/venator/pil/dirac/pibt_ws/build/pibt2': /usr/bin/cmake /home/venator/pil/dirac/pibt_ws/src/pibt2 -DCATKIN_INSTALL_INTO_PREFIX_ROOT=0 -DCMAKE_INSTALL_PREFIX=/home/venator/pil/dirac/pibt_ws/install/pibt2
[1.322s] DEBUG:colcon.colcon_core.event_handler.log_command:Invoked command in '/home/venator/pil/dirac/pibt_ws/build/pibt2' returned '0': /usr/bin/cmake /home/venator/pil/dirac/pibt_ws/src/pibt2 -DCATKIN_INSTALL_INTO_PREFIX_ROOT=0 -DCMAKE_INSTALL_PREFIX=/home/venator/pil/dirac/pibt_ws/install/pibt2
[1.323s] DEBUG:colcon.colcon_core.event_handler.log_command:Invoking command in '/home/venator/pil/dirac/pibt_ws/build/pibt2': /usr/bin/cmake --build /home/venator/pil/dirac/pibt_ws/build/pibt2 -- -j6 -l6
[1.568s] DEBUG:colcon.colcon_core.event_handler.log_command:Invoked command in '/home/venator/pil/dirac/pibt_ws/build/dracon_msgs' returned '0': CMAKE_PREFIX_PATH=${CMAKE_PREFIX_PATH}:/opt/ros/humble /usr/bin/cmake /home/venator/pil/dirac/pibt_ws/src/dracon_msgs -DCMAKE_INSTALL_PREFIX=/home/venator/pil/dirac/pibt_ws/install/dracon_msgs
[1.569s] DEBUG:colcon.colcon_core.event_handler.log_command:Invoking command in '/home/venator/pil/dirac/pibt_ws/build/dracon_msgs': CMAKE_PREFIX_PATH=${CMAKE_PREFIX_PATH}:/opt/ros/humble /usr/bin/cmake --build /home/venator/pil/dirac/pibt_ws/build/dracon_msgs -- -j6 -l6
[6.070s] DEBUG:colcon.colcon_core.event_handler.log_command:Invoked command in '/home/venator/pil/dirac/pibt_ws/build/dracon_msgs' returned '0': CMAKE_PREFIX_PATH=${CMAKE_PREFIX_PATH}:/opt/ros/humble /usr/bin/cmake --build /home/venator/pil/dirac/pibt_ws/build/dracon_msgs -- -j6 -l6
[6.080s] DEBUG:colcon.colcon_core.event_handler.log_command:Invoking command in '/home/venator/pil/dirac/pibt_ws/build/dracon_msgs': CMAKE_PREFIX_PATH=${CMAKE_PREFIX_PATH}:/opt/ros/humble /usr/bin/cmake --install /home/venator/pil/dirac/pibt_ws/build/dracon_msgs
[6.137s] Level 1:colcon.colcon_core.environment:create_environment_scripts_only(dracon_msgs)
[6.137s] DEBUG:colcon.colcon_core.event_handler.log_command:Invoked command in '/home/venator/pil/dirac/pibt_ws/build/dracon_msgs' returned '0': CMAKE_PREFIX_PATH=${CMAKE_PREFIX_PATH}:/opt/ros/humble /usr/bin/cmake --install /home/venator/pil/dirac/pibt_ws/build/dracon_msgs
[6.138s] Level 1:colcon.colcon_core.environment:checking '/home/venator/pil/dirac/pibt_ws/install/dracon_msgs' for CMake module files
[6.139s] Level 1:colcon.colcon_core.environment:checking '/home/venator/pil/dirac/pibt_ws/install/dracon_msgs' for CMake config files
[6.139s] Level 1:colcon.colcon_core.shell:create_environment_hook('dracon_msgs', 'cmake_prefix_path')
[6.139s] INFO:colcon.colcon_core.shell:Creating environment hook '/home/venator/pil/dirac/pibt_ws/install/dracon_msgs/share/dracon_msgs/hook/cmake_prefix_path.ps1'
[6.140s] INFO:colcon.colcon_core.shell:Creating environment descriptor '/home/venator/pil/dirac/pibt_ws/install/dracon_msgs/share/dracon_msgs/hook/cmake_prefix_path.dsv'
[6.140s] INFO:colcon.colcon_core.shell:Creating environment hook '/home/venator/pil/dirac/pibt_ws/install/dracon_msgs/share/dracon_msgs/hook/cmake_prefix_path.sh'
[6.140s] Level 1:colcon.colcon_core.environment:checking '/home/venator/pil/dirac/pibt_ws/install/dracon_msgs/lib'
[6.141s] Level 1:colcon.colcon_core.shell:create_environment_hook('dracon_msgs', 'ld_library_path_lib')
[6.141s] INFO:colcon.colcon_core.shell:Creating environment hook '/home/venator/pil/dirac/pibt_ws/install/dracon_msgs/share/dracon_msgs/hook/ld_library_path_lib.ps1'
[6.141s] INFO:colcon.colcon_core.shell:Creating environment descriptor '/home/venator/pil/dirac/pibt_ws/install/dracon_msgs/share/dracon_msgs/hook/ld_library_path_lib.dsv'
[6.141s] INFO:colcon.colcon_core.shell:Creating environment hook '/home/venator/pil/dirac/pibt_ws/install/dracon_msgs/share/dracon_msgs/hook/ld_library_path_lib.sh'
[6.141s] Level 1:colcon.colcon_core.environment:checking '/home/venator/pil/dirac/pibt_ws/install/dracon_msgs/bin'
[6.141s] Level 1:colcon.colcon_core.environment:checking '/home/venator/pil/dirac/pibt_ws/install/dracon_msgs/lib/pkgconfig/dracon_msgs.pc'
[6.142s] Level 1:colcon.colcon_core.environment:checking '/home/venator/pil/dirac/pibt_ws/install/dracon_msgs/lib/python3.10/site-packages'
[6.142s] Level 1:colcon.colcon_core.environment:checking '/home/venator/pil/dirac/pibt_ws/install/dracon_msgs/bin'
[6.142s] INFO:colcon.colcon_core.shell:Creating package script '/home/venator/pil/dirac/pibt_ws/install/dracon_msgs/share/dracon_msgs/package.ps1'
[6.142s] INFO:colcon.colcon_core.shell:Creating package descriptor '/home/venator/pil/dirac/pibt_ws/install/dracon_msgs/share/dracon_msgs/package.dsv'
[6.143s] INFO:colcon.colcon_core.shell:Creating package script '/home/venator/pil/dirac/pibt_ws/install/dracon_msgs/share/dracon_msgs/package.sh'
[6.143s] INFO:colcon.colcon_core.shell:Creating package script '/home/venator/pil/dirac/pibt_ws/install/dracon_msgs/share/dracon_msgs/package.bash'
[6.144s] INFO:colcon.colcon_core.shell:Creating package script '/home/venator/pil/dirac/pibt_ws/install/dracon_msgs/share/dracon_msgs/package.zsh'
[6.144s] Level 1:colcon.colcon_core.environment:create_file_with_runtime_dependencies(/home/venator/pil/dirac/pibt_ws/install/dracon_msgs/share/colcon-core/packages/dracon_msgs)
[6.145s] Level 1:colcon.colcon_core.environment:create_environment_scripts_only(dracon_msgs)
[6.145s] Level 1:colcon.colcon_core.environment:checking '/home/venator/pil/dirac/pibt_ws/install/dracon_msgs' for CMake module files
[6.145s] Level 1:colcon.colcon_core.environment:checking '/home/venator/pil/dirac/pibt_ws/install/dracon_msgs' for CMake config files
[6.145s] Level 1:colcon.colcon_core.shell:create_environment_hook('dracon_msgs', 'cmake_prefix_path')
[6.145s] INFO:colcon.colcon_core.shell:Creating environment hook '/home/venator/pil/dirac/pibt_ws/install/dracon_msgs/share/dracon_msgs/hook/cmake_prefix_path.ps1'
[6.146s] INFO:colcon.colcon_core.shell:Creating environment descriptor '/home/venator/pil/dirac/pibt_ws/install/dracon_msgs/share/dracon_msgs/hook/cmake_prefix_path.dsv'
[6.146s] INFO:colcon.colcon_core.shell:Creating environment hook '/home/venator/pil/dirac/pibt_ws/install/dracon_msgs/share/dracon_msgs/hook/cmake_prefix_path.sh'
[6.146s] Level 1:colcon.colcon_core.environment:checking '/home/venator/pil/dirac/pibt_ws/install/dracon_msgs/lib'
[6.146s] Level 1:colcon.colcon_core.shell:create_environment_hook('dracon_msgs', 'ld_library_path_lib')
[6.146s] INFO:colcon.colcon_core.shell:Creating environment hook '/home/venator/pil/dirac/pibt_ws/install/dracon_msgs/share/dracon_msgs/hook/ld_library_path_lib.ps1'
[6.147s] INFO:colcon.colcon_core.shell:Creating environment descriptor '/home/venator/pil/dirac/pibt_ws/install/dracon_msgs/share/dracon_msgs/hook/ld_library_path_lib.dsv'
[6.147s] INFO:colcon.colcon_core.shell:Creating environment hook '/home/venator/pil/dirac/pibt_ws/install/dracon_msgs/share/dracon_msgs/hook/ld_library_path_lib.sh'
[6.147s] Level 1:colcon.colcon_core.environment:checking '/home/venator/pil/dirac/pibt_ws/install/dracon_msgs/bin'
[6.147s] Level 1:colcon.colcon_core.environment:checking '/home/venator/pil/dirac/pibt_ws/install/dracon_msgs/lib/pkgconfig/dracon_msgs.pc'
[6.147s] Level 1:colcon.colcon_core.environment:checking '/home/venator/pil/dirac/pibt_ws/install/dracon_msgs/lib/python3.10/site-packages'
[6.147s] Level 1:colcon.colcon_core.environment:checking '/home/venator/pil/dirac/pibt_ws/install/dracon_msgs/bin'
[6.148s] INFO:colcon.colcon_core.shell:Creating package script '/home/venator/pil/dirac/pibt_ws/install/dracon_msgs/share/dracon_msgs/package.ps1'
[6.148s] INFO:colcon.colcon_core.shell:Creating package descriptor '/home/venator/pil/dirac/pibt_ws/install/dracon_msgs/share/dracon_msgs/package.dsv'
[6.148s] INFO:colcon.colcon_core.shell:Creating package script '/home/venator/pil/dirac/pibt_ws/install/dracon_msgs/share/dracon_msgs/package.sh'
[6.149s] INFO:colcon.colcon_core.shell:Creating package script '/home/venator/pil/dirac/pibt_ws/install/dracon_msgs/share/dracon_msgs/package.bash'
[6.149s] INFO:colcon.colcon_core.shell:Creating package script '/home/venator/pil/dirac/pibt_ws/install/dracon_msgs/share/dracon_msgs/package.zsh'
[6.149s] Level 1:colcon.colcon_core.environment:create_file_with_runtime_dependencies(/home/venator/pil/dirac/pibt_ws/install/dracon_msgs/share/colcon-core/packages/dracon_msgs)
[7.128s] DEBUG:colcon.colcon_core.event_handler.log_command:Invoked command in '/home/venator/pil/dirac/pibt_ws/build/pibt2' returned '0': /usr/bin/cmake --build /home/venator/pil/dirac/pibt_ws/build/pibt2 -- -j6 -l6
[7.129s] DEBUG:colcon.colcon_core.event_handler.log_command:Invoking command in '/home/venator/pil/dirac/pibt_ws/build/pibt2': /usr/bin/cmake --install /home/venator/pil/dirac/pibt_ws/build/pibt2
[7.139s] DEBUG:colcon.colcon_core.event_handler.log_command:Invoked command in '/home/venator/pil/dirac/pibt_ws/build/pibt2' returned '0': /usr/bin/cmake --install /home/venator/pil/dirac/pibt_ws/build/pibt2
[7.140s] Level 1:colcon.colcon_core.shell:create_environment_hook('pibt2', 'ros_package_path')
[7.140s] INFO:colcon.colcon_core.shell:Creating environment hook '/home/venator/pil/dirac/pibt_ws/install/pibt2/share/pibt2/hook/ros_package_path.ps1'
[7.140s] INFO:colcon.colcon_core.shell:Creating environment descriptor '/home/venator/pil/dirac/pibt_ws/install/pibt2/share/pibt2/hook/ros_package_path.dsv'
[7.140s] INFO:colcon.colcon_core.shell:Creating environment hook '/home/venator/pil/dirac/pibt_ws/install/pibt2/share/pibt2/hook/ros_package_path.sh'
[7.141s] Level 1:colcon.colcon_core.shell:create_environment_hook('pibt2', 'pkg_config_path')
[7.141s] INFO:colcon.colcon_core.shell:Creating environment hook '/home/venator/pil/dirac/pibt_ws/install/pibt2/share/pibt2/hook/pkg_config_path.ps1'
[7.141s] INFO:colcon.colcon_core.shell:Creating environment descriptor '/home/venator/pil/dirac/pibt_ws/install/pibt2/share/pibt2/hook/pkg_config_path.dsv'
[7.141s] INFO:colcon.colcon_core.shell:Creating environment hook '/home/venator/pil/dirac/pibt_ws/install/pibt2/share/pibt2/hook/pkg_config_path.sh'
[7.145s] Level 1:colcon.colcon_core.shell:create_environment_hook('pibt2', 'pkg_config_path_multiarch')
[7.145s] INFO:colcon.colcon_core.shell:Creating environment hook '/home/venator/pil/dirac/pibt_ws/install/pibt2/share/pibt2/hook/pkg_config_path_multiarch.ps1'
[7.145s] INFO:colcon.colcon_core.shell:Creating environment descriptor '/home/venator/pil/dirac/pibt_ws/install/pibt2/share/pibt2/hook/pkg_config_path_multiarch.dsv'
[7.146s] INFO:colcon.colcon_core.shell:Creating environment hook '/home/venator/pil/dirac/pibt_ws/install/pibt2/share/pibt2/hook/pkg_config_path_multiarch.sh'
[7.146s] Level 1:colcon.colcon_core.environment:create_environment_scripts_only(pibt2)
[7.147s] Level 1:colcon.colcon_core.environment:checking '/home/venator/pil/dirac/pibt_ws/install/pibt2' for CMake module files
[7.147s] Level 1:colcon.colcon_core.environment:checking '/home/venator/pil/dirac/pibt_ws/install/pibt2' for CMake config files
[7.147s] Level 1:colcon.colcon_core.shell:create_environment_hook('pibt2', 'cmake_prefix_path')
[7.147s] INFO:colcon.colcon_core.shell:Creating environment hook '/home/venator/pil/dirac/pibt_ws/install/pibt2/share/pibt2/hook/cmake_prefix_path.ps1'
[7.147s] INFO:colcon.colcon_core.shell:Creating environment descriptor '/home/venator/pil/dirac/pibt_ws/install/pibt2/share/pibt2/hook/cmake_prefix_path.dsv'
[7.148s] INFO:colcon.colcon_core.shell:Creating environment hook '/home/venator/pil/dirac/pibt_ws/install/pibt2/share/pibt2/hook/cmake_prefix_path.sh'
[7.148s] Level 1:colcon.colcon_core.environment:checking '/home/venator/pil/dirac/pibt_ws/install/pibt2/bin'
[7.148s] Level 1:colcon.colcon_core.environment:checking '/home/venator/pil/dirac/pibt_ws/install/pibt2/lib/pkgconfig/pibt2.pc'
[7.148s] Level 1:colcon.colcon_core.environment:checking '/home/venator/pil/dirac/pibt_ws/install/pibt2/lib/python3.10/site-packages'
[7.148s] Level 1:colcon.colcon_core.environment:checking '/home/venator/pil/dirac/pibt_ws/install/pibt2/bin'
[7.148s] INFO:colcon.colcon_core.shell:Creating package script '/home/venator/pil/dirac/pibt_ws/install/pibt2/share/pibt2/package.ps1'
[7.149s] INFO:colcon.colcon_core.shell:Creating package descriptor '/home/venator/pil/dirac/pibt_ws/install/pibt2/share/pibt2/package.dsv'
[7.149s] INFO:colcon.colcon_core.shell:Creating package script '/home/venator/pil/dirac/pibt_ws/install/pibt2/share/pibt2/package.sh'
[7.149s] INFO:colcon.colcon_core.shell:Creating package script '/home/venator/pil/dirac/pibt_ws/install/pibt2/share/pibt2/package.bash'
[7.150s] INFO:colcon.colcon_core.shell:Creating package script '/home/venator/pil/dirac/pibt_ws/install/pibt2/share/pibt2/package.zsh'
[7.150s] Level 1:colcon.colcon_core.environment:create_file_with_runtime_dependencies(/home/venator/pil/dirac/pibt_ws/install/pibt2/share/colcon-core/packages/pibt2)
[7.150s] DEBUG:colcon.colcon_parallel_executor.executor.parallel:closing loop
[7.150s] DEBUG:colcon.colcon_parallel_executor.executor.parallel:loop closed
[7.150s] DEBUG:colcon.colcon_parallel_executor.executor.parallel:run_until_complete finished with '0'
[7.150s] DEBUG:colcon.colcon_core.event_reactor:joining thread
[7.155s] INFO:colcon.colcon_core.plugin_system:Skipping extension 'colcon_notification.desktop_notification.terminal_notifier': Not used on non-Darwin systems
[7.155s] INFO:colcon.colcon_core.plugin_system:Skipping extension 'colcon_notification.desktop_notification.win32': Not used on non-Windows systems
[7.155s] INFO:colcon.colcon_notification.desktop_notification:Sending desktop notification using 'notify2'
[7.165s] DEBUG:colcon.colcon_core.event_reactor:joined thread
[7.165s] INFO:colcon.colcon_core.shell:Creating prefix script '/home/venator/pil/dirac/pibt_ws/install/local_setup.ps1'
[7.166s] INFO:colcon.colcon_core.shell:Creating prefix util module '/home/venator/pil/dirac/pibt_ws/install/_local_setup_util_ps1.py'
[7.167s] INFO:colcon.colcon_core.shell:Creating prefix chain script '/home/venator/pil/dirac/pibt_ws/install/setup.ps1'
[7.168s] INFO:colcon.colcon_core.shell:Creating prefix script '/home/venator/pil/dirac/pibt_ws/install/local_setup.sh'
[7.168s] INFO:colcon.colcon_core.shell:Creating prefix util module '/home/venator/pil/dirac/pibt_ws/install/_local_setup_util_sh.py'
[7.168s] INFO:colcon.colcon_core.shell:Creating prefix chain script '/home/venator/pil/dirac/pibt_ws/install/setup.sh'
[7.169s] INFO:colcon.colcon_core.shell:Creating prefix script '/home/venator/pil/dirac/pibt_ws/install/local_setup.bash'
[7.170s] INFO:colcon.colcon_core.shell:Creating prefix chain script '/home/venator/pil/dirac/pibt_ws/install/setup.bash'
[7.170s] INFO:colcon.colcon_core.shell:Creating prefix script '/home/venator/pil/dirac/pibt_ws/install/local_setup.zsh'
[7.170s] INFO:colcon.colcon_core.shell:Creating prefix chain script '/home/venator/pil/dirac/pibt_ws/install/setup.zsh'
