[0.015s] Invoking command in '/home/venator/pil/dirac/pibt_ws/build/pibt2': /usr/bin/cmake --build /home/venator/pil/dirac/pibt_ws/build/pibt2 -- -j6 -l6
[0.078s] [35m[1mConsolidate compiler generated dependencies of target pibt_agent_node[0m
[0.120s] [100%] Built target pibt_agent_node
[0.145s] Invoked command in '/home/venator/pil/dirac/pibt_ws/build/pibt2' returned '0': /usr/bin/cmake --build /home/venator/pil/dirac/pibt_ws/build/pibt2 -- -j6 -l6
[0.179s] Invoking command in '/home/venator/pil/dirac/pibt_ws/build/pibt2': /usr/bin/cmake --install /home/venator/pil/dirac/pibt_ws/build/pibt2
[0.199s] -- Install configuration: ""
[0.199s] -- Up-to-date: /home/venator/pil/dirac/pibt_ws/install/pibt2/share/pibt2/package.xml
[0.199s] -- Up-to-date: /home/venator/pil/dirac/pibt_ws/install/pibt2/share/ament_index/resource_index/package_run_dependencies/pibt2
[0.199s] -- Up-to-date: /home/venator/pil/dirac/pibt_ws/install/pibt2/share/ament_index/resource_index/parent_prefix_path/pibt2
[0.199s] -- Up-to-date: /home/venator/pil/dirac/pibt_ws/install/pibt2/share/pibt2/environment/ament_prefix_path.sh
[0.199s] -- Up-to-date: /home/venator/pil/dirac/pibt_ws/install/pibt2/share/pibt2/environment/ament_prefix_path.dsv
[0.199s] -- Up-to-date: /home/venator/pil/dirac/pibt_ws/install/pibt2/share/pibt2/environment/path.sh
[0.199s] -- Up-to-date: /home/venator/pil/dirac/pibt_ws/install/pibt2/share/pibt2/environment/path.dsv
[0.199s] -- Up-to-date: /home/venator/pil/dirac/pibt_ws/install/pibt2/share/pibt2/local_setup.bash
[0.199s] -- Up-to-date: /home/venator/pil/dirac/pibt_ws/install/pibt2/share/pibt2/local_setup.sh
[0.199s] -- Up-to-date: /home/venator/pil/dirac/pibt_ws/install/pibt2/share/pibt2/local_setup.zsh
[0.199s] -- Up-to-date: /home/venator/pil/dirac/pibt_ws/install/pibt2/share/pibt2/local_setup.dsv
[0.199s] -- Installing: /home/venator/pil/dirac/pibt_ws/install/pibt2/share/pibt2/package.dsv
[0.199s] -- Up-to-date: /home/venator/pil/dirac/pibt_ws/install/pibt2/share/ament_index/resource_index/packages/pibt2
[0.200s] -- Up-to-date: /home/venator/pil/dirac/pibt_ws/install/pibt2/share/pibt2/cmake/pibt2Config.cmake
[0.200s] -- Up-to-date: /home/venator/pil/dirac/pibt_ws/install/pibt2/share/pibt2/cmake/pibt2Config-version.cmake
[0.200s] -- Up-to-date: /home/venator/pil/dirac/pibt_ws/install/pibt2/share/pibt2/package.xml
[0.203s] Invoked command in '/home/venator/pil/dirac/pibt_ws/build/pibt2' returned '0': /usr/bin/cmake --install /home/venator/pil/dirac/pibt_ws/build/pibt2
