[0.069s] DEBUG:colcon:Command line arguments: ['/usr/bin/colcon', 'build']
[0.069s] DEBUG:colcon:Parsed command line arguments: Namespace(log_base=None, log_level=None, verb_name='build', build_base='build', install_base='install', merge_install=False, symlink_install=False, test_result_base=None, continue_on_error=False, executor='parallel', parallel_workers=6, event_handlers=None, ignore_user_meta=False, metas=['./colcon.meta'], base_paths=['.'], packages_ignore=None, packages_ignore_regex=None, paths=None, packages_up_to=None, packages_up_to_regex=None, packages_above=None, packages_above_and_dependencies=None, packages_above_depth=None, packages_select_by_dep=None, packages_skip_by_dep=None, packages_skip_up_to=None, packages_select_build_failed=False, packages_skip_build_finished=False, packages_select_test_failures=False, packages_skip_test_passed=False, packages_select=None, packages_skip=None, packages_select_regex=None, packages_skip_regex=None, packages_start=None, packages_end=None, allow_overriding=[], cmake_args=None, cmake_target=None, cmake_target_skip_unavailable=False, cmake_clean_cache=False, cmake_clean_first=False, cmake_force_configure=False, ament_cmake_args=None, catkin_cmake_args=None, catkin_skip_building_tests=False, mixin_files=None, mixin=None, verb_parser=<colcon_mixin.mixin.mixin_argument.MixinArgumentDecorator object at 0x7b1eb8c55c30>, verb_extension=<colcon_core.verb.build.BuildVerb object at 0x7b1eb8dcb280>, main=<bound method BuildVerb.main of <colcon_core.verb.build.BuildVerb object at 0x7b1eb8dcb280>>, mixin_verb=('build',))
[0.168s] Level 1:colcon.colcon_core.package_discovery:discover_packages(colcon_meta) check parameters
[0.168s] Level 1:colcon.colcon_core.package_discovery:discover_packages(recursive) check parameters
[0.168s] Level 1:colcon.colcon_core.package_discovery:discover_packages(ignore) check parameters
[0.168s] Level 1:colcon.colcon_core.package_discovery:discover_packages(path) check parameters
[0.168s] Level 1:colcon.colcon_core.package_discovery:discover_packages(colcon_meta) discover
[0.168s] Level 1:colcon.colcon_core.package_discovery:discover_packages(recursive) discover
[0.168s] INFO:colcon.colcon_core.package_discovery:Crawling recursively for packages in '/home/venator/pil/dirac/pibt_ws'
[0.168s] Level 1:colcon.colcon_core.package_identification:_identify(.) by extensions ['ignore', 'ignore_ament_install']
[0.168s] Level 1:colcon.colcon_core.package_identification:_identify(.) by extension 'ignore'
[0.168s] Level 1:colcon.colcon_core.package_identification:_identify(.) by extension 'ignore_ament_install'
[0.168s] Level 1:colcon.colcon_core.package_identification:_identify(.) by extensions ['colcon_pkg']
[0.168s] Level 1:colcon.colcon_core.package_identification:_identify(.) by extension 'colcon_pkg'
[0.168s] Level 1:colcon.colcon_core.package_identification:_identify(.) by extensions ['colcon_meta']
[0.168s] Level 1:colcon.colcon_core.package_identification:_identify(.) by extension 'colcon_meta'
[0.168s] Level 1:colcon.colcon_core.package_identification:_identify(.) by extensions ['ros']
[0.168s] Level 1:colcon.colcon_core.package_identification:_identify(.) by extension 'ros'
[0.175s] Level 1:colcon.colcon_core.package_identification:_identify(.) by extensions ['cmake', 'python']
[0.175s] Level 1:colcon.colcon_core.package_identification:_identify(.) by extension 'cmake'
[0.175s] Level 1:colcon.colcon_core.package_identification:_identify(.) by extension 'python'
[0.175s] Level 1:colcon.colcon_core.package_identification:_identify(.) by extensions ['python_setup_py']
[0.175s] Level 1:colcon.colcon_core.package_identification:_identify(.) by extension 'python_setup_py'
[0.175s] Level 1:colcon.colcon_core.package_identification:_identify(build) by extensions ['ignore', 'ignore_ament_install']
[0.175s] Level 1:colcon.colcon_core.package_identification:_identify(build) by extension 'ignore'
[0.175s] Level 1:colcon.colcon_core.package_identification:_identify(build) ignored
[0.175s] Level 1:colcon.colcon_core.package_identification:_identify(install) by extensions ['ignore', 'ignore_ament_install']
[0.175s] Level 1:colcon.colcon_core.package_identification:_identify(install) by extension 'ignore'
[0.175s] Level 1:colcon.colcon_core.package_identification:_identify(install) ignored
[0.175s] Level 1:colcon.colcon_core.package_identification:_identify(log) by extensions ['ignore', 'ignore_ament_install']
[0.175s] Level 1:colcon.colcon_core.package_identification:_identify(log) by extension 'ignore'
[0.175s] Level 1:colcon.colcon_core.package_identification:_identify(log) ignored
[0.175s] Level 1:colcon.colcon_core.package_identification:_identify(src) by extensions ['ignore', 'ignore_ament_install']
[0.175s] Level 1:colcon.colcon_core.package_identification:_identify(src) by extension 'ignore'
[0.176s] Level 1:colcon.colcon_core.package_identification:_identify(src) by extension 'ignore_ament_install'
[0.176s] Level 1:colcon.colcon_core.package_identification:_identify(src) by extensions ['colcon_pkg']
[0.176s] Level 1:colcon.colcon_core.package_identification:_identify(src) by extension 'colcon_pkg'
[0.176s] Level 1:colcon.colcon_core.package_identification:_identify(src) by extensions ['colcon_meta']
[0.176s] Level 1:colcon.colcon_core.package_identification:_identify(src) by extension 'colcon_meta'
[0.176s] Level 1:colcon.colcon_core.package_identification:_identify(src) by extensions ['ros']
[0.176s] Level 1:colcon.colcon_core.package_identification:_identify(src) by extension 'ros'
[0.176s] Level 1:colcon.colcon_core.package_identification:_identify(src) by extensions ['cmake', 'python']
[0.176s] Level 1:colcon.colcon_core.package_identification:_identify(src) by extension 'cmake'
[0.176s] Level 1:colcon.colcon_core.package_identification:_identify(src) by extension 'python'
[0.176s] Level 1:colcon.colcon_core.package_identification:_identify(src) by extensions ['python_setup_py']
[0.176s] Level 1:colcon.colcon_core.package_identification:_identify(src) by extension 'python_setup_py'
[0.176s] Level 1:colcon.colcon_core.package_identification:_identify(src/dracon_msgs) by extensions ['ignore', 'ignore_ament_install']
[0.176s] Level 1:colcon.colcon_core.package_identification:_identify(src/dracon_msgs) by extension 'ignore'
[0.176s] Level 1:colcon.colcon_core.package_identification:_identify(src/dracon_msgs) by extension 'ignore_ament_install'
[0.176s] Level 1:colcon.colcon_core.package_identification:_identify(src/dracon_msgs) by extensions ['colcon_pkg']
[0.176s] Level 1:colcon.colcon_core.package_identification:_identify(src/dracon_msgs) by extension 'colcon_pkg'
[0.176s] Level 1:colcon.colcon_core.package_identification:_identify(src/dracon_msgs) by extensions ['colcon_meta']
[0.176s] Level 1:colcon.colcon_core.package_identification:_identify(src/dracon_msgs) by extension 'colcon_meta'
[0.176s] Level 1:colcon.colcon_core.package_identification:_identify(src/dracon_msgs) by extensions ['ros']
[0.176s] Level 1:colcon.colcon_core.package_identification:_identify(src/dracon_msgs) by extension 'ros'
[0.177s] DEBUG:colcon.colcon_core.package_identification:Package 'src/dracon_msgs' with type 'ros.ament_cmake' and name 'dracon_msgs'
[0.178s] Level 1:colcon.colcon_core.package_identification:_identify(src/pibt2) by extensions ['ignore', 'ignore_ament_install']
[0.178s] Level 1:colcon.colcon_core.package_identification:_identify(src/pibt2) by extension 'ignore'
[0.178s] Level 1:colcon.colcon_core.package_identification:_identify(src/pibt2) by extension 'ignore_ament_install'
[0.178s] Level 1:colcon.colcon_core.package_identification:_identify(src/pibt2) by extensions ['colcon_pkg']
[0.178s] Level 1:colcon.colcon_core.package_identification:_identify(src/pibt2) by extension 'colcon_pkg'
[0.178s] Level 1:colcon.colcon_core.package_identification:_identify(src/pibt2) by extensions ['colcon_meta']
[0.178s] Level 1:colcon.colcon_core.package_identification:_identify(src/pibt2) by extension 'colcon_meta'
[0.178s] Level 1:colcon.colcon_core.package_identification:_identify(src/pibt2) by extensions ['ros']
[0.178s] Level 1:colcon.colcon_core.package_identification:_identify(src/pibt2) by extension 'ros'
[0.178s] DEBUG:colcon.colcon_core.package_identification:Package 'src/pibt2' with type 'ros.catkin' and name 'pibt2'
[0.178s] Level 1:colcon.colcon_core.package_discovery:discover_packages(recursive) using defaults
[0.178s] Level 1:colcon.colcon_core.package_discovery:discover_packages(ignore) discover
[0.178s] Level 1:colcon.colcon_core.package_discovery:discover_packages(ignore) using defaults
[0.178s] Level 1:colcon.colcon_core.package_discovery:discover_packages(path) discover
[0.178s] Level 1:colcon.colcon_core.package_discovery:discover_packages(path) using defaults
[0.198s] Level 1:colcon.colcon_core.package_discovery:discover_packages(prefix_path) check parameters
[0.198s] Level 1:colcon.colcon_core.package_discovery:discover_packages(prefix_path) discover
[0.199s] DEBUG:colcon.colcon_installed_package_information.package_discovery:Found 2 installed packages in /home/venator/pil/dirac/pibt_ws/install
[0.200s] DEBUG:colcon.colcon_installed_package_information.package_discovery:Found 278 installed packages in /opt/ros/humble
[0.200s] Level 1:colcon.colcon_core.package_discovery:discover_packages(prefix_path) using defaults
[0.222s] Level 5:colcon.colcon_core.verb:set package 'dracon_msgs' build argument 'cmake_args' from command line to 'None'
[0.222s] Level 5:colcon.colcon_core.verb:set package 'dracon_msgs' build argument 'cmake_target' from command line to 'None'
[0.222s] Level 5:colcon.colcon_core.verb:set package 'dracon_msgs' build argument 'cmake_target_skip_unavailable' from command line to 'False'
[0.222s] Level 5:colcon.colcon_core.verb:set package 'dracon_msgs' build argument 'cmake_clean_cache' from command line to 'False'
[0.222s] Level 5:colcon.colcon_core.verb:set package 'dracon_msgs' build argument 'cmake_clean_first' from command line to 'False'
[0.222s] Level 5:colcon.colcon_core.verb:set package 'dracon_msgs' build argument 'cmake_force_configure' from command line to 'False'
[0.222s] Level 5:colcon.colcon_core.verb:set package 'dracon_msgs' build argument 'ament_cmake_args' from command line to 'None'
[0.222s] Level 5:colcon.colcon_core.verb:set package 'dracon_msgs' build argument 'catkin_cmake_args' from command line to 'None'
[0.222s] Level 5:colcon.colcon_core.verb:set package 'dracon_msgs' build argument 'catkin_skip_building_tests' from command line to 'False'
[0.222s] DEBUG:colcon.colcon_core.verb:Building package 'dracon_msgs' with the following arguments: {'ament_cmake_args': None, 'build_base': '/home/venator/pil/dirac/pibt_ws/build/dracon_msgs', 'catkin_cmake_args': None, 'catkin_skip_building_tests': False, 'cmake_args': None, 'cmake_clean_cache': False, 'cmake_clean_first': False, 'cmake_force_configure': False, 'cmake_target': None, 'cmake_target_skip_unavailable': False, 'install_base': '/home/venator/pil/dirac/pibt_ws/install/dracon_msgs', 'merge_install': False, 'path': '/home/venator/pil/dirac/pibt_ws/src/dracon_msgs', 'symlink_install': False, 'test_result_base': None}
[0.222s] Level 5:colcon.colcon_core.verb:set package 'pibt2' build argument 'cmake_args' from command line to 'None'
[0.222s] Level 5:colcon.colcon_core.verb:set package 'pibt2' build argument 'cmake_target' from command line to 'None'
[0.222s] Level 5:colcon.colcon_core.verb:set package 'pibt2' build argument 'cmake_target_skip_unavailable' from command line to 'False'
[0.222s] Level 5:colcon.colcon_core.verb:set package 'pibt2' build argument 'cmake_clean_cache' from command line to 'False'
[0.222s] Level 5:colcon.colcon_core.verb:set package 'pibt2' build argument 'cmake_clean_first' from command line to 'False'
[0.222s] Level 5:colcon.colcon_core.verb:set package 'pibt2' build argument 'cmake_force_configure' from command line to 'False'
[0.222s] Level 5:colcon.colcon_core.verb:set package 'pibt2' build argument 'ament_cmake_args' from command line to 'None'
[0.222s] Level 5:colcon.colcon_core.verb:set package 'pibt2' build argument 'catkin_cmake_args' from command line to 'None'
[0.222s] Level 5:colcon.colcon_core.verb:set package 'pibt2' build argument 'catkin_skip_building_tests' from command line to 'False'
[0.222s] DEBUG:colcon.colcon_core.verb:Building package 'pibt2' with the following arguments: {'ament_cmake_args': None, 'build_base': '/home/venator/pil/dirac/pibt_ws/build/pibt2', 'catkin_cmake_args': None, 'catkin_skip_building_tests': False, 'cmake_args': None, 'cmake_clean_cache': False, 'cmake_clean_first': False, 'cmake_force_configure': False, 'cmake_target': None, 'cmake_target_skip_unavailable': False, 'install_base': '/home/venator/pil/dirac/pibt_ws/install/pibt2', 'merge_install': False, 'path': '/home/venator/pil/dirac/pibt_ws/src/pibt2', 'symlink_install': False, 'test_result_base': None}
[0.222s] INFO:colcon.colcon_core.executor:Executing jobs using 'parallel' executor
[0.223s] DEBUG:colcon.colcon_parallel_executor.executor.parallel:run_until_complete
[0.223s] INFO:colcon.colcon_ros.task.ament_cmake.build:Building ROS package in '/home/venator/pil/dirac/pibt_ws/src/dracon_msgs' with build type 'ament_cmake'
[0.223s] INFO:colcon.colcon_cmake.task.cmake.build:Building CMake package in '/home/venator/pil/dirac/pibt_ws/src/dracon_msgs'
[0.224s] INFO:colcon.colcon_core.plugin_system:Skipping extension 'colcon_core.shell.bat': Not used on non-Windows systems
[0.224s] INFO:colcon.colcon_core.shell:Skip shell extension 'powershell' for command environment: Not usable outside of PowerShell
[0.224s] DEBUG:colcon.colcon_core.shell:Skip shell extension 'dsv' for command environment
[0.226s] INFO:colcon.colcon_ros.task.catkin.build:Building ROS package in '/home/venator/pil/dirac/pibt_ws/src/pibt2' with build type 'catkin'
[0.227s] INFO:colcon.colcon_cmake.task.cmake.build:Building CMake package in '/home/venator/pil/dirac/pibt_ws/src/pibt2'
[0.227s] INFO:colcon.colcon_core.shell:Skip shell extension 'powershell' for command environment: Not usable outside of PowerShell
[0.227s] DEBUG:colcon.colcon_core.shell:Skip shell extension 'dsv' for command environment
[0.236s] DEBUG:colcon.colcon_core.event_handler.log_command:Invoking command in '/home/venator/pil/dirac/pibt_ws/build/dracon_msgs': CMAKE_PREFIX_PATH=/opt/ros/humble:${CMAKE_PREFIX_PATH} /usr/bin/cmake --build /home/venator/pil/dirac/pibt_ws/build/dracon_msgs -- -j6 -l6
[0.242s] DEBUG:colcon.colcon_core.event_handler.log_command:Invoking command in '/home/venator/pil/dirac/pibt_ws/build/pibt2': /usr/bin/cmake --build /home/venator/pil/dirac/pibt_ws/build/pibt2 -- -j6 -l6
[0.372s] DEBUG:colcon.colcon_core.event_handler.log_command:Invoked command in '/home/venator/pil/dirac/pibt_ws/build/pibt2' returned '0': /usr/bin/cmake --build /home/venator/pil/dirac/pibt_ws/build/pibt2 -- -j6 -l6
[0.406s] DEBUG:colcon.colcon_core.event_handler.log_command:Invoking command in '/home/venator/pil/dirac/pibt_ws/build/pibt2': /usr/bin/cmake --install /home/venator/pil/dirac/pibt_ws/build/pibt2
[0.427s] Level 1:colcon.colcon_core.shell:create_environment_hook('pibt2', 'ros_package_path')
[0.428s] INFO:colcon.colcon_core.shell:Creating environment hook '/home/venator/pil/dirac/pibt_ws/install/pibt2/share/pibt2/hook/ros_package_path.ps1'
[0.428s] INFO:colcon.colcon_core.shell:Creating environment descriptor '/home/venator/pil/dirac/pibt_ws/install/pibt2/share/pibt2/hook/ros_package_path.dsv'
[0.428s] INFO:colcon.colcon_core.shell:Creating environment hook '/home/venator/pil/dirac/pibt_ws/install/pibt2/share/pibt2/hook/ros_package_path.sh'
[0.429s] Level 1:colcon.colcon_core.shell:create_environment_hook('pibt2', 'pkg_config_path')
[0.429s] INFO:colcon.colcon_core.shell:Creating environment hook '/home/venator/pil/dirac/pibt_ws/install/pibt2/share/pibt2/hook/pkg_config_path.ps1'
[0.429s] INFO:colcon.colcon_core.shell:Creating environment descriptor '/home/venator/pil/dirac/pibt_ws/install/pibt2/share/pibt2/hook/pkg_config_path.dsv'
[0.429s] INFO:colcon.colcon_core.shell:Creating environment hook '/home/venator/pil/dirac/pibt_ws/install/pibt2/share/pibt2/hook/pkg_config_path.sh'
[0.430s] DEBUG:colcon.colcon_core.event_handler.log_command:Invoked command in '/home/venator/pil/dirac/pibt_ws/build/pibt2' returned '0': /usr/bin/cmake --install /home/venator/pil/dirac/pibt_ws/build/pibt2
[0.448s] Level 1:colcon.colcon_core.shell:create_environment_hook('pibt2', 'pkg_config_path_multiarch')
[0.449s] INFO:colcon.colcon_core.shell:Creating environment hook '/home/venator/pil/dirac/pibt_ws/install/pibt2/share/pibt2/hook/pkg_config_path_multiarch.ps1'
[0.449s] INFO:colcon.colcon_core.shell:Creating environment descriptor '/home/venator/pil/dirac/pibt_ws/install/pibt2/share/pibt2/hook/pkg_config_path_multiarch.dsv'
[0.449s] INFO:colcon.colcon_core.shell:Creating environment hook '/home/venator/pil/dirac/pibt_ws/install/pibt2/share/pibt2/hook/pkg_config_path_multiarch.sh'
[0.450s] Level 1:colcon.colcon_core.environment:create_environment_scripts_only(pibt2)
[0.451s] Level 1:colcon.colcon_core.environment:checking '/home/venator/pil/dirac/pibt_ws/install/pibt2' for CMake module files
[0.452s] Level 1:colcon.colcon_core.environment:checking '/home/venator/pil/dirac/pibt_ws/install/pibt2' for CMake config files
[0.452s] Level 1:colcon.colcon_core.shell:create_environment_hook('pibt2', 'cmake_prefix_path')
[0.452s] INFO:colcon.colcon_core.shell:Creating environment hook '/home/venator/pil/dirac/pibt_ws/install/pibt2/share/pibt2/hook/cmake_prefix_path.ps1'
[0.452s] INFO:colcon.colcon_core.shell:Creating environment descriptor '/home/venator/pil/dirac/pibt_ws/install/pibt2/share/pibt2/hook/cmake_prefix_path.dsv'
[0.453s] INFO:colcon.colcon_core.shell:Creating environment hook '/home/venator/pil/dirac/pibt_ws/install/pibt2/share/pibt2/hook/cmake_prefix_path.sh'
[0.453s] Level 1:colcon.colcon_core.environment:checking '/home/venator/pil/dirac/pibt_ws/install/pibt2/bin'
[0.453s] Level 1:colcon.colcon_core.environment:checking '/home/venator/pil/dirac/pibt_ws/install/pibt2/lib/pkgconfig/pibt2.pc'
[0.453s] Level 1:colcon.colcon_core.environment:checking '/home/venator/pil/dirac/pibt_ws/install/pibt2/lib/python3.10/site-packages'
[0.453s] Level 1:colcon.colcon_core.environment:checking '/home/venator/pil/dirac/pibt_ws/install/pibt2/bin'
[0.454s] INFO:colcon.colcon_core.shell:Creating package script '/home/venator/pil/dirac/pibt_ws/install/pibt2/share/pibt2/package.ps1'
[0.454s] INFO:colcon.colcon_core.shell:Creating package descriptor '/home/venator/pil/dirac/pibt_ws/install/pibt2/share/pibt2/package.dsv'
[0.455s] INFO:colcon.colcon_core.shell:Creating package script '/home/venator/pil/dirac/pibt_ws/install/pibt2/share/pibt2/package.sh'
[0.455s] INFO:colcon.colcon_core.shell:Creating package script '/home/venator/pil/dirac/pibt_ws/install/pibt2/share/pibt2/package.bash'
[0.455s] INFO:colcon.colcon_core.shell:Creating package script '/home/venator/pil/dirac/pibt_ws/install/pibt2/share/pibt2/package.zsh'
[0.456s] Level 1:colcon.colcon_core.environment:create_file_with_runtime_dependencies(/home/venator/pil/dirac/pibt_ws/install/pibt2/share/colcon-core/packages/pibt2)
[0.672s] DEBUG:colcon.colcon_core.event_handler.log_command:Invoked command in '/home/venator/pil/dirac/pibt_ws/build/dracon_msgs' returned '0': CMAKE_PREFIX_PATH=/opt/ros/humble:${CMAKE_PREFIX_PATH} /usr/bin/cmake --build /home/venator/pil/dirac/pibt_ws/build/dracon_msgs -- -j6 -l6
[0.673s] DEBUG:colcon.colcon_core.event_handler.log_command:Invoking command in '/home/venator/pil/dirac/pibt_ws/build/dracon_msgs': CMAKE_PREFIX_PATH=/opt/ros/humble:${CMAKE_PREFIX_PATH} /usr/bin/cmake --install /home/venator/pil/dirac/pibt_ws/build/dracon_msgs
[0.714s] Level 1:colcon.colcon_core.environment:create_environment_scripts_only(dracon_msgs)
[0.715s] Level 1:colcon.colcon_core.environment:checking '/home/venator/pil/dirac/pibt_ws/install/dracon_msgs' for CMake module files
[0.715s] DEBUG:colcon.colcon_core.event_handler.log_command:Invoked command in '/home/venator/pil/dirac/pibt_ws/build/dracon_msgs' returned '0': CMAKE_PREFIX_PATH=/opt/ros/humble:${CMAKE_PREFIX_PATH} /usr/bin/cmake --install /home/venator/pil/dirac/pibt_ws/build/dracon_msgs
[0.715s] Level 1:colcon.colcon_core.environment:checking '/home/venator/pil/dirac/pibt_ws/install/dracon_msgs' for CMake config files
[0.716s] Level 1:colcon.colcon_core.shell:create_environment_hook('dracon_msgs', 'cmake_prefix_path')
[0.716s] INFO:colcon.colcon_core.shell:Creating environment hook '/home/venator/pil/dirac/pibt_ws/install/dracon_msgs/share/dracon_msgs/hook/cmake_prefix_path.ps1'
[0.716s] INFO:colcon.colcon_core.shell:Creating environment descriptor '/home/venator/pil/dirac/pibt_ws/install/dracon_msgs/share/dracon_msgs/hook/cmake_prefix_path.dsv'
[0.716s] INFO:colcon.colcon_core.shell:Creating environment hook '/home/venator/pil/dirac/pibt_ws/install/dracon_msgs/share/dracon_msgs/hook/cmake_prefix_path.sh'
[0.717s] Level 1:colcon.colcon_core.environment:checking '/home/venator/pil/dirac/pibt_ws/install/dracon_msgs/lib'
[0.717s] Level 1:colcon.colcon_core.shell:create_environment_hook('dracon_msgs', 'ld_library_path_lib')
[0.717s] INFO:colcon.colcon_core.shell:Creating environment hook '/home/venator/pil/dirac/pibt_ws/install/dracon_msgs/share/dracon_msgs/hook/ld_library_path_lib.ps1'
[0.717s] INFO:colcon.colcon_core.shell:Creating environment descriptor '/home/venator/pil/dirac/pibt_ws/install/dracon_msgs/share/dracon_msgs/hook/ld_library_path_lib.dsv'
[0.717s] INFO:colcon.colcon_core.shell:Creating environment hook '/home/venator/pil/dirac/pibt_ws/install/dracon_msgs/share/dracon_msgs/hook/ld_library_path_lib.sh'
[0.717s] Level 1:colcon.colcon_core.environment:checking '/home/venator/pil/dirac/pibt_ws/install/dracon_msgs/bin'
[0.718s] Level 1:colcon.colcon_core.environment:checking '/home/venator/pil/dirac/pibt_ws/install/dracon_msgs/lib/pkgconfig/dracon_msgs.pc'
[0.718s] Level 1:colcon.colcon_core.environment:checking '/home/venator/pil/dirac/pibt_ws/install/dracon_msgs/lib/python3.10/site-packages'
[0.718s] Level 1:colcon.colcon_core.environment:checking '/home/venator/pil/dirac/pibt_ws/install/dracon_msgs/bin'
[0.718s] INFO:colcon.colcon_core.shell:Creating package script '/home/venator/pil/dirac/pibt_ws/install/dracon_msgs/share/dracon_msgs/package.ps1'
[0.718s] INFO:colcon.colcon_core.shell:Creating package descriptor '/home/venator/pil/dirac/pibt_ws/install/dracon_msgs/share/dracon_msgs/package.dsv'
[0.719s] INFO:colcon.colcon_core.shell:Creating package script '/home/venator/pil/dirac/pibt_ws/install/dracon_msgs/share/dracon_msgs/package.sh'
[0.719s] INFO:colcon.colcon_core.shell:Creating package script '/home/venator/pil/dirac/pibt_ws/install/dracon_msgs/share/dracon_msgs/package.bash'
[0.719s] INFO:colcon.colcon_core.shell:Creating package script '/home/venator/pil/dirac/pibt_ws/install/dracon_msgs/share/dracon_msgs/package.zsh'
[0.719s] Level 1:colcon.colcon_core.environment:create_file_with_runtime_dependencies(/home/venator/pil/dirac/pibt_ws/install/dracon_msgs/share/colcon-core/packages/dracon_msgs)
[0.720s] Level 1:colcon.colcon_core.environment:create_environment_scripts_only(dracon_msgs)
[0.720s] Level 1:colcon.colcon_core.environment:checking '/home/venator/pil/dirac/pibt_ws/install/dracon_msgs' for CMake module files
[0.720s] Level 1:colcon.colcon_core.environment:checking '/home/venator/pil/dirac/pibt_ws/install/dracon_msgs' for CMake config files
[0.720s] Level 1:colcon.colcon_core.shell:create_environment_hook('dracon_msgs', 'cmake_prefix_path')
[0.720s] INFO:colcon.colcon_core.shell:Creating environment hook '/home/venator/pil/dirac/pibt_ws/install/dracon_msgs/share/dracon_msgs/hook/cmake_prefix_path.ps1'
[0.721s] INFO:colcon.colcon_core.shell:Creating environment descriptor '/home/venator/pil/dirac/pibt_ws/install/dracon_msgs/share/dracon_msgs/hook/cmake_prefix_path.dsv'
[0.721s] INFO:colcon.colcon_core.shell:Creating environment hook '/home/venator/pil/dirac/pibt_ws/install/dracon_msgs/share/dracon_msgs/hook/cmake_prefix_path.sh'
[0.721s] Level 1:colcon.colcon_core.environment:checking '/home/venator/pil/dirac/pibt_ws/install/dracon_msgs/lib'
[0.721s] Level 1:colcon.colcon_core.shell:create_environment_hook('dracon_msgs', 'ld_library_path_lib')
[0.721s] INFO:colcon.colcon_core.shell:Creating environment hook '/home/venator/pil/dirac/pibt_ws/install/dracon_msgs/share/dracon_msgs/hook/ld_library_path_lib.ps1'
[0.721s] INFO:colcon.colcon_core.shell:Creating environment descriptor '/home/venator/pil/dirac/pibt_ws/install/dracon_msgs/share/dracon_msgs/hook/ld_library_path_lib.dsv'
[0.722s] INFO:colcon.colcon_core.shell:Creating environment hook '/home/venator/pil/dirac/pibt_ws/install/dracon_msgs/share/dracon_msgs/hook/ld_library_path_lib.sh'
[0.722s] Level 1:colcon.colcon_core.environment:checking '/home/venator/pil/dirac/pibt_ws/install/dracon_msgs/bin'
[0.722s] Level 1:colcon.colcon_core.environment:checking '/home/venator/pil/dirac/pibt_ws/install/dracon_msgs/lib/pkgconfig/dracon_msgs.pc'
[0.722s] Level 1:colcon.colcon_core.environment:checking '/home/venator/pil/dirac/pibt_ws/install/dracon_msgs/lib/python3.10/site-packages'
[0.722s] Level 1:colcon.colcon_core.environment:checking '/home/venator/pil/dirac/pibt_ws/install/dracon_msgs/bin'
[0.722s] INFO:colcon.colcon_core.shell:Creating package script '/home/venator/pil/dirac/pibt_ws/install/dracon_msgs/share/dracon_msgs/package.ps1'
[0.723s] INFO:colcon.colcon_core.shell:Creating package descriptor '/home/venator/pil/dirac/pibt_ws/install/dracon_msgs/share/dracon_msgs/package.dsv'
[0.723s] INFO:colcon.colcon_core.shell:Creating package script '/home/venator/pil/dirac/pibt_ws/install/dracon_msgs/share/dracon_msgs/package.sh'
[0.723s] INFO:colcon.colcon_core.shell:Creating package script '/home/venator/pil/dirac/pibt_ws/install/dracon_msgs/share/dracon_msgs/package.bash'
[0.724s] INFO:colcon.colcon_core.shell:Creating package script '/home/venator/pil/dirac/pibt_ws/install/dracon_msgs/share/dracon_msgs/package.zsh'
[0.724s] Level 1:colcon.colcon_core.environment:create_file_with_runtime_dependencies(/home/venator/pil/dirac/pibt_ws/install/dracon_msgs/share/colcon-core/packages/dracon_msgs)
[0.724s] DEBUG:colcon.colcon_parallel_executor.executor.parallel:closing loop
[0.724s] DEBUG:colcon.colcon_parallel_executor.executor.parallel:loop closed
[0.724s] DEBUG:colcon.colcon_parallel_executor.executor.parallel:run_until_complete finished with '0'
[0.724s] DEBUG:colcon.colcon_core.event_reactor:joining thread
[0.728s] INFO:colcon.colcon_core.plugin_system:Skipping extension 'colcon_notification.desktop_notification.terminal_notifier': Not used on non-Darwin systems
[0.728s] INFO:colcon.colcon_core.plugin_system:Skipping extension 'colcon_notification.desktop_notification.win32': Not used on non-Windows systems
[0.728s] INFO:colcon.colcon_notification.desktop_notification:Sending desktop notification using 'notify2'
[0.735s] DEBUG:colcon.colcon_core.event_reactor:joined thread
[0.735s] INFO:colcon.colcon_core.shell:Creating prefix script '/home/venator/pil/dirac/pibt_ws/install/local_setup.ps1'
[0.736s] INFO:colcon.colcon_core.shell:Creating prefix util module '/home/venator/pil/dirac/pibt_ws/install/_local_setup_util_ps1.py'
[0.737s] INFO:colcon.colcon_core.shell:Creating prefix chain script '/home/venator/pil/dirac/pibt_ws/install/setup.ps1'
[0.738s] INFO:colcon.colcon_core.shell:Creating prefix script '/home/venator/pil/dirac/pibt_ws/install/local_setup.sh'
[0.738s] INFO:colcon.colcon_core.shell:Creating prefix util module '/home/venator/pil/dirac/pibt_ws/install/_local_setup_util_sh.py'
[0.739s] INFO:colcon.colcon_core.shell:Creating prefix chain script '/home/venator/pil/dirac/pibt_ws/install/setup.sh'
[0.739s] INFO:colcon.colcon_core.shell:Creating prefix script '/home/venator/pil/dirac/pibt_ws/install/local_setup.bash'
[0.740s] INFO:colcon.colcon_core.shell:Creating prefix chain script '/home/venator/pil/dirac/pibt_ws/install/setup.bash'
[0.740s] INFO:colcon.colcon_core.shell:Creating prefix script '/home/venator/pil/dirac/pibt_ws/install/local_setup.zsh'
[0.740s] INFO:colcon.colcon_core.shell:Creating prefix chain script '/home/venator/pil/dirac/pibt_ws/install/setup.zsh'
